CRITICAL - 2022-02-21 09:31:21 --> View themes, no current section.
#0 C:\xampp\htdocs\ikarisma\app\Views\pages\home.php(4): CodeIgniter\View\View->endSection()
#1 C:\xampp\htdocs\ikarisma\vendor\codeigniter4\framework\system\View\View.php(210): include('C:\\xampp\\htdocs...')
#2 C:\xampp\htdocs\ikarisma\vendor\codeigniter4\framework\system\View\View.php(213): CodeIgniter\View\View->CodeIgniter\View\{closure}()
#3 C:\xampp\htdocs\ikarisma\vendor\codeigniter4\framework\system\Common.php(1089): CodeIgniter\View\View->render('pages/home', Array, true)
#4 C:\xampp\htdocs\ikarisma\app\Controllers\Pages.php(9): view('pages/home')
#5 C:\xampp\htdocs\ikarisma\vendor\codeigniter4\framework\system\CodeIgniter.php(825): App\Controllers\Pages->index()
#6 C:\xampp\htdocs\ikarisma\vendor\codeigniter4\framework\system\CodeIgniter.php(412): CodeIgniter\CodeIgniter->runController(Object(App\Controllers\Pages))
#7 C:\xampp\htdocs\ikarisma\vendor\codeigniter4\framework\system\CodeIgniter.php(320): CodeIgniter\CodeIgniter->handleRequest(NULL, Object(Config\Cache), false)
#8 C:\xampp\htdocs\ikarisma\public\index.php(37): CodeIgniter\CodeIgniter->run()
#9 C:\xampp\htdocs\ikarisma\vendor\codeigniter4\framework\system\Commands\Server\rewrite.php(43): require_once('C:\\xampp\\htdocs...')
#10 {main}
CRITICAL - 2022-02-21 09:36:53 --> View themes, no current section.
#0 C:\xampp\htdocs\ikarisma\app\Views\pages\home.php(4): CodeIgniter\View\View->endSection()
#1 C:\xampp\htdocs\ikarisma\vendor\codeigniter4\framework\system\View\View.php(210): include('C:\\xampp\\htdocs...')
#2 C:\xampp\htdocs\ikarisma\vendor\codeigniter4\framework\system\View\View.php(213): CodeIgniter\View\View->CodeIgniter\View\{closure}()
#3 C:\xampp\htdocs\ikarisma\vendor\codeigniter4\framework\system\Common.php(1089): CodeIgniter\View\View->render('pages/home', Array, true)
#4 C:\xampp\htdocs\ikarisma\app\Controllers\Pages.php(9): view('pages/home')
#5 C:\xampp\htdocs\ikarisma\vendor\codeigniter4\framework\system\CodeIgniter.php(825): App\Controllers\Pages->index()
#6 C:\xampp\htdocs\ikarisma\vendor\codeigniter4\framework\system\CodeIgniter.php(412): CodeIgniter\CodeIgniter->runController(Object(App\Controllers\Pages))
#7 C:\xampp\htdocs\ikarisma\vendor\codeigniter4\framework\system\CodeIgniter.php(320): CodeIgniter\CodeIgniter->handleRequest(NULL, Object(Config\Cache), false)
#8 C:\xampp\htdocs\ikarisma\public\index.php(37): CodeIgniter\CodeIgniter->run()
#9 C:\xampp\htdocs\ikarisma\vendor\codeigniter4\framework\system\Commands\Server\rewrite.php(43): require_once('C:\\xampp\\htdocs...')
#10 {main}
CRITICAL - 2022-02-21 09:36:56 --> View themes, no current section.
#0 C:\xampp\htdocs\ikarisma\app\Views\pages\home.php(4): CodeIgniter\View\View->endSection()
#1 C:\xampp\htdocs\ikarisma\vendor\codeigniter4\framework\system\View\View.php(210): include('C:\\xampp\\htdocs...')
#2 C:\xampp\htdocs\ikarisma\vendor\codeigniter4\framework\system\View\View.php(213): CodeIgniter\View\View->CodeIgniter\View\{closure}()
#3 C:\xampp\htdocs\ikarisma\vendor\codeigniter4\framework\system\Common.php(1089): CodeIgniter\View\View->render('pages/home', Array, true)
#4 C:\xampp\htdocs\ikarisma\app\Controllers\Pages.php(9): view('pages/home')
#5 C:\xampp\htdocs\ikarisma\vendor\codeigniter4\framework\system\CodeIgniter.php(825): App\Controllers\Pages->index()
#6 C:\xampp\htdocs\ikarisma\vendor\codeigniter4\framework\system\CodeIgniter.php(412): CodeIgniter\CodeIgniter->runController(Object(App\Controllers\Pages))
#7 C:\xampp\htdocs\ikarisma\vendor\codeigniter4\framework\system\CodeIgniter.php(320): CodeIgniter\CodeIgniter->handleRequest(NULL, Object(Config\Cache), false)
#8 C:\xampp\htdocs\ikarisma\public\index.php(37): CodeIgniter\CodeIgniter->run()
#9 C:\xampp\htdocs\ikarisma\vendor\codeigniter4\framework\system\Commands\Server\rewrite.php(43): require_once('C:\\xampp\\htdocs...')
#10 {main}
CRITICAL - 2022-02-21 09:38:39 --> View themes, no current section.
#0 C:\xampp\htdocs\ikarisma\app\Views\pages\home.php(4): CodeIgniter\View\View->endSection()
#1 C:\xampp\htdocs\ikarisma\vendor\codeigniter4\framework\system\View\View.php(210): include('C:\\xampp\\htdocs...')
#2 C:\xampp\htdocs\ikarisma\vendor\codeigniter4\framework\system\View\View.php(213): CodeIgniter\View\View->CodeIgniter\View\{closure}()
#3 C:\xampp\htdocs\ikarisma\vendor\codeigniter4\framework\system\Common.php(1089): CodeIgniter\View\View->render('pages/home', Array, true)
#4 C:\xampp\htdocs\ikarisma\app\Controllers\Pages.php(9): view('pages/home')
#5 C:\xampp\htdocs\ikarisma\vendor\codeigniter4\framework\system\CodeIgniter.php(825): App\Controllers\Pages->index()
#6 C:\xampp\htdocs\ikarisma\vendor\codeigniter4\framework\system\CodeIgniter.php(412): CodeIgniter\CodeIgniter->runController(Object(App\Controllers\Pages))
#7 C:\xampp\htdocs\ikarisma\vendor\codeigniter4\framework\system\CodeIgniter.php(320): CodeIgniter\CodeIgniter->handleRequest(NULL, Object(Config\Cache), false)
#8 C:\xampp\htdocs\ikarisma\public\index.php(37): CodeIgniter\CodeIgniter->run()
#9 C:\xampp\htdocs\ikarisma\vendor\codeigniter4\framework\system\Commands\Server\rewrite.php(43): require_once('C:\\xampp\\htdocs...')
#10 {main}
CRITICAL - 2022-02-21 09:39:40 --> View themes, no current section.
#0 C:\xampp\htdocs\ikarisma\app\Views\pages\home.php(10): CodeIgniter\View\View->endSection()
#1 C:\xampp\htdocs\ikarisma\vendor\codeigniter4\framework\system\View\View.php(210): include('C:\\xampp\\htdocs...')
#2 C:\xampp\htdocs\ikarisma\vendor\codeigniter4\framework\system\View\View.php(213): CodeIgniter\View\View->CodeIgniter\View\{closure}()
#3 C:\xampp\htdocs\ikarisma\vendor\codeigniter4\framework\system\Common.php(1089): CodeIgniter\View\View->render('pages/home', Array, true)
#4 C:\xampp\htdocs\ikarisma\app\Controllers\Pages.php(9): view('pages/home')
#5 C:\xampp\htdocs\ikarisma\vendor\codeigniter4\framework\system\CodeIgniter.php(825): App\Controllers\Pages->index()
#6 C:\xampp\htdocs\ikarisma\vendor\codeigniter4\framework\system\CodeIgniter.php(412): CodeIgniter\CodeIgniter->runController(Object(App\Controllers\Pages))
#7 C:\xampp\htdocs\ikarisma\vendor\codeigniter4\framework\system\CodeIgniter.php(320): CodeIgniter\CodeIgniter->handleRequest(NULL, Object(Config\Cache), false)
#8 C:\xampp\htdocs\ikarisma\public\index.php(37): CodeIgniter\CodeIgniter->run()
#9 C:\xampp\htdocs\ikarisma\vendor\codeigniter4\framework\system\Commands\Server\rewrite.php(43): require_once('C:\\xampp\\htdocs...')
#10 {main}
CRITICAL - 2022-02-21 09:41:42 --> View themes, no current section.
#0 C:\xampp\htdocs\ikarisma\app\Views\pages\home.php(9): CodeIgniter\View\View->endSection()
#1 C:\xampp\htdocs\ikarisma\vendor\codeigniter4\framework\system\View\View.php(210): include('C:\\xampp\\htdocs...')
#2 C:\xampp\htdocs\ikarisma\vendor\codeigniter4\framework\system\View\View.php(213): CodeIgniter\View\View->CodeIgniter\View\{closure}()
#3 C:\xampp\htdocs\ikarisma\vendor\codeigniter4\framework\system\Common.php(1089): CodeIgniter\View\View->render('pages/home', Array, true)
#4 C:\xampp\htdocs\ikarisma\app\Controllers\Pages.php(9): view('pages/home')
#5 C:\xampp\htdocs\ikarisma\vendor\codeigniter4\framework\system\CodeIgniter.php(825): App\Controllers\Pages->index()
#6 C:\xampp\htdocs\ikarisma\vendor\codeigniter4\framework\system\CodeIgniter.php(412): CodeIgniter\CodeIgniter->runController(Object(App\Controllers\Pages))
#7 C:\xampp\htdocs\ikarisma\vendor\codeigniter4\framework\system\CodeIgniter.php(320): CodeIgniter\CodeIgniter->handleRequest(NULL, Object(Config\Cache), false)
#8 C:\xampp\htdocs\ikarisma\public\index.php(37): CodeIgniter\CodeIgniter->run()
#9 C:\xampp\htdocs\ikarisma\vendor\codeigniter4\framework\system\Commands\Server\rewrite.php(43): require_once('C:\\xampp\\htdocs...')
#10 {main}
CRITICAL - 2022-02-21 09:42:05 --> View themes, no current section.
#0 C:\xampp\htdocs\ikarisma\app\Views\pages\home.php(9): CodeIgniter\View\View->endSection()
#1 C:\xampp\htdocs\ikarisma\vendor\codeigniter4\framework\system\View\View.php(210): include('C:\\xampp\\htdocs...')
#2 C:\xampp\htdocs\ikarisma\vendor\codeigniter4\framework\system\View\View.php(213): CodeIgniter\View\View->CodeIgniter\View\{closure}()
#3 C:\xampp\htdocs\ikarisma\vendor\codeigniter4\framework\system\Common.php(1089): CodeIgniter\View\View->render('pages/home', Array, true)
#4 C:\xampp\htdocs\ikarisma\app\Controllers\Pages.php(9): view('pages/home')
#5 C:\xampp\htdocs\ikarisma\vendor\codeigniter4\framework\system\CodeIgniter.php(825): App\Controllers\Pages->index()
#6 C:\xampp\htdocs\ikarisma\vendor\codeigniter4\framework\system\CodeIgniter.php(412): CodeIgniter\CodeIgniter->runController(Object(App\Controllers\Pages))
#7 C:\xampp\htdocs\ikarisma\vendor\codeigniter4\framework\system\CodeIgniter.php(320): CodeIgniter\CodeIgniter->handleRequest(NULL, Object(Config\Cache), false)
#8 C:\xampp\htdocs\ikarisma\public\index.php(37): CodeIgniter\CodeIgniter->run()
#9 C:\xampp\htdocs\ikarisma\vendor\codeigniter4\framework\system\Commands\Server\rewrite.php(43): require_once('C:\\xampp\\htdocs...')
#10 {main}
CRITICAL - 2022-02-21 09:44:19 --> View themes, no current section.
#0 C:\xampp\htdocs\ikarisma\app\Views\pages\home.php(9): CodeIgniter\View\View->endSection()
#1 C:\xampp\htdocs\ikarisma\vendor\codeigniter4\framework\system\View\View.php(210): include('C:\\xampp\\htdocs...')
#2 C:\xampp\htdocs\ikarisma\vendor\codeigniter4\framework\system\View\View.php(213): CodeIgniter\View\View->CodeIgniter\View\{closure}()
#3 C:\xampp\htdocs\ikarisma\vendor\codeigniter4\framework\system\Common.php(1089): CodeIgniter\View\View->render('pages/home', Array, true)
#4 C:\xampp\htdocs\ikarisma\app\Controllers\Pages.php(9): view('pages/home')
#5 C:\xampp\htdocs\ikarisma\vendor\codeigniter4\framework\system\CodeIgniter.php(825): App\Controllers\Pages->index()
#6 C:\xampp\htdocs\ikarisma\vendor\codeigniter4\framework\system\CodeIgniter.php(412): CodeIgniter\CodeIgniter->runController(Object(App\Controllers\Pages))
#7 C:\xampp\htdocs\ikarisma\vendor\codeigniter4\framework\system\CodeIgniter.php(320): CodeIgniter\CodeIgniter->handleRequest(NULL, Object(Config\Cache), false)
#8 C:\xampp\htdocs\ikarisma\public\index.php(37): CodeIgniter\CodeIgniter->run()
#9 C:\xampp\htdocs\ikarisma\vendor\codeigniter4\framework\system\Commands\Server\rewrite.php(43): require_once('C:\\xampp\\htdocs...')
#10 {main}
CRITICAL - 2022-02-21 09:44:47 --> View themes, no current section.
#0 C:\xampp\htdocs\ikarisma\app\Views\pages\home.php(7): CodeIgniter\View\View->endSection()
#1 C:\xampp\htdocs\ikarisma\vendor\codeigniter4\framework\system\View\View.php(210): include('C:\\xampp\\htdocs...')
#2 C:\xampp\htdocs\ikarisma\vendor\codeigniter4\framework\system\View\View.php(213): CodeIgniter\View\View->CodeIgniter\View\{closure}()
#3 C:\xampp\htdocs\ikarisma\vendor\codeigniter4\framework\system\Common.php(1089): CodeIgniter\View\View->render('pages/home', Array, true)
#4 C:\xampp\htdocs\ikarisma\app\Controllers\Pages.php(9): view('pages/home')
#5 C:\xampp\htdocs\ikarisma\vendor\codeigniter4\framework\system\CodeIgniter.php(825): App\Controllers\Pages->index()
#6 C:\xampp\htdocs\ikarisma\vendor\codeigniter4\framework\system\CodeIgniter.php(412): CodeIgniter\CodeIgniter->runController(Object(App\Controllers\Pages))
#7 C:\xampp\htdocs\ikarisma\vendor\codeigniter4\framework\system\CodeIgniter.php(320): CodeIgniter\CodeIgniter->handleRequest(NULL, Object(Config\Cache), false)
#8 C:\xampp\htdocs\ikarisma\public\index.php(37): CodeIgniter\CodeIgniter->run()
#9 C:\xampp\htdocs\ikarisma\vendor\codeigniter4\framework\system\Commands\Server\rewrite.php(43): require_once('C:\\xampp\\htdocs...')
#10 {main}
CRITICAL - 2022-02-21 09:44:58 --> View themes, no current section.
#0 C:\xampp\htdocs\ikarisma\app\Views\pages\home.php(7): CodeIgniter\View\View->endSection()
#1 C:\xampp\htdocs\ikarisma\vendor\codeigniter4\framework\system\View\View.php(210): include('C:\\xampp\\htdocs...')
#2 C:\xampp\htdocs\ikarisma\vendor\codeigniter4\framework\system\View\View.php(213): CodeIgniter\View\View->CodeIgniter\View\{closure}()
#3 C:\xampp\htdocs\ikarisma\vendor\codeigniter4\framework\system\Common.php(1089): CodeIgniter\View\View->render('pages/home', Array, true)
#4 C:\xampp\htdocs\ikarisma\app\Controllers\Pages.php(9): view('pages/home')
#5 C:\xampp\htdocs\ikarisma\vendor\codeigniter4\framework\system\CodeIgniter.php(825): App\Controllers\Pages->index()
#6 C:\xampp\htdocs\ikarisma\vendor\codeigniter4\framework\system\CodeIgniter.php(412): CodeIgniter\CodeIgniter->runController(Object(App\Controllers\Pages))
#7 C:\xampp\htdocs\ikarisma\vendor\codeigniter4\framework\system\CodeIgniter.php(320): CodeIgniter\CodeIgniter->handleRequest(NULL, Object(Config\Cache), false)
#8 C:\xampp\htdocs\ikarisma\public\index.php(37): CodeIgniter\CodeIgniter->run()
#9 C:\xampp\htdocs\ikarisma\vendor\codeigniter4\framework\system\Commands\Server\rewrite.php(43): require_once('C:\\xampp\\htdocs...')
#10 {main}
CRITICAL - 2022-02-21 09:47:00 --> View themes, no current section.
#0 C:\xampp\htdocs\ikarisma\app\Views\pages\home.php(9): CodeIgniter\View\View->endSection('content')
#1 C:\xampp\htdocs\ikarisma\vendor\codeigniter4\framework\system\View\View.php(210): include('C:\\xampp\\htdocs...')
#2 C:\xampp\htdocs\ikarisma\vendor\codeigniter4\framework\system\View\View.php(213): CodeIgniter\View\View->CodeIgniter\View\{closure}()
#3 C:\xampp\htdocs\ikarisma\vendor\codeigniter4\framework\system\Common.php(1089): CodeIgniter\View\View->render('pages/home', Array, true)
#4 C:\xampp\htdocs\ikarisma\app\Controllers\Pages.php(9): view('pages/home')
#5 C:\xampp\htdocs\ikarisma\vendor\codeigniter4\framework\system\CodeIgniter.php(825): App\Controllers\Pages->index()
#6 C:\xampp\htdocs\ikarisma\vendor\codeigniter4\framework\system\CodeIgniter.php(412): CodeIgniter\CodeIgniter->runController(Object(App\Controllers\Pages))
#7 C:\xampp\htdocs\ikarisma\vendor\codeigniter4\framework\system\CodeIgniter.php(320): CodeIgniter\CodeIgniter->handleRequest(NULL, Object(Config\Cache), false)
#8 C:\xampp\htdocs\ikarisma\public\index.php(37): CodeIgniter\CodeIgniter->run()
#9 C:\xampp\htdocs\ikarisma\vendor\codeigniter4\framework\system\Commands\Server\rewrite.php(43): require_once('C:\\xampp\\htdocs...')
#10 {main}
CRITICAL - 2022-02-21 10:07:35 --> Invalid file: pages/ii.php
#0 C:\xampp\htdocs\ikarisma\vendor\codeigniter4\framework\system\View\View.php(198): CodeIgniter\Exceptions\FrameworkException::forInvalidFile('pages/ii.php')
#1 C:\xampp\htdocs\ikarisma\vendor\codeigniter4\framework\system\Common.php(1089): CodeIgniter\View\View->render('pages/ii', Array, true)
#2 C:\xampp\htdocs\ikarisma\app\Controllers\Pages.php(9): view('pages/ii')
#3 C:\xampp\htdocs\ikarisma\vendor\codeigniter4\framework\system\CodeIgniter.php(825): App\Controllers\Pages->index()
#4 C:\xampp\htdocs\ikarisma\vendor\codeigniter4\framework\system\CodeIgniter.php(412): CodeIgniter\CodeIgniter->runController(Object(App\Controllers\Pages))
#5 C:\xampp\htdocs\ikarisma\vendor\codeigniter4\framework\system\CodeIgniter.php(320): CodeIgniter\CodeIgniter->handleRequest(NULL, Object(Config\Cache), false)
#6 C:\xampp\htdocs\ikarisma\public\index.php(37): CodeIgniter\CodeIgniter->run()
#7 C:\xampp\htdocs\ikarisma\vendor\codeigniter4\framework\system\Commands\Server\rewrite.php(43): require_once('C:\\xampp\\htdocs...')
#8 {main}
CRITICAL - 2022-02-21 10:08:18 --> syntax error, unexpected ''pages/ii' (T_ENCAPSED_AND_WHITESPACE)
#0 C:\xampp\htdocs\ikarisma\vendor\codeigniter4\framework\system\Autoloader\Autoloader.php(241): CodeIgniter\Autoloader\Autoloader->includeFile('C:\\xampp\\htdocs...')
#1 C:\xampp\htdocs\ikarisma\vendor\codeigniter4\framework\system\Autoloader\Autoloader.php(219): CodeIgniter\Autoloader\Autoloader->loadInNamespace('App\\Controllers...')
#2 [internal function]: CodeIgniter\Autoloader\Autoloader->loadClass('App\\Controllers...')
#3 [internal function]: spl_autoload_call('App\\Controllers...')
#4 C:\xampp\htdocs\ikarisma\vendor\codeigniter4\framework\system\CodeIgniter.php(790): class_exists('\\App\\Controller...', true)
#5 C:\xampp\htdocs\ikarisma\vendor\codeigniter4\framework\system\CodeIgniter.php(399): CodeIgniter\CodeIgniter->startController()
#6 C:\xampp\htdocs\ikarisma\vendor\codeigniter4\framework\system\CodeIgniter.php(320): CodeIgniter\CodeIgniter->handleRequest(NULL, Object(Config\Cache), false)
#7 C:\xampp\htdocs\ikarisma\public\index.php(37): CodeIgniter\CodeIgniter->run()
#8 C:\xampp\htdocs\ikarisma\vendor\codeigniter4\framework\system\Commands\Server\rewrite.php(43): require_once('C:\\xampp\\htdocs...')
#9 {main}
CRITICAL - 2022-02-21 10:09:48 --> syntax error, unexpected ''pages/ii' (T_ENCAPSED_AND_WHITESPACE)
#0 C:\xampp\htdocs\ikarisma\vendor\codeigniter4\framework\system\Autoloader\Autoloader.php(241): CodeIgniter\Autoloader\Autoloader->includeFile('C:\\xampp\\htdocs...')
#1 C:\xampp\htdocs\ikarisma\vendor\codeigniter4\framework\system\Autoloader\Autoloader.php(219): CodeIgniter\Autoloader\Autoloader->loadInNamespace('App\\Controllers...')
#2 [internal function]: CodeIgniter\Autoloader\Autoloader->loadClass('App\\Controllers...')
#3 [internal function]: spl_autoload_call('App\\Controllers...')
#4 C:\xampp\htdocs\ikarisma\vendor\codeigniter4\framework\system\CodeIgniter.php(790): class_exists('\\App\\Controller...', true)
#5 C:\xampp\htdocs\ikarisma\vendor\codeigniter4\framework\system\CodeIgniter.php(399): CodeIgniter\CodeIgniter->startController()
#6 C:\xampp\htdocs\ikarisma\vendor\codeigniter4\framework\system\CodeIgniter.php(320): CodeIgniter\CodeIgniter->handleRequest(NULL, Object(Config\Cache), false)
#7 C:\xampp\htdocs\ikarisma\public\index.php(37): CodeIgniter\CodeIgniter->run()
#8 C:\xampp\htdocs\ikarisma\vendor\codeigniter4\framework\system\Commands\Server\rewrite.php(43): require_once('C:\\xampp\\htdocs...')
#9 {main}
CRITICAL - 2022-02-21 10:09:57 --> syntax error, unexpected ''pages/ii' (T_ENCAPSED_AND_WHITESPACE)
#0 C:\xampp\htdocs\ikarisma\vendor\codeigniter4\framework\system\Autoloader\Autoloader.php(241): CodeIgniter\Autoloader\Autoloader->includeFile('C:\\xampp\\htdocs...')
#1 C:\xampp\htdocs\ikarisma\vendor\codeigniter4\framework\system\Autoloader\Autoloader.php(219): CodeIgniter\Autoloader\Autoloader->loadInNamespace('App\\Controllers...')
#2 [internal function]: CodeIgniter\Autoloader\Autoloader->loadClass('App\\Controllers...')
#3 [internal function]: spl_autoload_call('App\\Controllers...')
#4 C:\xampp\htdocs\ikarisma\vendor\codeigniter4\framework\system\CodeIgniter.php(790): class_exists('\\App\\Controller...', true)
#5 C:\xampp\htdocs\ikarisma\vendor\codeigniter4\framework\system\CodeIgniter.php(399): CodeIgniter\CodeIgniter->startController()
#6 C:\xampp\htdocs\ikarisma\vendor\codeigniter4\framework\system\CodeIgniter.php(320): CodeIgniter\CodeIgniter->handleRequest(NULL, Object(Config\Cache), false)
#7 C:\xampp\htdocs\ikarisma\public\index.php(37): CodeIgniter\CodeIgniter->run()
#8 C:\xampp\htdocs\ikarisma\vendor\codeigniter4\framework\system\Commands\Server\rewrite.php(43): require_once('C:\\xampp\\htdocs...')
#9 {main}
CRITICAL - 2022-02-21 10:12:19 --> syntax error, unexpected ''pages/ii' (T_ENCAPSED_AND_WHITESPACE)
#0 C:\xampp\htdocs\ikarisma\vendor\codeigniter4\framework\system\Autoloader\Autoloader.php(241): CodeIgniter\Autoloader\Autoloader->includeFile('C:\\xampp\\htdocs...')
#1 C:\xampp\htdocs\ikarisma\vendor\codeigniter4\framework\system\Autoloader\Autoloader.php(219): CodeIgniter\Autoloader\Autoloader->loadInNamespace('App\\Controllers...')
#2 [internal function]: CodeIgniter\Autoloader\Autoloader->loadClass('App\\Controllers...')
#3 [internal function]: spl_autoload_call('App\\Controllers...')
#4 C:\xampp\htdocs\ikarisma\vendor\codeigniter4\framework\system\CodeIgniter.php(790): class_exists('\\App\\Controller...', true)
#5 C:\xampp\htdocs\ikarisma\vendor\codeigniter4\framework\system\CodeIgniter.php(399): CodeIgniter\CodeIgniter->startController()
#6 C:\xampp\htdocs\ikarisma\vendor\codeigniter4\framework\system\CodeIgniter.php(320): CodeIgniter\CodeIgniter->handleRequest(NULL, Object(Config\Cache), false)
#7 C:\xampp\htdocs\ikarisma\public\index.php(37): CodeIgniter\CodeIgniter->run()
#8 C:\xampp\htdocs\ikarisma\vendor\codeigniter4\framework\system\Commands\Server\rewrite.php(43): require_once('C:\\xampp\\htdocs...')
#9 {main}
CRITICAL - 2022-02-21 10:12:23 --> syntax error, unexpected ''pages/ii' (T_ENCAPSED_AND_WHITESPACE)
#0 C:\xampp\htdocs\ikarisma\vendor\codeigniter4\framework\system\Autoloader\Autoloader.php(241): CodeIgniter\Autoloader\Autoloader->includeFile('C:\\xampp\\htdocs...')
#1 C:\xampp\htdocs\ikarisma\vendor\codeigniter4\framework\system\Autoloader\Autoloader.php(219): CodeIgniter\Autoloader\Autoloader->loadInNamespace('App\\Controllers...')
#2 [internal function]: CodeIgniter\Autoloader\Autoloader->loadClass('App\\Controllers...')
#3 [internal function]: spl_autoload_call('App\\Controllers...')
#4 C:\xampp\htdocs\ikarisma\vendor\codeigniter4\framework\system\CodeIgniter.php(790): class_exists('\\App\\Controller...', true)
#5 C:\xampp\htdocs\ikarisma\vendor\codeigniter4\framework\system\CodeIgniter.php(399): CodeIgniter\CodeIgniter->startController()
#6 C:\xampp\htdocs\ikarisma\vendor\codeigniter4\framework\system\CodeIgniter.php(320): CodeIgniter\CodeIgniter->handleRequest(NULL, Object(Config\Cache), false)
#7 C:\xampp\htdocs\ikarisma\public\index.php(37): CodeIgniter\CodeIgniter->run()
#8 C:\xampp\htdocs\ikarisma\vendor\codeigniter4\framework\system\Commands\Server\rewrite.php(43): require_once('C:\\xampp\\htdocs...')
#9 {main}
CRITICAL - 2022-02-21 10:17:00 --> syntax error, unexpected ''ugugug)' (T_ENCAPSED_AND_WHITESPACE)
#0 C:\xampp\htdocs\ikarisma\vendor\codeigniter4\framework\system\Autoloader\Autoloader.php(241): CodeIgniter\Autoloader\Autoloader->includeFile('C:\\xampp\\htdocs...')
#1 C:\xampp\htdocs\ikarisma\vendor\codeigniter4\framework\system\Autoloader\Autoloader.php(219): CodeIgniter\Autoloader\Autoloader->loadInNamespace('App\\Controllers...')
#2 [internal function]: CodeIgniter\Autoloader\Autoloader->loadClass('App\\Controllers...')
#3 [internal function]: spl_autoload_call('App\\Controllers...')
#4 C:\xampp\htdocs\ikarisma\vendor\codeigniter4\framework\system\CodeIgniter.php(790): class_exists('\\App\\Controller...', true)
#5 C:\xampp\htdocs\ikarisma\vendor\codeigniter4\framework\system\CodeIgniter.php(399): CodeIgniter\CodeIgniter->startController()
#6 C:\xampp\htdocs\ikarisma\vendor\codeigniter4\framework\system\CodeIgniter.php(320): CodeIgniter\CodeIgniter->handleRequest(NULL, Object(Config\Cache), false)
#7 C:\xampp\htdocs\ikarisma\public\index.php(37): CodeIgniter\CodeIgniter->run()
#8 C:\xampp\htdocs\ikarisma\vendor\codeigniter4\framework\system\Commands\Server\rewrite.php(43): require_once('C:\\xampp\\htdocs...')
#9 {main}
CRITICAL - 2022-02-21 10:17:24 --> syntax error, unexpected ''ugugug)' (T_ENCAPSED_AND_WHITESPACE)
#0 C:\xampp\htdocs\ikarisma\vendor\codeigniter4\framework\system\Autoloader\Autoloader.php(241): CodeIgniter\Autoloader\Autoloader->includeFile('C:\\xampp\\htdocs...')
#1 C:\xampp\htdocs\ikarisma\vendor\codeigniter4\framework\system\Autoloader\Autoloader.php(219): CodeIgniter\Autoloader\Autoloader->loadInNamespace('App\\Controllers...')
#2 [internal function]: CodeIgniter\Autoloader\Autoloader->loadClass('App\\Controllers...')
#3 [internal function]: spl_autoload_call('App\\Controllers...')
#4 C:\xampp\htdocs\ikarisma\vendor\codeigniter4\framework\system\CodeIgniter.php(790): class_exists('\\App\\Controller...', true)
#5 C:\xampp\htdocs\ikarisma\vendor\codeigniter4\framework\system\CodeIgniter.php(399): CodeIgniter\CodeIgniter->startController()
#6 C:\xampp\htdocs\ikarisma\vendor\codeigniter4\framework\system\CodeIgniter.php(320): CodeIgniter\CodeIgniter->handleRequest(NULL, Object(Config\Cache), false)
#7 C:\xampp\htdocs\ikarisma\public\index.php(37): CodeIgniter\CodeIgniter->run()
#8 C:\xampp\htdocs\ikarisma\vendor\codeigniter4\framework\system\Commands\Server\rewrite.php(43): require_once('C:\\xampp\\htdocs...')
#9 {main}
CRITICAL - 2022-02-21 10:17:28 --> syntax error, unexpected ''ugugug)' (T_ENCAPSED_AND_WHITESPACE)
#0 C:\xampp\htdocs\ikarisma\vendor\codeigniter4\framework\system\Autoloader\Autoloader.php(241): CodeIgniter\Autoloader\Autoloader->includeFile('C:\\xampp\\htdocs...')
#1 C:\xampp\htdocs\ikarisma\vendor\codeigniter4\framework\system\Autoloader\Autoloader.php(219): CodeIgniter\Autoloader\Autoloader->loadInNamespace('App\\Controllers...')
#2 [internal function]: CodeIgniter\Autoloader\Autoloader->loadClass('App\\Controllers...')
#3 [internal function]: spl_autoload_call('App\\Controllers...')
#4 C:\xampp\htdocs\ikarisma\vendor\codeigniter4\framework\system\CodeIgniter.php(790): class_exists('\\App\\Controller...', true)
#5 C:\xampp\htdocs\ikarisma\vendor\codeigniter4\framework\system\CodeIgniter.php(399): CodeIgniter\CodeIgniter->startController()
#6 C:\xampp\htdocs\ikarisma\vendor\codeigniter4\framework\system\CodeIgniter.php(320): CodeIgniter\CodeIgniter->handleRequest(NULL, Object(Config\Cache), false)
#7 C:\xampp\htdocs\ikarisma\public\index.php(37): CodeIgniter\CodeIgniter->run()
#8 C:\xampp\htdocs\ikarisma\vendor\codeigniter4\framework\system\Commands\Server\rewrite.php(43): require_once('C:\\xampp\\htdocs...')
#9 {main}
CRITICAL - 2022-02-21 10:17:51 --> syntax error, unexpected ''ugugug)' (T_ENCAPSED_AND_WHITESPACE)
#0 C:\xampp\htdocs\ikarisma\vendor\codeigniter4\framework\system\Autoloader\Autoloader.php(241): CodeIgniter\Autoloader\Autoloader->includeFile('C:\\xampp\\htdocs...')
#1 C:\xampp\htdocs\ikarisma\vendor\codeigniter4\framework\system\Autoloader\Autoloader.php(219): CodeIgniter\Autoloader\Autoloader->loadInNamespace('App\\Controllers...')
#2 [internal function]: CodeIgniter\Autoloader\Autoloader->loadClass('App\\Controllers...')
#3 [internal function]: spl_autoload_call('App\\Controllers...')
#4 C:\xampp\htdocs\ikarisma\vendor\codeigniter4\framework\system\CodeIgniter.php(790): class_exists('\\App\\Controller...', true)
#5 C:\xampp\htdocs\ikarisma\vendor\codeigniter4\framework\system\CodeIgniter.php(399): CodeIgniter\CodeIgniter->startController()
#6 C:\xampp\htdocs\ikarisma\vendor\codeigniter4\framework\system\CodeIgniter.php(320): CodeIgniter\CodeIgniter->handleRequest(NULL, Object(Config\Cache), false)
#7 C:\xampp\htdocs\ikarisma\public\index.php(37): CodeIgniter\CodeIgniter->run()
#8 C:\xampp\htdocs\ikarisma\vendor\codeigniter4\framework\system\Commands\Server\rewrite.php(43): require_once('C:\\xampp\\htdocs...')
#9 {main}
CRITICAL - 2022-02-21 12:08:38 --> View themes, no current section.
#0 C:\xampp\htdocs\ikarisma\app\Views\pages\data.php(10): CodeIgniter\View\View->endSection()
#1 C:\xampp\htdocs\ikarisma\vendor\codeigniter4\framework\system\View\View.php(210): include('C:\\xampp\\htdocs...')
#2 C:\xampp\htdocs\ikarisma\vendor\codeigniter4\framework\system\View\View.php(213): CodeIgniter\View\View->CodeIgniter\View\{closure}()
#3 C:\xampp\htdocs\ikarisma\vendor\codeigniter4\framework\system\Common.php(1089): CodeIgniter\View\View->render('pages/data', Array, true)
#4 C:\xampp\htdocs\ikarisma\app\Controllers\Pages.php(13): view('pages/data')
#5 C:\xampp\htdocs\ikarisma\vendor\codeigniter4\framework\system\CodeIgniter.php(825): App\Controllers\Pages->data()
#6 C:\xampp\htdocs\ikarisma\vendor\codeigniter4\framework\system\CodeIgniter.php(412): CodeIgniter\CodeIgniter->runController(Object(App\Controllers\Pages))
#7 C:\xampp\htdocs\ikarisma\vendor\codeigniter4\framework\system\CodeIgniter.php(320): CodeIgniter\CodeIgniter->handleRequest(NULL, Object(Config\Cache), false)
#8 C:\xampp\htdocs\ikarisma\public\index.php(37): CodeIgniter\CodeIgniter->run()
#9 C:\xampp\htdocs\ikarisma\vendor\codeigniter4\framework\system\Commands\Server\rewrite.php(43): require_once('C:\\xampp\\htdocs...')
#10 {main}
CRITICAL - 2022-02-21 12:09:00 --> View themes, no current section.
#0 C:\xampp\htdocs\ikarisma\app\Views\pages\data.php(10): CodeIgniter\View\View->endSection()
#1 C:\xampp\htdocs\ikarisma\vendor\codeigniter4\framework\system\View\View.php(210): include('C:\\xampp\\htdocs...')
#2 C:\xampp\htdocs\ikarisma\vendor\codeigniter4\framework\system\View\View.php(213): CodeIgniter\View\View->CodeIgniter\View\{closure}()
#3 C:\xampp\htdocs\ikarisma\vendor\codeigniter4\framework\system\Common.php(1089): CodeIgniter\View\View->render('pages/data', Array, true)
#4 C:\xampp\htdocs\ikarisma\app\Controllers\Pages.php(13): view('pages/data')
#5 C:\xampp\htdocs\ikarisma\vendor\codeigniter4\framework\system\CodeIgniter.php(825): App\Controllers\Pages->data()
#6 C:\xampp\htdocs\ikarisma\vendor\codeigniter4\framework\system\CodeIgniter.php(412): CodeIgniter\CodeIgniter->runController(Object(App\Controllers\Pages))
#7 C:\xampp\htdocs\ikarisma\vendor\codeigniter4\framework\system\CodeIgniter.php(320): CodeIgniter\CodeIgniter->handleRequest(NULL, Object(Config\Cache), false)
#8 C:\xampp\htdocs\ikarisma\public\index.php(37): CodeIgniter\CodeIgniter->run()
#9 C:\xampp\htdocs\ikarisma\vendor\codeigniter4\framework\system\Commands\Server\rewrite.php(43): require_once('C:\\xampp\\htdocs...')
#10 {main}
CRITICAL - 2022-02-21 12:10:02 --> View themes, no current section.
#0 C:\xampp\htdocs\ikarisma\app\Views\pages\data.php(10): CodeIgniter\View\View->endSection()
#1 C:\xampp\htdocs\ikarisma\vendor\codeigniter4\framework\system\View\View.php(210): include('C:\\xampp\\htdocs...')
#2 C:\xampp\htdocs\ikarisma\vendor\codeigniter4\framework\system\View\View.php(213): CodeIgniter\View\View->CodeIgniter\View\{closure}()
#3 C:\xampp\htdocs\ikarisma\vendor\codeigniter4\framework\system\Common.php(1089): CodeIgniter\View\View->render('pages/data', Array, true)
#4 C:\xampp\htdocs\ikarisma\app\Controllers\Pages.php(13): view('pages/data')
#5 C:\xampp\htdocs\ikarisma\vendor\codeigniter4\framework\system\CodeIgniter.php(825): App\Controllers\Pages->data()
#6 C:\xampp\htdocs\ikarisma\vendor\codeigniter4\framework\system\CodeIgniter.php(412): CodeIgniter\CodeIgniter->runController(Object(App\Controllers\Pages))
#7 C:\xampp\htdocs\ikarisma\vendor\codeigniter4\framework\system\CodeIgniter.php(320): CodeIgniter\CodeIgniter->handleRequest(NULL, Object(Config\Cache), false)
#8 C:\xampp\htdocs\ikarisma\public\index.php(37): CodeIgniter\CodeIgniter->run()
#9 C:\xampp\htdocs\ikarisma\vendor\codeigniter4\framework\system\Commands\Server\rewrite.php(43): require_once('C:\\xampp\\htdocs...')
#10 {main}
CRITICAL - 2022-02-21 12:10:12 --> View themes, no current section.
#0 C:\xampp\htdocs\ikarisma\app\Views\pages\data.php(10): CodeIgniter\View\View->endSection()
#1 C:\xampp\htdocs\ikarisma\vendor\codeigniter4\framework\system\View\View.php(210): include('C:\\xampp\\htdocs...')
#2 C:\xampp\htdocs\ikarisma\vendor\codeigniter4\framework\system\View\View.php(213): CodeIgniter\View\View->CodeIgniter\View\{closure}()
#3 C:\xampp\htdocs\ikarisma\vendor\codeigniter4\framework\system\Common.php(1089): CodeIgniter\View\View->render('pages/data', Array, true)
#4 C:\xampp\htdocs\ikarisma\app\Controllers\Pages.php(13): view('pages/data')
#5 C:\xampp\htdocs\ikarisma\vendor\codeigniter4\framework\system\CodeIgniter.php(825): App\Controllers\Pages->data()
#6 C:\xampp\htdocs\ikarisma\vendor\codeigniter4\framework\system\CodeIgniter.php(412): CodeIgniter\CodeIgniter->runController(Object(App\Controllers\Pages))
#7 C:\xampp\htdocs\ikarisma\vendor\codeigniter4\framework\system\CodeIgniter.php(320): CodeIgniter\CodeIgniter->handleRequest(NULL, Object(Config\Cache), false)
#8 C:\xampp\htdocs\ikarisma\public\index.php(37): CodeIgniter\CodeIgniter->run()
#9 C:\xampp\htdocs\ikarisma\vendor\codeigniter4\framework\system\Commands\Server\rewrite.php(43): require_once('C:\\xampp\\htdocs...')
#10 {main}
