CRITICAL - 2022-02-26 07:45:18 --> Undefined index: cicil
#0 C:\xampp\htdocs\ikarisma\app\Views\pages\kaos.php(28): CodeIgniter\Debug\Exceptions->errorHandler(8, 'Undefined index...', 'C:\\xampp\\htdocs...', 28, Array)
#1 C:\xampp\htdocs\ikarisma\vendor\codeigniter4\framework\system\View\View.php(210): include('C:\\xampp\\htdocs...')
#2 C:\xampp\htdocs\ikarisma\vendor\codeigniter4\framework\system\View\View.php(213): CodeIgniter\View\View->CodeIgniter\View\{closure}()
#3 C:\xampp\htdocs\ikarisma\vendor\codeigniter4\framework\system\Common.php(1089): CodeIgniter\View\View->render('pages/kaos', Array, true)
#4 C:\xampp\htdocs\ikarisma\app\Controllers\Kaos.php(25): view('pages/kaos', Array)
#5 C:\xampp\htdocs\ikarisma\vendor\codeigniter4\framework\system\CodeIgniter.php(825): App\Controllers\Kaos->kaos()
#6 C:\xampp\htdocs\ikarisma\vendor\codeigniter4\framework\system\CodeIgniter.php(412): CodeIgniter\CodeIgniter->runController(Object(App\Controllers\Kaos))
#7 C:\xampp\htdocs\ikarisma\vendor\codeigniter4\framework\system\CodeIgniter.php(320): CodeIgniter\CodeIgniter->handleRequest(NULL, Object(Config\Cache), false)
#8 C:\xampp\htdocs\ikarisma\public\index.php(37): CodeIgniter\CodeIgniter->run()
#9 C:\xampp\htdocs\ikarisma\vendor\codeigniter4\framework\system\Commands\Server\rewrite.php(43): require_once('C:\\xampp\\htdocs...')
#10 {main}
CRITICAL - 2022-02-26 07:48:52 --> Undefined index: dewasa.nama
#0 C:\xampp\htdocs\ikarisma\app\Views\pages\kaos.php(26): CodeIgniter\Debug\Exceptions->errorHandler(8, 'Undefined index...', 'C:\\xampp\\htdocs...', 26, Array)
#1 C:\xampp\htdocs\ikarisma\vendor\codeigniter4\framework\system\View\View.php(210): include('C:\\xampp\\htdocs...')
#2 C:\xampp\htdocs\ikarisma\vendor\codeigniter4\framework\system\View\View.php(213): CodeIgniter\View\View->CodeIgniter\View\{closure}()
#3 C:\xampp\htdocs\ikarisma\vendor\codeigniter4\framework\system\Common.php(1089): CodeIgniter\View\View->render('pages/kaos', Array, true)
#4 C:\xampp\htdocs\ikarisma\app\Controllers\Kaos.php(25): view('pages/kaos', Array)
#5 C:\xampp\htdocs\ikarisma\vendor\codeigniter4\framework\system\CodeIgniter.php(825): App\Controllers\Kaos->kaos()
#6 C:\xampp\htdocs\ikarisma\vendor\codeigniter4\framework\system\CodeIgniter.php(412): CodeIgniter\CodeIgniter->runController(Object(App\Controllers\Kaos))
#7 C:\xampp\htdocs\ikarisma\vendor\codeigniter4\framework\system\CodeIgniter.php(320): CodeIgniter\CodeIgniter->handleRequest(NULL, Object(Config\Cache), false)
#8 C:\xampp\htdocs\ikarisma\public\index.php(37): CodeIgniter\CodeIgniter->run()
#9 C:\xampp\htdocs\ikarisma\vendor\codeigniter4\framework\system\Commands\Server\rewrite.php(43): require_once('C:\\xampp\\htdocs...')
#10 {main}
CRITICAL - 2022-02-26 07:54:03 --> Undefined index: dewasa.nama
#0 C:\xampp\htdocs\ikarisma\app\Views\pages\kaos.php(26): CodeIgniter\Debug\Exceptions->errorHandler(8, 'Undefined index...', 'C:\\xampp\\htdocs...', 26, Array)
#1 C:\xampp\htdocs\ikarisma\vendor\codeigniter4\framework\system\View\View.php(210): include('C:\\xampp\\htdocs...')
#2 C:\xampp\htdocs\ikarisma\vendor\codeigniter4\framework\system\View\View.php(213): CodeIgniter\View\View->CodeIgniter\View\{closure}()
#3 C:\xampp\htdocs\ikarisma\vendor\codeigniter4\framework\system\Common.php(1089): CodeIgniter\View\View->render('pages/kaos', Array, true)
#4 C:\xampp\htdocs\ikarisma\app\Controllers\Kaos.php(25): view('pages/kaos', Array)
#5 C:\xampp\htdocs\ikarisma\vendor\codeigniter4\framework\system\CodeIgniter.php(825): App\Controllers\Kaos->kaos()
#6 C:\xampp\htdocs\ikarisma\vendor\codeigniter4\framework\system\CodeIgniter.php(412): CodeIgniter\CodeIgniter->runController(Object(App\Controllers\Kaos))
#7 C:\xampp\htdocs\ikarisma\vendor\codeigniter4\framework\system\CodeIgniter.php(320): CodeIgniter\CodeIgniter->handleRequest(NULL, Object(Config\Cache), false)
#8 C:\xampp\htdocs\ikarisma\public\index.php(37): CodeIgniter\CodeIgniter->run()
#9 C:\xampp\htdocs\ikarisma\vendor\codeigniter4\framework\system\Commands\Server\rewrite.php(43): require_once('C:\\xampp\\htdocs...')
#10 {main}
CRITICAL - 2022-02-26 07:54:23 --> Undefined index: ukuran
#0 C:\xampp\htdocs\ikarisma\app\Views\pages\kaos.php(27): CodeIgniter\Debug\Exceptions->errorHandler(8, 'Undefined index...', 'C:\\xampp\\htdocs...', 27, Array)
#1 C:\xampp\htdocs\ikarisma\vendor\codeigniter4\framework\system\View\View.php(210): include('C:\\xampp\\htdocs...')
#2 C:\xampp\htdocs\ikarisma\vendor\codeigniter4\framework\system\View\View.php(213): CodeIgniter\View\View->CodeIgniter\View\{closure}()
#3 C:\xampp\htdocs\ikarisma\vendor\codeigniter4\framework\system\Common.php(1089): CodeIgniter\View\View->render('pages/kaos', Array, true)
#4 C:\xampp\htdocs\ikarisma\app\Controllers\Kaos.php(25): view('pages/kaos', Array)
#5 C:\xampp\htdocs\ikarisma\vendor\codeigniter4\framework\system\CodeIgniter.php(825): App\Controllers\Kaos->kaos()
#6 C:\xampp\htdocs\ikarisma\vendor\codeigniter4\framework\system\CodeIgniter.php(412): CodeIgniter\CodeIgniter->runController(Object(App\Controllers\Kaos))
#7 C:\xampp\htdocs\ikarisma\vendor\codeigniter4\framework\system\CodeIgniter.php(320): CodeIgniter\CodeIgniter->handleRequest(NULL, Object(Config\Cache), false)
#8 C:\xampp\htdocs\ikarisma\public\index.php(37): CodeIgniter\CodeIgniter->run()
#9 C:\xampp\htdocs\ikarisma\vendor\codeigniter4\framework\system\Commands\Server\rewrite.php(43): require_once('C:\\xampp\\htdocs...')
#10 {main}
CRITICAL - 2022-02-26 07:54:58 --> Undefined index: cicil
#0 C:\xampp\htdocs\ikarisma\app\Views\pages\kaos.php(28): CodeIgniter\Debug\Exceptions->errorHandler(8, 'Undefined index...', 'C:\\xampp\\htdocs...', 28, Array)
#1 C:\xampp\htdocs\ikarisma\vendor\codeigniter4\framework\system\View\View.php(210): include('C:\\xampp\\htdocs...')
#2 C:\xampp\htdocs\ikarisma\vendor\codeigniter4\framework\system\View\View.php(213): CodeIgniter\View\View->CodeIgniter\View\{closure}()
#3 C:\xampp\htdocs\ikarisma\vendor\codeigniter4\framework\system\Common.php(1089): CodeIgniter\View\View->render('pages/kaos', Array, true)
#4 C:\xampp\htdocs\ikarisma\app\Controllers\Kaos.php(25): view('pages/kaos', Array)
#5 C:\xampp\htdocs\ikarisma\vendor\codeigniter4\framework\system\CodeIgniter.php(825): App\Controllers\Kaos->kaos()
#6 C:\xampp\htdocs\ikarisma\vendor\codeigniter4\framework\system\CodeIgniter.php(412): CodeIgniter\CodeIgniter->runController(Object(App\Controllers\Kaos))
#7 C:\xampp\htdocs\ikarisma\vendor\codeigniter4\framework\system\CodeIgniter.php(320): CodeIgniter\CodeIgniter->handleRequest(NULL, Object(Config\Cache), false)
#8 C:\xampp\htdocs\ikarisma\public\index.php(37): CodeIgniter\CodeIgniter->run()
#9 C:\xampp\htdocs\ikarisma\vendor\codeigniter4\framework\system\Commands\Server\rewrite.php(43): require_once('C:\\xampp\\htdocs...')
#10 {main}
ERROR - 2022-02-26 08:33:37 --> Unknown column 'anak.nama' in 'field list'
CRITICAL - 2022-02-26 08:33:37 --> Unknown column 'anak.nama' in 'field list'
#0 C:\xampp\htdocs\ikarisma\vendor\codeigniter4\framework\system\Database\MySQLi\Connection.php(292): mysqli->query('SELECT `dewasa`...', 0)
#1 C:\xampp\htdocs\ikarisma\vendor\codeigniter4\framework\system\Database\BaseConnection.php(670): CodeIgniter\Database\MySQLi\Connection->execute('SELECT `dewasa`...')
#2 C:\xampp\htdocs\ikarisma\vendor\codeigniter4\framework\system\Database\BaseConnection.php(598): CodeIgniter\Database\BaseConnection->simpleQuery('SELECT `dewasa`...')
#3 C:\xampp\htdocs\ikarisma\vendor\codeigniter4\framework\system\Database\BaseBuilder.php(1455): CodeIgniter\Database\BaseConnection->query('SELECT `dewasa`...', Array, false)
#4 C:\xampp\htdocs\ikarisma\app\Models\DewasaModel.php(22): CodeIgniter\Database\BaseBuilder->get()
#5 C:\xampp\htdocs\ikarisma\app\Controllers\Kaos.php(19): App\Models\DewasaModel->getAll()
#6 C:\xampp\htdocs\ikarisma\vendor\codeigniter4\framework\system\CodeIgniter.php(825): App\Controllers\Kaos->kaos()
#7 C:\xampp\htdocs\ikarisma\vendor\codeigniter4\framework\system\CodeIgniter.php(412): CodeIgniter\CodeIgniter->runController(Object(App\Controllers\Kaos))
#8 C:\xampp\htdocs\ikarisma\vendor\codeigniter4\framework\system\CodeIgniter.php(320): CodeIgniter\CodeIgniter->handleRequest(NULL, Object(Config\Cache), false)
#9 C:\xampp\htdocs\ikarisma\public\index.php(37): CodeIgniter\CodeIgniter->run()
#10 C:\xampp\htdocs\ikarisma\vendor\codeigniter4\framework\system\Commands\Server\rewrite.php(43): require_once('C:\\xampp\\htdocs...')
#11 {main}
ERROR - 2022-02-26 08:38:00 --> Unknown column 'bayar.id_duit' in 'on clause'
CRITICAL - 2022-02-26 08:38:00 --> Unknown column 'bayar.id_duit' in 'on clause'
#0 C:\xampp\htdocs\ikarisma\vendor\codeigniter4\framework\system\Database\MySQLi\Connection.php(292): mysqli->query('SELECT `dewasa`...', 0)
#1 C:\xampp\htdocs\ikarisma\vendor\codeigniter4\framework\system\Database\BaseConnection.php(670): CodeIgniter\Database\MySQLi\Connection->execute('SELECT `dewasa`...')
#2 C:\xampp\htdocs\ikarisma\vendor\codeigniter4\framework\system\Database\BaseConnection.php(598): CodeIgniter\Database\BaseConnection->simpleQuery('SELECT `dewasa`...')
#3 C:\xampp\htdocs\ikarisma\vendor\codeigniter4\framework\system\Database\BaseBuilder.php(1455): CodeIgniter\Database\BaseConnection->query('SELECT `dewasa`...', Array, false)
#4 C:\xampp\htdocs\ikarisma\app\Models\DewasaModel.php(22): CodeIgniter\Database\BaseBuilder->get()
#5 C:\xampp\htdocs\ikarisma\app\Controllers\Kaos.php(19): App\Models\DewasaModel->getAll()
#6 C:\xampp\htdocs\ikarisma\vendor\codeigniter4\framework\system\CodeIgniter.php(825): App\Controllers\Kaos->kaos()
#7 C:\xampp\htdocs\ikarisma\vendor\codeigniter4\framework\system\CodeIgniter.php(412): CodeIgniter\CodeIgniter->runController(Object(App\Controllers\Kaos))
#8 C:\xampp\htdocs\ikarisma\vendor\codeigniter4\framework\system\CodeIgniter.php(320): CodeIgniter\CodeIgniter->handleRequest(NULL, Object(Config\Cache), false)
#9 C:\xampp\htdocs\ikarisma\public\index.php(37): CodeIgniter\CodeIgniter->run()
#10 C:\xampp\htdocs\ikarisma\vendor\codeigniter4\framework\system\Commands\Server\rewrite.php(43): require_once('C:\\xampp\\htdocs...')
#11 {main}
ERROR - 2022-02-26 12:19:55 --> Unknown column 'anak.nama_anak' in 'field list'
CRITICAL - 2022-02-26 12:19:55 --> Unknown column 'anak.nama_anak' in 'field list'
#0 C:\xampp\htdocs\ikarisma\vendor\codeigniter4\framework\system\Database\MySQLi\Connection.php(292): mysqli->query('SELECT `dewasa`...', 0)
#1 C:\xampp\htdocs\ikarisma\vendor\codeigniter4\framework\system\Database\BaseConnection.php(670): CodeIgniter\Database\MySQLi\Connection->execute('SELECT `dewasa`...')
#2 C:\xampp\htdocs\ikarisma\vendor\codeigniter4\framework\system\Database\BaseConnection.php(598): CodeIgniter\Database\BaseConnection->simpleQuery('SELECT `dewasa`...')
#3 C:\xampp\htdocs\ikarisma\vendor\codeigniter4\framework\system\Database\BaseBuilder.php(1455): CodeIgniter\Database\BaseConnection->query('SELECT `dewasa`...', Array, false)
#4 C:\xampp\htdocs\ikarisma\app\Models\DewasaModel.php(22): CodeIgniter\Database\BaseBuilder->get()
#5 C:\xampp\htdocs\ikarisma\app\Controllers\Kaos.php(19): App\Models\DewasaModel->getAll()
#6 C:\xampp\htdocs\ikarisma\vendor\codeigniter4\framework\system\CodeIgniter.php(825): App\Controllers\Kaos->kaos()
#7 C:\xampp\htdocs\ikarisma\vendor\codeigniter4\framework\system\CodeIgniter.php(412): CodeIgniter\CodeIgniter->runController(Object(App\Controllers\Kaos))
#8 C:\xampp\htdocs\ikarisma\vendor\codeigniter4\framework\system\CodeIgniter.php(320): CodeIgniter\CodeIgniter->handleRequest(NULL, Object(Config\Cache), false)
#9 C:\xampp\htdocs\ikarisma\public\index.php(37): CodeIgniter\CodeIgniter->run()
#10 C:\xampp\htdocs\ikarisma\vendor\codeigniter4\framework\system\Commands\Server\rewrite.php(43): require_once('C:\\xampp\\htdocs...')
#11 {main}
CRITICAL - 2022-02-26 12:20:40 --> Undefined index: ukuran
#0 C:\xampp\htdocs\ikarisma\app\Views\pages\kaos.php(27): CodeIgniter\Debug\Exceptions->errorHandler(8, 'Undefined index...', 'C:\\xampp\\htdocs...', 27, Array)
#1 C:\xampp\htdocs\ikarisma\vendor\codeigniter4\framework\system\View\View.php(210): include('C:\\xampp\\htdocs...')
#2 C:\xampp\htdocs\ikarisma\vendor\codeigniter4\framework\system\View\View.php(213): CodeIgniter\View\View->CodeIgniter\View\{closure}()
#3 C:\xampp\htdocs\ikarisma\vendor\codeigniter4\framework\system\Common.php(1089): CodeIgniter\View\View->render('pages/kaos', Array, true)
#4 C:\xampp\htdocs\ikarisma\app\Controllers\Kaos.php(25): view('pages/kaos', Array)
#5 C:\xampp\htdocs\ikarisma\vendor\codeigniter4\framework\system\CodeIgniter.php(825): App\Controllers\Kaos->kaos()
#6 C:\xampp\htdocs\ikarisma\vendor\codeigniter4\framework\system\CodeIgniter.php(412): CodeIgniter\CodeIgniter->runController(Object(App\Controllers\Kaos))
#7 C:\xampp\htdocs\ikarisma\vendor\codeigniter4\framework\system\CodeIgniter.php(320): CodeIgniter\CodeIgniter->handleRequest(NULL, Object(Config\Cache), false)
#8 C:\xampp\htdocs\ikarisma\public\index.php(37): CodeIgniter\CodeIgniter->run()
#9 C:\xampp\htdocs\ikarisma\vendor\codeigniter4\framework\system\Commands\Server\rewrite.php(43): require_once('C:\\xampp\\htdocs...')
#10 {main}
CRITICAL - 2022-02-26 12:31:55 --> Undefined index: jenis
#0 C:\xampp\htdocs\ikarisma\app\Views\pages\kaos.php(27): CodeIgniter\Debug\Exceptions->errorHandler(8, 'Undefined index...', 'C:\\xampp\\htdocs...', 27, Array)
#1 C:\xampp\htdocs\ikarisma\vendor\codeigniter4\framework\system\View\View.php(210): include('C:\\xampp\\htdocs...')
#2 C:\xampp\htdocs\ikarisma\vendor\codeigniter4\framework\system\View\View.php(213): CodeIgniter\View\View->CodeIgniter\View\{closure}()
#3 C:\xampp\htdocs\ikarisma\vendor\codeigniter4\framework\system\Common.php(1089): CodeIgniter\View\View->render('pages/kaos', Array, true)
#4 C:\xampp\htdocs\ikarisma\app\Controllers\Kaos.php(25): view('pages/kaos', Array)
#5 C:\xampp\htdocs\ikarisma\vendor\codeigniter4\framework\system\CodeIgniter.php(825): App\Controllers\Kaos->kaos()
#6 C:\xampp\htdocs\ikarisma\vendor\codeigniter4\framework\system\CodeIgniter.php(412): CodeIgniter\CodeIgniter->runController(Object(App\Controllers\Kaos))
#7 C:\xampp\htdocs\ikarisma\vendor\codeigniter4\framework\system\CodeIgniter.php(320): CodeIgniter\CodeIgniter->handleRequest(NULL, Object(Config\Cache), false)
#8 C:\xampp\htdocs\ikarisma\public\index.php(37): CodeIgniter\CodeIgniter->run()
#9 C:\xampp\htdocs\ikarisma\vendor\codeigniter4\framework\system\Commands\Server\rewrite.php(43): require_once('C:\\xampp\\htdocs...')
#10 {main}
CRITICAL - 2022-02-26 12:32:49 --> Undefined index: bayar
#0 C:\xampp\htdocs\ikarisma\app\Views\pages\kaos.php(28): CodeIgniter\Debug\Exceptions->errorHandler(8, 'Undefined index...', 'C:\\xampp\\htdocs...', 28, Array)
#1 C:\xampp\htdocs\ikarisma\vendor\codeigniter4\framework\system\View\View.php(210): include('C:\\xampp\\htdocs...')
#2 C:\xampp\htdocs\ikarisma\vendor\codeigniter4\framework\system\View\View.php(213): CodeIgniter\View\View->CodeIgniter\View\{closure}()
#3 C:\xampp\htdocs\ikarisma\vendor\codeigniter4\framework\system\Common.php(1089): CodeIgniter\View\View->render('pages/kaos', Array, true)
#4 C:\xampp\htdocs\ikarisma\app\Controllers\Kaos.php(25): view('pages/kaos', Array)
#5 C:\xampp\htdocs\ikarisma\vendor\codeigniter4\framework\system\CodeIgniter.php(825): App\Controllers\Kaos->kaos()
#6 C:\xampp\htdocs\ikarisma\vendor\codeigniter4\framework\system\CodeIgniter.php(412): CodeIgniter\CodeIgniter->runController(Object(App\Controllers\Kaos))
#7 C:\xampp\htdocs\ikarisma\vendor\codeigniter4\framework\system\CodeIgniter.php(320): CodeIgniter\CodeIgniter->handleRequest(NULL, Object(Config\Cache), false)
#8 C:\xampp\htdocs\ikarisma\public\index.php(37): CodeIgniter\CodeIgniter->run()
#9 C:\xampp\htdocs\ikarisma\vendor\codeigniter4\framework\system\Commands\Server\rewrite.php(43): require_once('C:\\xampp\\htdocs...')
#10 {main}
CRITICAL - 2022-02-26 13:20:49 --> Undefined index: bayar+id_dewasa
#0 C:\xampp\htdocs\ikarisma\app\Views\pages\kaos.php(28): CodeIgniter\Debug\Exceptions->errorHandler(8, 'Undefined index...', 'C:\\xampp\\htdocs...', 28, Array)
#1 C:\xampp\htdocs\ikarisma\vendor\codeigniter4\framework\system\View\View.php(210): include('C:\\xampp\\htdocs...')
#2 C:\xampp\htdocs\ikarisma\vendor\codeigniter4\framework\system\View\View.php(213): CodeIgniter\View\View->CodeIgniter\View\{closure}()
#3 C:\xampp\htdocs\ikarisma\vendor\codeigniter4\framework\system\Common.php(1089): CodeIgniter\View\View->render('pages/kaos', Array, true)
#4 C:\xampp\htdocs\ikarisma\app\Controllers\Kaos.php(25): view('pages/kaos', Array)
#5 C:\xampp\htdocs\ikarisma\vendor\codeigniter4\framework\system\CodeIgniter.php(825): App\Controllers\Kaos->kaos()
#6 C:\xampp\htdocs\ikarisma\vendor\codeigniter4\framework\system\CodeIgniter.php(412): CodeIgniter\CodeIgniter->runController(Object(App\Controllers\Kaos))
#7 C:\xampp\htdocs\ikarisma\vendor\codeigniter4\framework\system\CodeIgniter.php(320): CodeIgniter\CodeIgniter->handleRequest(NULL, Object(Config\Cache), false)
#8 C:\xampp\htdocs\ikarisma\public\index.php(37): CodeIgniter\CodeIgniter->run()
#9 C:\xampp\htdocs\ikarisma\vendor\codeigniter4\framework\system\Commands\Server\rewrite.php(43): require_once('C:\\xampp\\htdocs...')
#10 {main}
CRITICAL - 2022-02-26 13:23:33 --> Undefined index: jenis
#0 C:\xampp\htdocs\ikarisma\app\Views\pages\kaos.php(27): CodeIgniter\Debug\Exceptions->errorHandler(8, 'Undefined index...', 'C:\\xampp\\htdocs...', 27, Array)
#1 C:\xampp\htdocs\ikarisma\vendor\codeigniter4\framework\system\View\View.php(210): include('C:\\xampp\\htdocs...')
#2 C:\xampp\htdocs\ikarisma\vendor\codeigniter4\framework\system\View\View.php(213): CodeIgniter\View\View->CodeIgniter\View\{closure}()
#3 C:\xampp\htdocs\ikarisma\vendor\codeigniter4\framework\system\Common.php(1089): CodeIgniter\View\View->render('pages/kaos', Array, true)
#4 C:\xampp\htdocs\ikarisma\app\Controllers\Kaos.php(25): view('pages/kaos', Array)
#5 C:\xampp\htdocs\ikarisma\vendor\codeigniter4\framework\system\CodeIgniter.php(825): App\Controllers\Kaos->kaos()
#6 C:\xampp\htdocs\ikarisma\vendor\codeigniter4\framework\system\CodeIgniter.php(412): CodeIgniter\CodeIgniter->runController(Object(App\Controllers\Kaos))
#7 C:\xampp\htdocs\ikarisma\vendor\codeigniter4\framework\system\CodeIgniter.php(320): CodeIgniter\CodeIgniter->handleRequest(NULL, Object(Config\Cache), false)
#8 C:\xampp\htdocs\ikarisma\public\index.php(37): CodeIgniter\CodeIgniter->run()
#9 C:\xampp\htdocs\ikarisma\vendor\codeigniter4\framework\system\Commands\Server\rewrite.php(43): require_once('C:\\xampp\\htdocs...')
#10 {main}
ERROR - 2022-02-26 13:32:47 --> Unknown column 'dewasa.ukuran' in 'field list'
CRITICAL - 2022-02-26 13:32:47 --> Unknown column 'dewasa.ukuran' in 'field list'
#0 C:\xampp\htdocs\ikarisma\vendor\codeigniter4\framework\system\Database\MySQLi\Connection.php(292): mysqli->query('SELECT `dewasa`...', 0)
#1 C:\xampp\htdocs\ikarisma\vendor\codeigniter4\framework\system\Database\BaseConnection.php(670): CodeIgniter\Database\MySQLi\Connection->execute('SELECT `dewasa`...')
#2 C:\xampp\htdocs\ikarisma\vendor\codeigniter4\framework\system\Database\BaseConnection.php(598): CodeIgniter\Database\BaseConnection->simpleQuery('SELECT `dewasa`...')
#3 C:\xampp\htdocs\ikarisma\vendor\codeigniter4\framework\system\Database\BaseBuilder.php(1455): CodeIgniter\Database\BaseConnection->query('SELECT `dewasa`...', Array, false)
#4 C:\xampp\htdocs\ikarisma\app\Models\DewasaModel.php(22): CodeIgniter\Database\BaseBuilder->get()
#5 C:\xampp\htdocs\ikarisma\app\Controllers\Kaos.php(19): App\Models\DewasaModel->getAll()
#6 C:\xampp\htdocs\ikarisma\vendor\codeigniter4\framework\system\CodeIgniter.php(825): App\Controllers\Kaos->kaos()
#7 C:\xampp\htdocs\ikarisma\vendor\codeigniter4\framework\system\CodeIgniter.php(412): CodeIgniter\CodeIgniter->runController(Object(App\Controllers\Kaos))
#8 C:\xampp\htdocs\ikarisma\vendor\codeigniter4\framework\system\CodeIgniter.php(320): CodeIgniter\CodeIgniter->handleRequest(NULL, Object(Config\Cache), false)
#9 C:\xampp\htdocs\ikarisma\public\index.php(37): CodeIgniter\CodeIgniter->run()
#10 C:\xampp\htdocs\ikarisma\vendor\codeigniter4\framework\system\Commands\Server\rewrite.php(43): require_once('C:\\xampp\\htdocs...')
#11 {main}
ERROR - 2022-02-26 13:33:14 --> Unknown column 'bayar.cicil' in 'field list'
CRITICAL - 2022-02-26 13:33:14 --> Unknown column 'bayar.cicil' in 'field list'
#0 C:\xampp\htdocs\ikarisma\vendor\codeigniter4\framework\system\Database\MySQLi\Connection.php(292): mysqli->query('SELECT `dewasa`...', 0)
#1 C:\xampp\htdocs\ikarisma\vendor\codeigniter4\framework\system\Database\BaseConnection.php(670): CodeIgniter\Database\MySQLi\Connection->execute('SELECT `dewasa`...')
#2 C:\xampp\htdocs\ikarisma\vendor\codeigniter4\framework\system\Database\BaseConnection.php(598): CodeIgniter\Database\BaseConnection->simpleQuery('SELECT `dewasa`...')
#3 C:\xampp\htdocs\ikarisma\vendor\codeigniter4\framework\system\Database\BaseBuilder.php(1455): CodeIgniter\Database\BaseConnection->query('SELECT `dewasa`...', Array, false)
#4 C:\xampp\htdocs\ikarisma\app\Models\DewasaModel.php(22): CodeIgniter\Database\BaseBuilder->get()
#5 C:\xampp\htdocs\ikarisma\app\Controllers\Kaos.php(19): App\Models\DewasaModel->getAll()
#6 C:\xampp\htdocs\ikarisma\vendor\codeigniter4\framework\system\CodeIgniter.php(825): App\Controllers\Kaos->kaos()
#7 C:\xampp\htdocs\ikarisma\vendor\codeigniter4\framework\system\CodeIgniter.php(412): CodeIgniter\CodeIgniter->runController(Object(App\Controllers\Kaos))
#8 C:\xampp\htdocs\ikarisma\vendor\codeigniter4\framework\system\CodeIgniter.php(320): CodeIgniter\CodeIgniter->handleRequest(NULL, Object(Config\Cache), false)
#9 C:\xampp\htdocs\ikarisma\public\index.php(37): CodeIgniter\CodeIgniter->run()
#10 C:\xampp\htdocs\ikarisma\vendor\codeigniter4\framework\system\Commands\Server\rewrite.php(43): require_once('C:\\xampp\\htdocs...')
#11 {main}
CRITICAL - 2022-02-26 17:17:11 --> Undefined index: jenis
#0 C:\xampp\htdocs\ikarisma\app\Views\pages\kaos.php(27): CodeIgniter\Debug\Exceptions->errorHandler(8, 'Undefined index...', 'C:\\xampp\\htdocs...', 27, Array)
#1 C:\xampp\htdocs\ikarisma\vendor\codeigniter4\framework\system\View\View.php(210): include('C:\\xampp\\htdocs...')
#2 C:\xampp\htdocs\ikarisma\vendor\codeigniter4\framework\system\View\View.php(213): CodeIgniter\View\View->CodeIgniter\View\{closure}()
#3 C:\xampp\htdocs\ikarisma\vendor\codeigniter4\framework\system\Common.php(1089): CodeIgniter\View\View->render('pages/kaos', Array, true)
#4 C:\xampp\htdocs\ikarisma\app\Controllers\Kaos.php(25): view('pages/kaos', Array)
#5 C:\xampp\htdocs\ikarisma\vendor\codeigniter4\framework\system\CodeIgniter.php(825): App\Controllers\Kaos->kaos()
#6 C:\xampp\htdocs\ikarisma\vendor\codeigniter4\framework\system\CodeIgniter.php(412): CodeIgniter\CodeIgniter->runController(Object(App\Controllers\Kaos))
#7 C:\xampp\htdocs\ikarisma\vendor\codeigniter4\framework\system\CodeIgniter.php(320): CodeIgniter\CodeIgniter->handleRequest(NULL, Object(Config\Cache), false)
#8 C:\xampp\htdocs\ikarisma\public\index.php(37): CodeIgniter\CodeIgniter->run()
#9 C:\xampp\htdocs\ikarisma\vendor\codeigniter4\framework\system\Commands\Server\rewrite.php(43): require_once('C:\\xampp\\htdocs...')
#10 {main}
ERROR - 2022-02-26 17:40:07 --> Unknown column 'anak.nama_anak' in 'field list'
CRITICAL - 2022-02-26 17:40:07 --> Unknown column 'anak.nama_anak' in 'field list'
#0 C:\xampp\htdocs\ikarisma\vendor\codeigniter4\framework\system\Database\MySQLi\Connection.php(292): mysqli->query('SELECT `dewasa`...', 0)
#1 C:\xampp\htdocs\ikarisma\vendor\codeigniter4\framework\system\Database\BaseConnection.php(670): CodeIgniter\Database\MySQLi\Connection->execute('SELECT `dewasa`...')
#2 C:\xampp\htdocs\ikarisma\vendor\codeigniter4\framework\system\Database\BaseConnection.php(598): CodeIgniter\Database\BaseConnection->simpleQuery('SELECT `dewasa`...')
#3 C:\xampp\htdocs\ikarisma\vendor\codeigniter4\framework\system\Database\BaseBuilder.php(1455): CodeIgniter\Database\BaseConnection->query('SELECT `dewasa`...', Array, false)
#4 C:\xampp\htdocs\ikarisma\app\Models\DewasaModel.php(22): CodeIgniter\Database\BaseBuilder->get()
#5 C:\xampp\htdocs\ikarisma\app\Controllers\Kaos.php(19): App\Models\DewasaModel->getAll()
#6 C:\xampp\htdocs\ikarisma\vendor\codeigniter4\framework\system\CodeIgniter.php(825): App\Controllers\Kaos->kaos()
#7 C:\xampp\htdocs\ikarisma\vendor\codeigniter4\framework\system\CodeIgniter.php(412): CodeIgniter\CodeIgniter->runController(Object(App\Controllers\Kaos))
#8 C:\xampp\htdocs\ikarisma\vendor\codeigniter4\framework\system\CodeIgniter.php(320): CodeIgniter\CodeIgniter->handleRequest(NULL, Object(Config\Cache), false)
#9 C:\xampp\htdocs\ikarisma\public\index.php(37): CodeIgniter\CodeIgniter->run()
#10 C:\xampp\htdocs\ikarisma\vendor\codeigniter4\framework\system\Commands\Server\rewrite.php(43): require_once('C:\\xampp\\htdocs...')
#11 {main}
CRITICAL - 2022-02-26 17:40:53 --> Undefined index: jumlah
#0 C:\xampp\htdocs\ikarisma\app\Views\pages\kaos.php(28): CodeIgniter\Debug\Exceptions->errorHandler(8, 'Undefined index...', 'C:\\xampp\\htdocs...', 28, Array)
#1 C:\xampp\htdocs\ikarisma\vendor\codeigniter4\framework\system\View\View.php(210): include('C:\\xampp\\htdocs...')
#2 C:\xampp\htdocs\ikarisma\vendor\codeigniter4\framework\system\View\View.php(213): CodeIgniter\View\View->CodeIgniter\View\{closure}()
#3 C:\xampp\htdocs\ikarisma\vendor\codeigniter4\framework\system\Common.php(1089): CodeIgniter\View\View->render('pages/kaos', Array, true)
#4 C:\xampp\htdocs\ikarisma\app\Controllers\Kaos.php(25): view('pages/kaos', Array)
#5 C:\xampp\htdocs\ikarisma\vendor\codeigniter4\framework\system\CodeIgniter.php(825): App\Controllers\Kaos->kaos()
#6 C:\xampp\htdocs\ikarisma\vendor\codeigniter4\framework\system\CodeIgniter.php(412): CodeIgniter\CodeIgniter->runController(Object(App\Controllers\Kaos))
#7 C:\xampp\htdocs\ikarisma\vendor\codeigniter4\framework\system\CodeIgniter.php(320): CodeIgniter\CodeIgniter->handleRequest(NULL, Object(Config\Cache), false)
#8 C:\xampp\htdocs\ikarisma\public\index.php(37): CodeIgniter\CodeIgniter->run()
#9 C:\xampp\htdocs\ikarisma\vendor\codeigniter4\framework\system\Commands\Server\rewrite.php(43): require_once('C:\\xampp\\htdocs...')
#10 {main}
ERROR - 2022-02-26 18:23:13 --> You have an error in your SQL syntax; check the manual that corresponds to your MariaDB server version for the right syntax to use near 'FROM `dewasa`
LEFT JOIN `bayar` ON `bayar`.`id_bayar`=`dewasa`.`id_dewasa`' at line 2
CRITICAL - 2022-02-26 18:23:13 --> You have an error in your SQL syntax; check the manual that corresponds to your MariaDB server version for the right syntax to use near 'FROM `dewasa`
LEFT JOIN `bayar` ON `bayar`.`id_bayar`=`dewasa`.`id_dewasa`' at line 2
#0 C:\xampp\htdocs\ikarisma\vendor\codeigniter4\framework\system\Database\MySQLi\Connection.php(292): mysqli->query('SELECT `dewasa`...', 0)
#1 C:\xampp\htdocs\ikarisma\vendor\codeigniter4\framework\system\Database\BaseConnection.php(670): CodeIgniter\Database\MySQLi\Connection->execute('SELECT `dewasa`...')
#2 C:\xampp\htdocs\ikarisma\vendor\codeigniter4\framework\system\Database\BaseConnection.php(598): CodeIgniter\Database\BaseConnection->simpleQuery('SELECT `dewasa`...')
#3 C:\xampp\htdocs\ikarisma\vendor\codeigniter4\framework\system\Database\BaseBuilder.php(1455): CodeIgniter\Database\BaseConnection->query('SELECT `dewasa`...', Array, false)
#4 C:\xampp\htdocs\ikarisma\app\Models\DewasaModel.php(22): CodeIgniter\Database\BaseBuilder->get()
#5 C:\xampp\htdocs\ikarisma\app\Controllers\Kaos.php(19): App\Models\DewasaModel->getAll()
#6 C:\xampp\htdocs\ikarisma\vendor\codeigniter4\framework\system\CodeIgniter.php(825): App\Controllers\Kaos->kaos()
#7 C:\xampp\htdocs\ikarisma\vendor\codeigniter4\framework\system\CodeIgniter.php(412): CodeIgniter\CodeIgniter->runController(Object(App\Controllers\Kaos))
#8 C:\xampp\htdocs\ikarisma\vendor\codeigniter4\framework\system\CodeIgniter.php(320): CodeIgniter\CodeIgniter->handleRequest(NULL, Object(Config\Cache), false)
#9 C:\xampp\htdocs\ikarisma\public\index.php(37): CodeIgniter\CodeIgniter->run()
#10 C:\xampp\htdocs\ikarisma\vendor\codeigniter4\framework\system\Commands\Server\rewrite.php(43): require_once('C:\\xampp\\htdocs...')
#11 {main}
CRITICAL - 2022-02-26 19:01:34 --> Undefined index: jumlah
#0 C:\xampp\htdocs\ikarisma\app\Views\pages\kaos.php(28): CodeIgniter\Debug\Exceptions->errorHandler(8, 'Undefined index...', 'C:\\xampp\\htdocs...', 28, Array)
#1 C:\xampp\htdocs\ikarisma\vendor\codeigniter4\framework\system\View\View.php(210): include('C:\\xampp\\htdocs...')
#2 C:\xampp\htdocs\ikarisma\vendor\codeigniter4\framework\system\View\View.php(213): CodeIgniter\View\View->CodeIgniter\View\{closure}()
#3 C:\xampp\htdocs\ikarisma\vendor\codeigniter4\framework\system\Common.php(1089): CodeIgniter\View\View->render('pages/kaos', Array, true)
#4 C:\xampp\htdocs\ikarisma\app\Controllers\Kaos.php(25): view('pages/kaos', Array)
#5 C:\xampp\htdocs\ikarisma\vendor\codeigniter4\framework\system\CodeIgniter.php(825): App\Controllers\Kaos->kaos()
#6 C:\xampp\htdocs\ikarisma\vendor\codeigniter4\framework\system\CodeIgniter.php(412): CodeIgniter\CodeIgniter->runController(Object(App\Controllers\Kaos))
#7 C:\xampp\htdocs\ikarisma\vendor\codeigniter4\framework\system\CodeIgniter.php(320): CodeIgniter\CodeIgniter->handleRequest(NULL, Object(Config\Cache), false)
#8 C:\xampp\htdocs\ikarisma\public\index.php(37): CodeIgniter\CodeIgniter->run()
#9 C:\xampp\htdocs\ikarisma\vendor\codeigniter4\framework\system\Commands\Server\rewrite.php(43): require_once('C:\\xampp\\htdocs...')
#10 {main}
ERROR - 2022-02-26 20:05:59 --> Column 'id_dewasa' in where clause is ambiguous
CRITICAL - 2022-02-26 20:05:59 --> Column 'id_dewasa' in where clause is ambiguous
#0 C:\xampp\htdocs\ikarisma\vendor\codeigniter4\framework\system\Database\MySQLi\Connection.php(292): mysqli->query('SELECT `dewasa`...', 0)
#1 C:\xampp\htdocs\ikarisma\vendor\codeigniter4\framework\system\Database\BaseConnection.php(670): CodeIgniter\Database\MySQLi\Connection->execute('SELECT `dewasa`...')
#2 C:\xampp\htdocs\ikarisma\vendor\codeigniter4\framework\system\Database\BaseConnection.php(598): CodeIgniter\Database\BaseConnection->simpleQuery('SELECT `dewasa`...')
#3 C:\xampp\htdocs\ikarisma\vendor\codeigniter4\framework\system\Database\BaseBuilder.php(1455): CodeIgniter\Database\BaseConnection->query('SELECT `dewasa`...', Array, false)
#4 C:\xampp\htdocs\ikarisma\app\Models\DewasaModel.php(22): CodeIgniter\Database\BaseBuilder->get()
#5 C:\xampp\htdocs\ikarisma\app\Controllers\Kaos.php(19): App\Models\DewasaModel->getAll()
#6 C:\xampp\htdocs\ikarisma\vendor\codeigniter4\framework\system\CodeIgniter.php(825): App\Controllers\Kaos->kaos()
#7 C:\xampp\htdocs\ikarisma\vendor\codeigniter4\framework\system\CodeIgniter.php(412): CodeIgniter\CodeIgniter->runController(Object(App\Controllers\Kaos))
#8 C:\xampp\htdocs\ikarisma\vendor\codeigniter4\framework\system\CodeIgniter.php(320): CodeIgniter\CodeIgniter->handleRequest(NULL, Object(Config\Cache), false)
#9 C:\xampp\htdocs\ikarisma\public\index.php(37): CodeIgniter\CodeIgniter->run()
#10 C:\xampp\htdocs\ikarisma\vendor\codeigniter4\framework\system\Commands\Server\rewrite.php(43): require_once('C:\\xampp\\htdocs...')
#11 {main}
