ERROR - 2022-03-29 11:03:00 --> Unknown column 'transaksi.id_transaksi' in 'field list'
CRITICAL - 2022-03-29 11:03:00 --> Unknown column 'transaksi.id_transaksi' in 'field list'
#0 C:\xampp\htdocs\ikarisma\vendor\codeigniter4\framework\system\Database\MySQLi\Connection.php(292): mysqli->query('INSERT INTO `tr...', 0)
#1 C:\xampp\htdocs\ikarisma\vendor\codeigniter4\framework\system\Database\BaseConnection.php(670): CodeIgniter\Database\MySQLi\Connection->execute('INSERT INTO `tr...')
#2 C:\xampp\htdocs\ikarisma\vendor\codeigniter4\framework\system\Database\BaseConnection.php(598): CodeIgniter\Database\BaseConnection->simpleQuery('INSERT INTO `tr...')
#3 C:\xampp\htdocs\ikarisma\vendor\codeigniter4\framework\system\Database\BaseBuilder.php(1771): CodeIgniter\Database\BaseConnection->query('INSERT INTO `tr...', Array, false)
#4 C:\xampp\htdocs\ikarisma\vendor\codeigniter4\framework\system\Model.php(239): CodeIgniter\Database\BaseBuilder->insert()
#5 C:\xampp\htdocs\ikarisma\vendor\codeigniter4\framework\system\BaseModel.php(738): CodeIgniter\Model->doInsert(Array)
#6 C:\xampp\htdocs\ikarisma\vendor\codeigniter4\framework\system\Model.php(625): CodeIgniter\BaseModel->insert(Array, false)
#7 C:\xampp\htdocs\ikarisma\vendor\codeigniter4\framework\system\BaseModel.php(658): CodeIgniter\Model->insert(Array, false)
#8 C:\xampp\htdocs\ikarisma\app\Controllers\Admin\Bayar.php(67): CodeIgniter\BaseModel->save(Array)
#9 C:\xampp\htdocs\ikarisma\vendor\codeigniter4\framework\system\CodeIgniter.php(825): App\Controllers\Admin\Bayar->billing_d()
#10 C:\xampp\htdocs\ikarisma\vendor\codeigniter4\framework\system\CodeIgniter.php(412): CodeIgniter\CodeIgniter->runController(Object(App\Controllers\Admin\Bayar))
#11 C:\xampp\htdocs\ikarisma\vendor\codeigniter4\framework\system\CodeIgniter.php(320): CodeIgniter\CodeIgniter->handleRequest(NULL, Object(Config\Cache), false)
#12 C:\xampp\htdocs\ikarisma\public\index.php(37): CodeIgniter\CodeIgniter->run()
#13 C:\xampp\htdocs\ikarisma\vendor\codeigniter4\framework\system\Commands\Server\rewrite.php(43): require_once('C:\\xampp\\htdocs...')
#14 {main}
ERROR - 2022-03-29 11:43:31 --> Unknown column 'jml_transaksi' in 'field list'
CRITICAL - 2022-03-29 11:43:31 --> Unknown column 'jml_transaksi' in 'field list'
#0 C:\xampp\htdocs\ikarisma\vendor\codeigniter4\framework\system\Database\MySQLi\Connection.php(292): mysqli->query('SELECT SUM(jml_...', 0)
#1 C:\xampp\htdocs\ikarisma\vendor\codeigniter4\framework\system\Database\BaseConnection.php(670): CodeIgniter\Database\MySQLi\Connection->execute('SELECT SUM(jml_...')
#2 C:\xampp\htdocs\ikarisma\vendor\codeigniter4\framework\system\Database\BaseConnection.php(598): CodeIgniter\Database\BaseConnection->simpleQuery('SELECT SUM(jml_...')
#3 C:\xampp\htdocs\ikarisma\vendor\codeigniter4\framework\system\Database\BaseBuilder.php(1455): CodeIgniter\Database\BaseConnection->query('SELECT SUM(jml_...', Array, false)
#4 C:\xampp\htdocs\ikarisma\app\Models\TransaksiModel.php(52): CodeIgniter\Database\BaseBuilder->get()
#5 C:\xampp\htdocs\ikarisma\app\Controllers\Admin\Tes.php(25): App\Models\TransaksiModel->getlaporan()
#6 C:\xampp\htdocs\ikarisma\vendor\codeigniter4\framework\system\CodeIgniter.php(825): App\Controllers\Admin\Tes->detailD()
#7 C:\xampp\htdocs\ikarisma\vendor\codeigniter4\framework\system\CodeIgniter.php(412): CodeIgniter\CodeIgniter->runController(Object(App\Controllers\Admin\Tes))
#8 C:\xampp\htdocs\ikarisma\vendor\codeigniter4\framework\system\CodeIgniter.php(320): CodeIgniter\CodeIgniter->handleRequest(NULL, Object(Config\Cache), false)
#9 C:\xampp\htdocs\ikarisma\public\index.php(37): CodeIgniter\CodeIgniter->run()
#10 C:\xampp\htdocs\ikarisma\vendor\codeigniter4\framework\system\Commands\Server\rewrite.php(43): require_once('C:\\xampp\\htdocs...')
#11 {main}
ERROR - 2022-03-29 11:44:29 --> Unknown column 'jml_transaksi' in 'field list'
CRITICAL - 2022-03-29 11:44:29 --> Unknown column 'jml_transaksi' in 'field list'
#0 C:\xampp\htdocs\ikarisma\vendor\codeigniter4\framework\system\Database\MySQLi\Connection.php(292): mysqli->query('SELECT SUM(jml_...', 0)
#1 C:\xampp\htdocs\ikarisma\vendor\codeigniter4\framework\system\Database\BaseConnection.php(670): CodeIgniter\Database\MySQLi\Connection->execute('SELECT SUM(jml_...')
#2 C:\xampp\htdocs\ikarisma\vendor\codeigniter4\framework\system\Database\BaseConnection.php(598): CodeIgniter\Database\BaseConnection->simpleQuery('SELECT SUM(jml_...')
#3 C:\xampp\htdocs\ikarisma\vendor\codeigniter4\framework\system\Database\BaseBuilder.php(1455): CodeIgniter\Database\BaseConnection->query('SELECT SUM(jml_...', Array, false)
#4 C:\xampp\htdocs\ikarisma\app\Models\TransaksiModel.php(52): CodeIgniter\Database\BaseBuilder->get()
#5 C:\xampp\htdocs\ikarisma\app\Controllers\Admin\Tes.php(25): App\Models\TransaksiModel->getlaporan()
#6 C:\xampp\htdocs\ikarisma\vendor\codeigniter4\framework\system\CodeIgniter.php(825): App\Controllers\Admin\Tes->detailD()
#7 C:\xampp\htdocs\ikarisma\vendor\codeigniter4\framework\system\CodeIgniter.php(412): CodeIgniter\CodeIgniter->runController(Object(App\Controllers\Admin\Tes))
#8 C:\xampp\htdocs\ikarisma\vendor\codeigniter4\framework\system\CodeIgniter.php(320): CodeIgniter\CodeIgniter->handleRequest(NULL, Object(Config\Cache), false)
#9 C:\xampp\htdocs\ikarisma\public\index.php(37): CodeIgniter\CodeIgniter->run()
#10 C:\xampp\htdocs\ikarisma\vendor\codeigniter4\framework\system\Commands\Server\rewrite.php(43): require_once('C:\\xampp\\htdocs...')
#11 {main}
ERROR - 2022-03-29 12:00:04 --> You have an error in your SQL syntax; check the manual that corresponds to your MariaDB server version for the right syntax to use near '- SUM(jml_pengeluaran)as jumlah
FROM `transaksi`' at line 1
CRITICAL - 2022-03-29 12:00:04 --> You have an error in your SQL syntax; check the manual that corresponds to your MariaDB server version for the right syntax to use near '- SUM(jml_pengeluaran)as jumlah
FROM `transaksi`' at line 1
#0 C:\xampp\htdocs\ikarisma\vendor\codeigniter4\framework\system\Database\MySQLi\Connection.php(292): mysqli->query('SELECT SUM(jml_...', 0)
#1 C:\xampp\htdocs\ikarisma\vendor\codeigniter4\framework\system\Database\BaseConnection.php(670): CodeIgniter\Database\MySQLi\Connection->execute('SELECT SUM(jml_...')
#2 C:\xampp\htdocs\ikarisma\vendor\codeigniter4\framework\system\Database\BaseConnection.php(598): CodeIgniter\Database\BaseConnection->simpleQuery('SELECT SUM(jml_...')
#3 C:\xampp\htdocs\ikarisma\vendor\codeigniter4\framework\system\Database\BaseBuilder.php(1455): CodeIgniter\Database\BaseConnection->query('SELECT SUM(jml_...', Array, false)
#4 C:\xampp\htdocs\ikarisma\app\Models\TransaksiModel.php(52): CodeIgniter\Database\BaseBuilder->get()
#5 C:\xampp\htdocs\ikarisma\app\Controllers\Admin\Tes.php(25): App\Models\TransaksiModel->getlaporan()
#6 C:\xampp\htdocs\ikarisma\vendor\codeigniter4\framework\system\CodeIgniter.php(825): App\Controllers\Admin\Tes->detailD()
#7 C:\xampp\htdocs\ikarisma\vendor\codeigniter4\framework\system\CodeIgniter.php(412): CodeIgniter\CodeIgniter->runController(Object(App\Controllers\Admin\Tes))
#8 C:\xampp\htdocs\ikarisma\vendor\codeigniter4\framework\system\CodeIgniter.php(320): CodeIgniter\CodeIgniter->handleRequest(NULL, Object(Config\Cache), false)
#9 C:\xampp\htdocs\ikarisma\public\index.php(37): CodeIgniter\CodeIgniter->run()
#10 C:\xampp\htdocs\ikarisma\vendor\codeigniter4\framework\system\Commands\Server\rewrite.php(43): require_once('C:\\xampp\\htdocs...')
#11 {main}
CRITICAL - 2022-03-29 12:42:22 --> Undefined variable: isInvalidnama_lengkap
#0 C:\xampp\htdocs\ikarisma\app\Views\mimin\tes.php(37): CodeIgniter\Debug\Exceptions->errorHandler(8, 'Undefined varia...', 'C:\\xampp\\htdocs...', 37, Array)
#1 C:\xampp\htdocs\ikarisma\vendor\codeigniter4\framework\system\View\View.php(210): include('C:\\xampp\\htdocs...')
#2 C:\xampp\htdocs\ikarisma\vendor\codeigniter4\framework\system\View\View.php(213): CodeIgniter\View\View->CodeIgniter\View\{closure}()
#3 C:\xampp\htdocs\ikarisma\vendor\codeigniter4\framework\system\Common.php(1089): CodeIgniter\View\View->render('mimin/tes', Array, true)
#4 C:\xampp\htdocs\ikarisma\app\Controllers\Admin\Tes.php(30): view('mimin/tes', Array)
#5 C:\xampp\htdocs\ikarisma\vendor\codeigniter4\framework\system\CodeIgniter.php(825): App\Controllers\Admin\Tes->detailD()
#6 C:\xampp\htdocs\ikarisma\vendor\codeigniter4\framework\system\CodeIgniter.php(412): CodeIgniter\CodeIgniter->runController(Object(App\Controllers\Admin\Tes))
#7 C:\xampp\htdocs\ikarisma\vendor\codeigniter4\framework\system\CodeIgniter.php(320): CodeIgniter\CodeIgniter->handleRequest(NULL, Object(Config\Cache), false)
#8 C:\xampp\htdocs\ikarisma\public\index.php(37): CodeIgniter\CodeIgniter->run()
#9 C:\xampp\htdocs\ikarisma\vendor\codeigniter4\framework\system\Commands\Server\rewrite.php(43): require_once('C:\\xampp\\htdocs...')
#10 {main}
ERROR - 2022-03-29 13:41:07 --> You have an error in your SQL syntax; check the manual that corresponds to your MariaDB server version for the right syntax to use near 'as bayar, (IFNULL(SUM(jml_transaksi), 0) - IFNULL(SUM(jml_pengeluaran), 0)) a...' at line 1
CRITICAL - 2022-03-29 13:41:07 --> You have an error in your SQL syntax; check the manual that corresponds to your MariaDB server version for the right syntax to use near 'as bayar, (IFNULL(SUM(jml_transaksi), 0) - IFNULL(SUM(jml_pengeluaran), 0)) a...' at line 1
#0 C:\xampp\htdocs\ikarisma\vendor\codeigniter4\framework\system\Database\MySQLi\Connection.php(292): mysqli->query('SELECT (IFNULL(...', 0)
#1 C:\xampp\htdocs\ikarisma\vendor\codeigniter4\framework\system\Database\BaseConnection.php(670): CodeIgniter\Database\MySQLi\Connection->execute('SELECT (IFNULL(...')
#2 C:\xampp\htdocs\ikarisma\vendor\codeigniter4\framework\system\Database\BaseConnection.php(598): CodeIgniter\Database\BaseConnection->simpleQuery('SELECT (IFNULL(...')
#3 C:\xampp\htdocs\ikarisma\vendor\codeigniter4\framework\system\Database\BaseBuilder.php(1455): CodeIgniter\Database\BaseConnection->query('SELECT (IFNULL(...', Array, false)
#4 C:\xampp\htdocs\ikarisma\app\Models\TransaksiModel.php(54): CodeIgniter\Database\BaseBuilder->get()
#5 C:\xampp\htdocs\ikarisma\app\Controllers\Admin\Pengeluaran.php(25): App\Models\TransaksiModel->getlaporan()
#6 C:\xampp\htdocs\ikarisma\vendor\codeigniter4\framework\system\CodeIgniter.php(825): App\Controllers\Admin\Pengeluaran->laporan()
#7 C:\xampp\htdocs\ikarisma\vendor\codeigniter4\framework\system\CodeIgniter.php(412): CodeIgniter\CodeIgniter->runController(Object(App\Controllers\Admin\Pengeluaran))
#8 C:\xampp\htdocs\ikarisma\vendor\codeigniter4\framework\system\CodeIgniter.php(320): CodeIgniter\CodeIgniter->handleRequest(NULL, Object(Config\Cache), false)
#9 C:\xampp\htdocs\ikarisma\public\index.php(37): CodeIgniter\CodeIgniter->run()
#10 C:\xampp\htdocs\ikarisma\vendor\codeigniter4\framework\system\Commands\Server\rewrite.php(43): require_once('C:\\xampp\\htdocs...')
#11 {main}
CRITICAL - 2022-03-29 13:53:17 --> Undefined index: bayar
#0 C:\xampp\htdocs\ikarisma\app\Views\mimin\pengeluaran.php(39): CodeIgniter\Debug\Exceptions->errorHandler(8, 'Undefined index...', 'C:\\xampp\\htdocs...', 39, Array)
#1 C:\xampp\htdocs\ikarisma\vendor\codeigniter4\framework\system\View\View.php(210): include('C:\\xampp\\htdocs...')
#2 C:\xampp\htdocs\ikarisma\vendor\codeigniter4\framework\system\View\View.php(213): CodeIgniter\View\View->CodeIgniter\View\{closure}()
#3 C:\xampp\htdocs\ikarisma\vendor\codeigniter4\framework\system\Common.php(1089): CodeIgniter\View\View->render('mimin/pengeluar...', Array, true)
#4 C:\xampp\htdocs\ikarisma\app\Controllers\Admin\Pengeluaran.php(30): view('mimin/pengeluar...', Array)
#5 C:\xampp\htdocs\ikarisma\vendor\codeigniter4\framework\system\CodeIgniter.php(825): App\Controllers\Admin\Pengeluaran->laporan()
#6 C:\xampp\htdocs\ikarisma\vendor\codeigniter4\framework\system\CodeIgniter.php(412): CodeIgniter\CodeIgniter->runController(Object(App\Controllers\Admin\Pengeluaran))
#7 C:\xampp\htdocs\ikarisma\vendor\codeigniter4\framework\system\CodeIgniter.php(320): CodeIgniter\CodeIgniter->handleRequest(NULL, Object(Config\Cache), false)
#8 C:\xampp\htdocs\ikarisma\public\index.php(37): CodeIgniter\CodeIgniter->run()
#9 C:\xampp\htdocs\ikarisma\vendor\codeigniter4\framework\system\Commands\Server\rewrite.php(43): require_once('C:\\xampp\\htdocs...')
#10 {main}
CRITICAL - 2022-03-29 13:54:04 --> Undefined index: jml_transaksi
#0 C:\xampp\htdocs\ikarisma\app\Views\mimin\pengeluaran.php(39): CodeIgniter\Debug\Exceptions->errorHandler(8, 'Undefined index...', 'C:\\xampp\\htdocs...', 39, Array)
#1 C:\xampp\htdocs\ikarisma\vendor\codeigniter4\framework\system\View\View.php(210): include('C:\\xampp\\htdocs...')
#2 C:\xampp\htdocs\ikarisma\vendor\codeigniter4\framework\system\View\View.php(213): CodeIgniter\View\View->CodeIgniter\View\{closure}()
#3 C:\xampp\htdocs\ikarisma\vendor\codeigniter4\framework\system\Common.php(1089): CodeIgniter\View\View->render('mimin/pengeluar...', Array, true)
#4 C:\xampp\htdocs\ikarisma\app\Controllers\Admin\Pengeluaran.php(30): view('mimin/pengeluar...', Array)
#5 C:\xampp\htdocs\ikarisma\vendor\codeigniter4\framework\system\CodeIgniter.php(825): App\Controllers\Admin\Pengeluaran->laporan()
#6 C:\xampp\htdocs\ikarisma\vendor\codeigniter4\framework\system\CodeIgniter.php(412): CodeIgniter\CodeIgniter->runController(Object(App\Controllers\Admin\Pengeluaran))
#7 C:\xampp\htdocs\ikarisma\vendor\codeigniter4\framework\system\CodeIgniter.php(320): CodeIgniter\CodeIgniter->handleRequest(NULL, Object(Config\Cache), false)
#8 C:\xampp\htdocs\ikarisma\public\index.php(37): CodeIgniter\CodeIgniter->run()
#9 C:\xampp\htdocs\ikarisma\vendor\codeigniter4\framework\system\Commands\Server\rewrite.php(43): require_once('C:\\xampp\\htdocs...')
#10 {main}
CRITICAL - 2022-03-29 13:55:59 --> Undefined index: jml_transaksi
#0 C:\xampp\htdocs\ikarisma\app\Views\mimin\pengeluaran.php(39): CodeIgniter\Debug\Exceptions->errorHandler(8, 'Undefined index...', 'C:\\xampp\\htdocs...', 39, Array)
#1 C:\xampp\htdocs\ikarisma\vendor\codeigniter4\framework\system\View\View.php(210): include('C:\\xampp\\htdocs...')
#2 C:\xampp\htdocs\ikarisma\vendor\codeigniter4\framework\system\View\View.php(213): CodeIgniter\View\View->CodeIgniter\View\{closure}()
#3 C:\xampp\htdocs\ikarisma\vendor\codeigniter4\framework\system\Common.php(1089): CodeIgniter\View\View->render('mimin/pengeluar...', Array, true)
#4 C:\xampp\htdocs\ikarisma\app\Controllers\Admin\Pengeluaran.php(30): view('mimin/pengeluar...', Array)
#5 C:\xampp\htdocs\ikarisma\vendor\codeigniter4\framework\system\CodeIgniter.php(825): App\Controllers\Admin\Pengeluaran->laporan()
#6 C:\xampp\htdocs\ikarisma\vendor\codeigniter4\framework\system\CodeIgniter.php(412): CodeIgniter\CodeIgniter->runController(Object(App\Controllers\Admin\Pengeluaran))
#7 C:\xampp\htdocs\ikarisma\vendor\codeigniter4\framework\system\CodeIgniter.php(320): CodeIgniter\CodeIgniter->handleRequest(NULL, Object(Config\Cache), false)
#8 C:\xampp\htdocs\ikarisma\public\index.php(37): CodeIgniter\CodeIgniter->run()
#9 C:\xampp\htdocs\ikarisma\vendor\codeigniter4\framework\system\Commands\Server\rewrite.php(43): require_once('C:\\xampp\\htdocs...')
#10 {main}
CRITICAL - 2022-03-29 13:56:28 --> Trying to get property 'jml_transaksi' of non-object
#0 C:\xampp\htdocs\ikarisma\app\Views\mimin\pengeluaran.php(39): CodeIgniter\Debug\Exceptions->errorHandler(8, 'Trying to get p...', 'C:\\xampp\\htdocs...', 39, Array)
#1 C:\xampp\htdocs\ikarisma\vendor\codeigniter4\framework\system\View\View.php(210): include('C:\\xampp\\htdocs...')
#2 C:\xampp\htdocs\ikarisma\vendor\codeigniter4\framework\system\View\View.php(213): CodeIgniter\View\View->CodeIgniter\View\{closure}()
#3 C:\xampp\htdocs\ikarisma\vendor\codeigniter4\framework\system\Common.php(1089): CodeIgniter\View\View->render('mimin/pengeluar...', Array, true)
#4 C:\xampp\htdocs\ikarisma\app\Controllers\Admin\Pengeluaran.php(30): view('mimin/pengeluar...', Array)
#5 C:\xampp\htdocs\ikarisma\vendor\codeigniter4\framework\system\CodeIgniter.php(825): App\Controllers\Admin\Pengeluaran->laporan()
#6 C:\xampp\htdocs\ikarisma\vendor\codeigniter4\framework\system\CodeIgniter.php(412): CodeIgniter\CodeIgniter->runController(Object(App\Controllers\Admin\Pengeluaran))
#7 C:\xampp\htdocs\ikarisma\vendor\codeigniter4\framework\system\CodeIgniter.php(320): CodeIgniter\CodeIgniter->handleRequest(NULL, Object(Config\Cache), false)
#8 C:\xampp\htdocs\ikarisma\public\index.php(37): CodeIgniter\CodeIgniter->run()
#9 C:\xampp\htdocs\ikarisma\vendor\codeigniter4\framework\system\Commands\Server\rewrite.php(43): require_once('C:\\xampp\\htdocs...')
#10 {main}
CRITICAL - 2022-03-29 13:57:24 --> Undefined variable: laporan
#0 C:\xampp\htdocs\ikarisma\app\Views\mimin\pengeluaran.php(39): CodeIgniter\Debug\Exceptions->errorHandler(8, 'Undefined varia...', 'C:\\xampp\\htdocs...', 39, Array)
#1 C:\xampp\htdocs\ikarisma\vendor\codeigniter4\framework\system\View\View.php(210): include('C:\\xampp\\htdocs...')
#2 C:\xampp\htdocs\ikarisma\vendor\codeigniter4\framework\system\View\View.php(213): CodeIgniter\View\View->CodeIgniter\View\{closure}()
#3 C:\xampp\htdocs\ikarisma\vendor\codeigniter4\framework\system\Common.php(1089): CodeIgniter\View\View->render('mimin/pengeluar...', Array, true)
#4 C:\xampp\htdocs\ikarisma\app\Controllers\Admin\Pengeluaran.php(30): view('mimin/pengeluar...', Array)
#5 C:\xampp\htdocs\ikarisma\vendor\codeigniter4\framework\system\CodeIgniter.php(825): App\Controllers\Admin\Pengeluaran->laporan()
#6 C:\xampp\htdocs\ikarisma\vendor\codeigniter4\framework\system\CodeIgniter.php(412): CodeIgniter\CodeIgniter->runController(Object(App\Controllers\Admin\Pengeluaran))
#7 C:\xampp\htdocs\ikarisma\vendor\codeigniter4\framework\system\CodeIgniter.php(320): CodeIgniter\CodeIgniter->handleRequest(NULL, Object(Config\Cache), false)
#8 C:\xampp\htdocs\ikarisma\public\index.php(37): CodeIgniter\CodeIgniter->run()
#9 C:\xampp\htdocs\ikarisma\vendor\codeigniter4\framework\system\Commands\Server\rewrite.php(43): require_once('C:\\xampp\\htdocs...')
#10 {main}
CRITICAL - 2022-03-29 13:57:46 --> Undefined index: jml_transaksi
#0 C:\xampp\htdocs\ikarisma\app\Views\mimin\pengeluaran.php(39): CodeIgniter\Debug\Exceptions->errorHandler(8, 'Undefined index...', 'C:\\xampp\\htdocs...', 39, Array)
#1 C:\xampp\htdocs\ikarisma\vendor\codeigniter4\framework\system\View\View.php(210): include('C:\\xampp\\htdocs...')
#2 C:\xampp\htdocs\ikarisma\vendor\codeigniter4\framework\system\View\View.php(213): CodeIgniter\View\View->CodeIgniter\View\{closure}()
#3 C:\xampp\htdocs\ikarisma\vendor\codeigniter4\framework\system\Common.php(1089): CodeIgniter\View\View->render('mimin/pengeluar...', Array, true)
#4 C:\xampp\htdocs\ikarisma\app\Controllers\Admin\Pengeluaran.php(30): view('mimin/pengeluar...', Array)
#5 C:\xampp\htdocs\ikarisma\vendor\codeigniter4\framework\system\CodeIgniter.php(825): App\Controllers\Admin\Pengeluaran->laporan()
#6 C:\xampp\htdocs\ikarisma\vendor\codeigniter4\framework\system\CodeIgniter.php(412): CodeIgniter\CodeIgniter->runController(Object(App\Controllers\Admin\Pengeluaran))
#7 C:\xampp\htdocs\ikarisma\vendor\codeigniter4\framework\system\CodeIgniter.php(320): CodeIgniter\CodeIgniter->handleRequest(NULL, Object(Config\Cache), false)
#8 C:\xampp\htdocs\ikarisma\public\index.php(37): CodeIgniter\CodeIgniter->run()
#9 C:\xampp\htdocs\ikarisma\vendor\codeigniter4\framework\system\Commands\Server\rewrite.php(43): require_once('C:\\xampp\\htdocs...')
#10 {main}
CRITICAL - 2022-03-29 14:00:40 --> Cannot redeclare App\Controllers\Admin\Pengeluaran::pengeluaran()
#0 [internal function]: CodeIgniter\Debug\Exceptions->shutdownHandler()
#1 {main}
CRITICAL - 2022-03-29 14:02:10 --> Undefined index: jml_transaksi
#0 C:\xampp\htdocs\ikarisma\app\Views\mimin\pengeluaran.php(39): CodeIgniter\Debug\Exceptions->errorHandler(8, 'Undefined index...', 'C:\\xampp\\htdocs...', 39, Array)
#1 C:\xampp\htdocs\ikarisma\vendor\codeigniter4\framework\system\View\View.php(210): include('C:\\xampp\\htdocs...')
#2 C:\xampp\htdocs\ikarisma\vendor\codeigniter4\framework\system\View\View.php(213): CodeIgniter\View\View->CodeIgniter\View\{closure}()
#3 C:\xampp\htdocs\ikarisma\vendor\codeigniter4\framework\system\Common.php(1089): CodeIgniter\View\View->render('mimin/pengeluar...', Array, true)
#4 C:\xampp\htdocs\ikarisma\app\Controllers\Admin\Pengeluaran.php(30): view('mimin/pengeluar...', Array)
#5 C:\xampp\htdocs\ikarisma\vendor\codeigniter4\framework\system\CodeIgniter.php(825): App\Controllers\Admin\Pengeluaran->pengeluaran()
#6 C:\xampp\htdocs\ikarisma\vendor\codeigniter4\framework\system\CodeIgniter.php(412): CodeIgniter\CodeIgniter->runController(Object(App\Controllers\Admin\Pengeluaran))
#7 C:\xampp\htdocs\ikarisma\vendor\codeigniter4\framework\system\CodeIgniter.php(320): CodeIgniter\CodeIgniter->handleRequest(NULL, Object(Config\Cache), false)
#8 C:\xampp\htdocs\ikarisma\public\index.php(37): CodeIgniter\CodeIgniter->run()
#9 C:\xampp\htdocs\ikarisma\vendor\codeigniter4\framework\system\Commands\Server\rewrite.php(43): require_once('C:\\xampp\\htdocs...')
#10 {main}
CRITICAL - 2022-03-29 14:03:56 --> Undefined index: bayar
#0 C:\xampp\htdocs\ikarisma\app\Views\mimin\pengeluaran.php(39): CodeIgniter\Debug\Exceptions->errorHandler(8, 'Undefined index...', 'C:\\xampp\\htdocs...', 39, Array)
#1 C:\xampp\htdocs\ikarisma\vendor\codeigniter4\framework\system\View\View.php(210): include('C:\\xampp\\htdocs...')
#2 C:\xampp\htdocs\ikarisma\vendor\codeigniter4\framework\system\View\View.php(213): CodeIgniter\View\View->CodeIgniter\View\{closure}()
#3 C:\xampp\htdocs\ikarisma\vendor\codeigniter4\framework\system\Common.php(1089): CodeIgniter\View\View->render('mimin/pengeluar...', Array, true)
#4 C:\xampp\htdocs\ikarisma\app\Controllers\Admin\Pengeluaran.php(30): view('mimin/pengeluar...', Array)
#5 C:\xampp\htdocs\ikarisma\vendor\codeigniter4\framework\system\CodeIgniter.php(825): App\Controllers\Admin\Pengeluaran->pengeluaran()
#6 C:\xampp\htdocs\ikarisma\vendor\codeigniter4\framework\system\CodeIgniter.php(412): CodeIgniter\CodeIgniter->runController(Object(App\Controllers\Admin\Pengeluaran))
#7 C:\xampp\htdocs\ikarisma\vendor\codeigniter4\framework\system\CodeIgniter.php(320): CodeIgniter\CodeIgniter->handleRequest(NULL, Object(Config\Cache), false)
#8 C:\xampp\htdocs\ikarisma\public\index.php(37): CodeIgniter\CodeIgniter->run()
#9 C:\xampp\htdocs\ikarisma\vendor\codeigniter4\framework\system\Commands\Server\rewrite.php(43): require_once('C:\\xampp\\htdocs...')
#10 {main}
CRITICAL - 2022-03-29 14:12:50 --> syntax error, unexpected '$sql' (T_VARIABLE), expecting ';'
#0 C:\xampp\htdocs\ikarisma\vendor\codeigniter4\framework\system\Autoloader\Autoloader.php(241): CodeIgniter\Autoloader\Autoloader->includeFile('C:\\xampp\\htdocs...')
#1 C:\xampp\htdocs\ikarisma\vendor\codeigniter4\framework\system\Autoloader\Autoloader.php(219): CodeIgniter\Autoloader\Autoloader->loadInNamespace('App\\Models\\Tran...')
#2 [internal function]: CodeIgniter\Autoloader\Autoloader->loadClass('App\\Models\\Tran...')
#3 C:\xampp\htdocs\ikarisma\app\Controllers\Admin\Pengeluaran.php(21): spl_autoload_call('App\\Models\\Tran...')
#4 C:\xampp\htdocs\ikarisma\vendor\codeigniter4\framework\system\CodeIgniter.php(802): App\Controllers\Admin\Pengeluaran->__construct()
#5 C:\xampp\htdocs\ikarisma\vendor\codeigniter4\framework\system\CodeIgniter.php(403): CodeIgniter\CodeIgniter->createController()
#6 C:\xampp\htdocs\ikarisma\vendor\codeigniter4\framework\system\CodeIgniter.php(320): CodeIgniter\CodeIgniter->handleRequest(NULL, Object(Config\Cache), false)
#7 C:\xampp\htdocs\ikarisma\public\index.php(37): CodeIgniter\CodeIgniter->run()
#8 C:\xampp\htdocs\ikarisma\vendor\codeigniter4\framework\system\Commands\Server\rewrite.php(43): require_once('C:\\xampp\\htdocs...')
#9 {main}
CRITICAL - 2022-03-29 14:13:31 --> Undefined index: bayar
#0 C:\xampp\htdocs\ikarisma\app\Views\mimin\pengeluaran.php(39): CodeIgniter\Debug\Exceptions->errorHandler(8, 'Undefined index...', 'C:\\xampp\\htdocs...', 39, Array)
#1 C:\xampp\htdocs\ikarisma\vendor\codeigniter4\framework\system\View\View.php(210): include('C:\\xampp\\htdocs...')
#2 C:\xampp\htdocs\ikarisma\vendor\codeigniter4\framework\system\View\View.php(213): CodeIgniter\View\View->CodeIgniter\View\{closure}()
#3 C:\xampp\htdocs\ikarisma\vendor\codeigniter4\framework\system\Common.php(1089): CodeIgniter\View\View->render('mimin/pengeluar...', Array, true)
#4 C:\xampp\htdocs\ikarisma\app\Controllers\Admin\Pengeluaran.php(30): view('mimin/pengeluar...', Array)
#5 C:\xampp\htdocs\ikarisma\vendor\codeigniter4\framework\system\CodeIgniter.php(825): App\Controllers\Admin\Pengeluaran->pengeluaran()
#6 C:\xampp\htdocs\ikarisma\vendor\codeigniter4\framework\system\CodeIgniter.php(412): CodeIgniter\CodeIgniter->runController(Object(App\Controllers\Admin\Pengeluaran))
#7 C:\xampp\htdocs\ikarisma\vendor\codeigniter4\framework\system\CodeIgniter.php(320): CodeIgniter\CodeIgniter->handleRequest(NULL, Object(Config\Cache), false)
#8 C:\xampp\htdocs\ikarisma\public\index.php(37): CodeIgniter\CodeIgniter->run()
#9 C:\xampp\htdocs\ikarisma\vendor\codeigniter4\framework\system\Commands\Server\rewrite.php(43): require_once('C:\\xampp\\htdocs...')
#10 {main}
CRITICAL - 2022-03-29 14:19:26 --> Undefined index: id_transaksi
#0 C:\xampp\htdocs\ikarisma\app\Views\mimin\pengeluaran.php(39): CodeIgniter\Debug\Exceptions->errorHandler(8, 'Undefined index...', 'C:\\xampp\\htdocs...', 39, Array)
#1 C:\xampp\htdocs\ikarisma\vendor\codeigniter4\framework\system\View\View.php(210): include('C:\\xampp\\htdocs...')
#2 C:\xampp\htdocs\ikarisma\vendor\codeigniter4\framework\system\View\View.php(213): CodeIgniter\View\View->CodeIgniter\View\{closure}()
#3 C:\xampp\htdocs\ikarisma\vendor\codeigniter4\framework\system\Common.php(1089): CodeIgniter\View\View->render('mimin/pengeluar...', Array, true)
#4 C:\xampp\htdocs\ikarisma\app\Controllers\Admin\Pengeluaran.php(30): view('mimin/pengeluar...', Array)
#5 C:\xampp\htdocs\ikarisma\vendor\codeigniter4\framework\system\CodeIgniter.php(825): App\Controllers\Admin\Pengeluaran->pengeluaran()
#6 C:\xampp\htdocs\ikarisma\vendor\codeigniter4\framework\system\CodeIgniter.php(412): CodeIgniter\CodeIgniter->runController(Object(App\Controllers\Admin\Pengeluaran))
#7 C:\xampp\htdocs\ikarisma\vendor\codeigniter4\framework\system\CodeIgniter.php(320): CodeIgniter\CodeIgniter->handleRequest(NULL, Object(Config\Cache), false)
#8 C:\xampp\htdocs\ikarisma\public\index.php(37): CodeIgniter\CodeIgniter->run()
#9 C:\xampp\htdocs\ikarisma\vendor\codeigniter4\framework\system\Commands\Server\rewrite.php(43): require_once('C:\\xampp\\htdocs...')
#10 {main}
CRITICAL - 2022-03-29 14:20:25 --> Undefined index: tgl_pengeluaran
#0 C:\xampp\htdocs\ikarisma\app\Views\mimin\pengeluaran.php(39): CodeIgniter\Debug\Exceptions->errorHandler(8, 'Undefined index...', 'C:\\xampp\\htdocs...', 39, Array)
#1 C:\xampp\htdocs\ikarisma\vendor\codeigniter4\framework\system\View\View.php(210): include('C:\\xampp\\htdocs...')
#2 C:\xampp\htdocs\ikarisma\vendor\codeigniter4\framework\system\View\View.php(213): CodeIgniter\View\View->CodeIgniter\View\{closure}()
#3 C:\xampp\htdocs\ikarisma\vendor\codeigniter4\framework\system\Common.php(1089): CodeIgniter\View\View->render('mimin/pengeluar...', Array, true)
#4 C:\xampp\htdocs\ikarisma\app\Controllers\Admin\Pengeluaran.php(30): view('mimin/pengeluar...', Array)
#5 C:\xampp\htdocs\ikarisma\vendor\codeigniter4\framework\system\CodeIgniter.php(825): App\Controllers\Admin\Pengeluaran->pengeluaran()
#6 C:\xampp\htdocs\ikarisma\vendor\codeigniter4\framework\system\CodeIgniter.php(412): CodeIgniter\CodeIgniter->runController(Object(App\Controllers\Admin\Pengeluaran))
#7 C:\xampp\htdocs\ikarisma\vendor\codeigniter4\framework\system\CodeIgniter.php(320): CodeIgniter\CodeIgniter->handleRequest(NULL, Object(Config\Cache), false)
#8 C:\xampp\htdocs\ikarisma\public\index.php(37): CodeIgniter\CodeIgniter->run()
#9 C:\xampp\htdocs\ikarisma\vendor\codeigniter4\framework\system\Commands\Server\rewrite.php(43): require_once('C:\\xampp\\htdocs...')
#10 {main}
CRITICAL - 2022-03-29 14:21:19 --> Undefined index: tgl_pengeluaran
#0 C:\xampp\htdocs\ikarisma\app\Views\mimin\pengeluaran.php(39): CodeIgniter\Debug\Exceptions->errorHandler(8, 'Undefined index...', 'C:\\xampp\\htdocs...', 39, Array)
#1 C:\xampp\htdocs\ikarisma\vendor\codeigniter4\framework\system\View\View.php(210): include('C:\\xampp\\htdocs...')
#2 C:\xampp\htdocs\ikarisma\vendor\codeigniter4\framework\system\View\View.php(213): CodeIgniter\View\View->CodeIgniter\View\{closure}()
#3 C:\xampp\htdocs\ikarisma\vendor\codeigniter4\framework\system\Common.php(1089): CodeIgniter\View\View->render('mimin/pengeluar...', Array, true)
#4 C:\xampp\htdocs\ikarisma\app\Controllers\Admin\Pengeluaran.php(30): view('mimin/pengeluar...', Array)
#5 C:\xampp\htdocs\ikarisma\vendor\codeigniter4\framework\system\CodeIgniter.php(825): App\Controllers\Admin\Pengeluaran->pengeluaran()
#6 C:\xampp\htdocs\ikarisma\vendor\codeigniter4\framework\system\CodeIgniter.php(412): CodeIgniter\CodeIgniter->runController(Object(App\Controllers\Admin\Pengeluaran))
#7 C:\xampp\htdocs\ikarisma\vendor\codeigniter4\framework\system\CodeIgniter.php(320): CodeIgniter\CodeIgniter->handleRequest(NULL, Object(Config\Cache), false)
#8 C:\xampp\htdocs\ikarisma\public\index.php(37): CodeIgniter\CodeIgniter->run()
#9 C:\xampp\htdocs\ikarisma\vendor\codeigniter4\framework\system\Commands\Server\rewrite.php(43): require_once('C:\\xampp\\htdocs...')
#10 {main}
CRITICAL - 2022-03-29 14:22:29 --> Undefined index: tgl_pengeluaran
#0 C:\xampp\htdocs\ikarisma\app\Views\mimin\pengeluaran.php(39): CodeIgniter\Debug\Exceptions->errorHandler(8, 'Undefined index...', 'C:\\xampp\\htdocs...', 39, Array)
#1 C:\xampp\htdocs\ikarisma\vendor\codeigniter4\framework\system\View\View.php(210): include('C:\\xampp\\htdocs...')
#2 C:\xampp\htdocs\ikarisma\vendor\codeigniter4\framework\system\View\View.php(213): CodeIgniter\View\View->CodeIgniter\View\{closure}()
#3 C:\xampp\htdocs\ikarisma\vendor\codeigniter4\framework\system\Common.php(1089): CodeIgniter\View\View->render('mimin/pengeluar...', Array, true)
#4 C:\xampp\htdocs\ikarisma\app\Controllers\Admin\Pengeluaran.php(30): view('mimin/pengeluar...', Array)
#5 C:\xampp\htdocs\ikarisma\vendor\codeigniter4\framework\system\CodeIgniter.php(825): App\Controllers\Admin\Pengeluaran->pengeluaran()
#6 C:\xampp\htdocs\ikarisma\vendor\codeigniter4\framework\system\CodeIgniter.php(412): CodeIgniter\CodeIgniter->runController(Object(App\Controllers\Admin\Pengeluaran))
#7 C:\xampp\htdocs\ikarisma\vendor\codeigniter4\framework\system\CodeIgniter.php(320): CodeIgniter\CodeIgniter->handleRequest(NULL, Object(Config\Cache), false)
#8 C:\xampp\htdocs\ikarisma\public\index.php(37): CodeIgniter\CodeIgniter->run()
#9 C:\xampp\htdocs\ikarisma\vendor\codeigniter4\framework\system\Commands\Server\rewrite.php(43): require_once('C:\\xampp\\htdocs...')
#10 {main}
CRITICAL - 2022-03-29 14:22:53 --> Undefined variable: pengeluaran
#0 C:\xampp\htdocs\ikarisma\app\Views\mimin\pengeluaran.php(39): CodeIgniter\Debug\Exceptions->errorHandler(8, 'Undefined varia...', 'C:\\xampp\\htdocs...', 39, Array)
#1 C:\xampp\htdocs\ikarisma\vendor\codeigniter4\framework\system\View\View.php(210): include('C:\\xampp\\htdocs...')
#2 C:\xampp\htdocs\ikarisma\vendor\codeigniter4\framework\system\View\View.php(213): CodeIgniter\View\View->CodeIgniter\View\{closure}()
#3 C:\xampp\htdocs\ikarisma\vendor\codeigniter4\framework\system\Common.php(1089): CodeIgniter\View\View->render('mimin/pengeluar...', Array, true)
#4 C:\xampp\htdocs\ikarisma\app\Controllers\Admin\Pengeluaran.php(30): view('mimin/pengeluar...', Array)
#5 C:\xampp\htdocs\ikarisma\vendor\codeigniter4\framework\system\CodeIgniter.php(825): App\Controllers\Admin\Pengeluaran->pengeluaran()
#6 C:\xampp\htdocs\ikarisma\vendor\codeigniter4\framework\system\CodeIgniter.php(412): CodeIgniter\CodeIgniter->runController(Object(App\Controllers\Admin\Pengeluaran))
#7 C:\xampp\htdocs\ikarisma\vendor\codeigniter4\framework\system\CodeIgniter.php(320): CodeIgniter\CodeIgniter->handleRequest(NULL, Object(Config\Cache), false)
#8 C:\xampp\htdocs\ikarisma\public\index.php(37): CodeIgniter\CodeIgniter->run()
#9 C:\xampp\htdocs\ikarisma\vendor\codeigniter4\framework\system\Commands\Server\rewrite.php(43): require_once('C:\\xampp\\htdocs...')
#10 {main}
CRITICAL - 2022-03-29 14:23:14 --> Undefined variable: pengeluaran
#0 C:\xampp\htdocs\ikarisma\app\Views\mimin\pengeluaran.php(39): CodeIgniter\Debug\Exceptions->errorHandler(8, 'Undefined varia...', 'C:\\xampp\\htdocs...', 39, Array)
#1 C:\xampp\htdocs\ikarisma\vendor\codeigniter4\framework\system\View\View.php(210): include('C:\\xampp\\htdocs...')
#2 C:\xampp\htdocs\ikarisma\vendor\codeigniter4\framework\system\View\View.php(213): CodeIgniter\View\View->CodeIgniter\View\{closure}()
#3 C:\xampp\htdocs\ikarisma\vendor\codeigniter4\framework\system\Common.php(1089): CodeIgniter\View\View->render('mimin/pengeluar...', Array, true)
#4 C:\xampp\htdocs\ikarisma\app\Controllers\Admin\Pengeluaran.php(30): view('mimin/pengeluar...', Array)
#5 C:\xampp\htdocs\ikarisma\vendor\codeigniter4\framework\system\CodeIgniter.php(825): App\Controllers\Admin\Pengeluaran->pengeluaran()
#6 C:\xampp\htdocs\ikarisma\vendor\codeigniter4\framework\system\CodeIgniter.php(412): CodeIgniter\CodeIgniter->runController(Object(App\Controllers\Admin\Pengeluaran))
#7 C:\xampp\htdocs\ikarisma\vendor\codeigniter4\framework\system\CodeIgniter.php(320): CodeIgniter\CodeIgniter->handleRequest(NULL, Object(Config\Cache), false)
#8 C:\xampp\htdocs\ikarisma\public\index.php(37): CodeIgniter\CodeIgniter->run()
#9 C:\xampp\htdocs\ikarisma\vendor\codeigniter4\framework\system\Commands\Server\rewrite.php(43): require_once('C:\\xampp\\htdocs...')
#10 {main}
CRITICAL - 2022-03-29 14:23:40 --> Undefined variable: pengeluaran
#0 C:\xampp\htdocs\ikarisma\app\Views\mimin\pengeluaran.php(39): CodeIgniter\Debug\Exceptions->errorHandler(8, 'Undefined varia...', 'C:\\xampp\\htdocs...', 39, Array)
#1 C:\xampp\htdocs\ikarisma\vendor\codeigniter4\framework\system\View\View.php(210): include('C:\\xampp\\htdocs...')
#2 C:\xampp\htdocs\ikarisma\vendor\codeigniter4\framework\system\View\View.php(213): CodeIgniter\View\View->CodeIgniter\View\{closure}()
#3 C:\xampp\htdocs\ikarisma\vendor\codeigniter4\framework\system\Common.php(1089): CodeIgniter\View\View->render('mimin/pengeluar...', Array, true)
#4 C:\xampp\htdocs\ikarisma\app\Controllers\Admin\Pengeluaran.php(30): view('mimin/pengeluar...', Array)
#5 C:\xampp\htdocs\ikarisma\vendor\codeigniter4\framework\system\CodeIgniter.php(825): App\Controllers\Admin\Pengeluaran->pengeluaran()
#6 C:\xampp\htdocs\ikarisma\vendor\codeigniter4\framework\system\CodeIgniter.php(412): CodeIgniter\CodeIgniter->runController(Object(App\Controllers\Admin\Pengeluaran))
#7 C:\xampp\htdocs\ikarisma\vendor\codeigniter4\framework\system\CodeIgniter.php(320): CodeIgniter\CodeIgniter->handleRequest(NULL, Object(Config\Cache), false)
#8 C:\xampp\htdocs\ikarisma\public\index.php(37): CodeIgniter\CodeIgniter->run()
#9 C:\xampp\htdocs\ikarisma\vendor\codeigniter4\framework\system\Commands\Server\rewrite.php(43): require_once('C:\\xampp\\htdocs...')
#10 {main}
CRITICAL - 2022-03-29 14:23:54 --> Undefined variable: pengeluaran
#0 C:\xampp\htdocs\ikarisma\app\Views\mimin\pengeluaran.php(39): CodeIgniter\Debug\Exceptions->errorHandler(8, 'Undefined varia...', 'C:\\xampp\\htdocs...', 39, Array)
#1 C:\xampp\htdocs\ikarisma\vendor\codeigniter4\framework\system\View\View.php(210): include('C:\\xampp\\htdocs...')
#2 C:\xampp\htdocs\ikarisma\vendor\codeigniter4\framework\system\View\View.php(213): CodeIgniter\View\View->CodeIgniter\View\{closure}()
#3 C:\xampp\htdocs\ikarisma\vendor\codeigniter4\framework\system\Common.php(1089): CodeIgniter\View\View->render('mimin/pengeluar...', Array, true)
#4 C:\xampp\htdocs\ikarisma\app\Controllers\Admin\Pengeluaran.php(30): view('mimin/pengeluar...', Array)
#5 C:\xampp\htdocs\ikarisma\vendor\codeigniter4\framework\system\CodeIgniter.php(825): App\Controllers\Admin\Pengeluaran->pengeluaran()
#6 C:\xampp\htdocs\ikarisma\vendor\codeigniter4\framework\system\CodeIgniter.php(412): CodeIgniter\CodeIgniter->runController(Object(App\Controllers\Admin\Pengeluaran))
#7 C:\xampp\htdocs\ikarisma\vendor\codeigniter4\framework\system\CodeIgniter.php(320): CodeIgniter\CodeIgniter->handleRequest(NULL, Object(Config\Cache), false)
#8 C:\xampp\htdocs\ikarisma\public\index.php(37): CodeIgniter\CodeIgniter->run()
#9 C:\xampp\htdocs\ikarisma\vendor\codeigniter4\framework\system\Commands\Server\rewrite.php(43): require_once('C:\\xampp\\htdocs...')
#10 {main}
CRITICAL - 2022-03-29 14:24:24 --> Undefined variable: pengeluaran
#0 C:\xampp\htdocs\ikarisma\app\Views\mimin\pengeluaran.php(39): CodeIgniter\Debug\Exceptions->errorHandler(8, 'Undefined varia...', 'C:\\xampp\\htdocs...', 39, Array)
#1 C:\xampp\htdocs\ikarisma\vendor\codeigniter4\framework\system\View\View.php(210): include('C:\\xampp\\htdocs...')
#2 C:\xampp\htdocs\ikarisma\vendor\codeigniter4\framework\system\View\View.php(213): CodeIgniter\View\View->CodeIgniter\View\{closure}()
#3 C:\xampp\htdocs\ikarisma\vendor\codeigniter4\framework\system\Common.php(1089): CodeIgniter\View\View->render('mimin/pengeluar...', Array, true)
#4 C:\xampp\htdocs\ikarisma\app\Controllers\Admin\Pengeluaran.php(30): view('mimin/pengeluar...', Array)
#5 C:\xampp\htdocs\ikarisma\vendor\codeigniter4\framework\system\CodeIgniter.php(825): App\Controllers\Admin\Pengeluaran->pengeluaran()
#6 C:\xampp\htdocs\ikarisma\vendor\codeigniter4\framework\system\CodeIgniter.php(412): CodeIgniter\CodeIgniter->runController(Object(App\Controllers\Admin\Pengeluaran))
#7 C:\xampp\htdocs\ikarisma\vendor\codeigniter4\framework\system\CodeIgniter.php(320): CodeIgniter\CodeIgniter->handleRequest(NULL, Object(Config\Cache), false)
#8 C:\xampp\htdocs\ikarisma\public\index.php(37): CodeIgniter\CodeIgniter->run()
#9 C:\xampp\htdocs\ikarisma\vendor\codeigniter4\framework\system\Commands\Server\rewrite.php(43): require_once('C:\\xampp\\htdocs...')
#10 {main}
CRITICAL - 2022-03-29 14:24:44 --> Undefined index: bayar
#0 C:\xampp\htdocs\ikarisma\app\Views\mimin\pengeluaran.php(39): CodeIgniter\Debug\Exceptions->errorHandler(8, 'Undefined index...', 'C:\\xampp\\htdocs...', 39, Array)
#1 C:\xampp\htdocs\ikarisma\vendor\codeigniter4\framework\system\View\View.php(210): include('C:\\xampp\\htdocs...')
#2 C:\xampp\htdocs\ikarisma\vendor\codeigniter4\framework\system\View\View.php(213): CodeIgniter\View\View->CodeIgniter\View\{closure}()
#3 C:\xampp\htdocs\ikarisma\vendor\codeigniter4\framework\system\Common.php(1089): CodeIgniter\View\View->render('mimin/pengeluar...', Array, true)
#4 C:\xampp\htdocs\ikarisma\app\Controllers\Admin\Pengeluaran.php(30): view('mimin/pengeluar...', Array)
#5 C:\xampp\htdocs\ikarisma\vendor\codeigniter4\framework\system\CodeIgniter.php(825): App\Controllers\Admin\Pengeluaran->pengeluaran()
#6 C:\xampp\htdocs\ikarisma\vendor\codeigniter4\framework\system\CodeIgniter.php(412): CodeIgniter\CodeIgniter->runController(Object(App\Controllers\Admin\Pengeluaran))
#7 C:\xampp\htdocs\ikarisma\vendor\codeigniter4\framework\system\CodeIgniter.php(320): CodeIgniter\CodeIgniter->handleRequest(NULL, Object(Config\Cache), false)
#8 C:\xampp\htdocs\ikarisma\public\index.php(37): CodeIgniter\CodeIgniter->run()
#9 C:\xampp\htdocs\ikarisma\vendor\codeigniter4\framework\system\Commands\Server\rewrite.php(43): require_once('C:\\xampp\\htdocs...')
#10 {main}
CRITICAL - 2022-03-29 14:25:31 --> Undefined index: bayar
#0 C:\xampp\htdocs\ikarisma\app\Views\mimin\pengeluaran.php(39): CodeIgniter\Debug\Exceptions->errorHandler(8, 'Undefined index...', 'C:\\xampp\\htdocs...', 39, Array)
#1 C:\xampp\htdocs\ikarisma\vendor\codeigniter4\framework\system\View\View.php(210): include('C:\\xampp\\htdocs...')
#2 C:\xampp\htdocs\ikarisma\vendor\codeigniter4\framework\system\View\View.php(213): CodeIgniter\View\View->CodeIgniter\View\{closure}()
#3 C:\xampp\htdocs\ikarisma\vendor\codeigniter4\framework\system\Common.php(1089): CodeIgniter\View\View->render('mimin/pengeluar...', Array, true)
#4 C:\xampp\htdocs\ikarisma\app\Controllers\Admin\Pengeluaran.php(30): view('mimin/pengeluar...', Array)
#5 C:\xampp\htdocs\ikarisma\vendor\codeigniter4\framework\system\CodeIgniter.php(825): App\Controllers\Admin\Pengeluaran->pengeluaran()
#6 C:\xampp\htdocs\ikarisma\vendor\codeigniter4\framework\system\CodeIgniter.php(412): CodeIgniter\CodeIgniter->runController(Object(App\Controllers\Admin\Pengeluaran))
#7 C:\xampp\htdocs\ikarisma\vendor\codeigniter4\framework\system\CodeIgniter.php(320): CodeIgniter\CodeIgniter->handleRequest(NULL, Object(Config\Cache), false)
#8 C:\xampp\htdocs\ikarisma\public\index.php(37): CodeIgniter\CodeIgniter->run()
#9 C:\xampp\htdocs\ikarisma\vendor\codeigniter4\framework\system\Commands\Server\rewrite.php(43): require_once('C:\\xampp\\htdocs...')
#10 {main}
CRITICAL - 2022-03-29 14:29:08 --> Undefined index: bayar
#0 C:\xampp\htdocs\ikarisma\app\Views\mimin\pengeluaran.php(39): CodeIgniter\Debug\Exceptions->errorHandler(8, 'Undefined index...', 'C:\\xampp\\htdocs...', 39, Array)
#1 C:\xampp\htdocs\ikarisma\vendor\codeigniter4\framework\system\View\View.php(210): include('C:\\xampp\\htdocs...')
#2 C:\xampp\htdocs\ikarisma\vendor\codeigniter4\framework\system\View\View.php(213): CodeIgniter\View\View->CodeIgniter\View\{closure}()
#3 C:\xampp\htdocs\ikarisma\vendor\codeigniter4\framework\system\Common.php(1089): CodeIgniter\View\View->render('mimin/pengeluar...', Array, true)
#4 C:\xampp\htdocs\ikarisma\app\Controllers\Admin\Pengeluaran.php(30): view('mimin/pengeluar...', Array)
#5 C:\xampp\htdocs\ikarisma\vendor\codeigniter4\framework\system\CodeIgniter.php(825): App\Controllers\Admin\Pengeluaran->pengeluaran()
#6 C:\xampp\htdocs\ikarisma\vendor\codeigniter4\framework\system\CodeIgniter.php(412): CodeIgniter\CodeIgniter->runController(Object(App\Controllers\Admin\Pengeluaran))
#7 C:\xampp\htdocs\ikarisma\vendor\codeigniter4\framework\system\CodeIgniter.php(320): CodeIgniter\CodeIgniter->handleRequest(NULL, Object(Config\Cache), false)
#8 C:\xampp\htdocs\ikarisma\public\index.php(37): CodeIgniter\CodeIgniter->run()
#9 C:\xampp\htdocs\ikarisma\vendor\codeigniter4\framework\system\Commands\Server\rewrite.php(43): require_once('C:\\xampp\\htdocs...')
#10 {main}
CRITICAL - 2022-03-29 14:32:08 --> Undefined property: App\Controllers\Admin\Pengeluaran::$laporan
#0 C:\xampp\htdocs\ikarisma\app\Controllers\Admin\Pengeluaran.php(24): CodeIgniter\Debug\Exceptions->errorHandler(8, 'Undefined prope...', 'C:\\xampp\\htdocs...', 24, Array)
#1 C:\xampp\htdocs\ikarisma\vendor\codeigniter4\framework\system\CodeIgniter.php(825): App\Controllers\Admin\Pengeluaran->pengeluaran()
#2 C:\xampp\htdocs\ikarisma\vendor\codeigniter4\framework\system\CodeIgniter.php(412): CodeIgniter\CodeIgniter->runController(Object(App\Controllers\Admin\Pengeluaran))
#3 C:\xampp\htdocs\ikarisma\vendor\codeigniter4\framework\system\CodeIgniter.php(320): CodeIgniter\CodeIgniter->handleRequest(NULL, Object(Config\Cache), false)
#4 C:\xampp\htdocs\ikarisma\public\index.php(37): CodeIgniter\CodeIgniter->run()
#5 C:\xampp\htdocs\ikarisma\vendor\codeigniter4\framework\system\Commands\Server\rewrite.php(43): require_once('C:\\xampp\\htdocs...')
#6 {main}
CRITICAL - 2022-03-29 14:32:20 --> Undefined index: bayar
#0 C:\xampp\htdocs\ikarisma\app\Views\mimin\pengeluaran.php(39): CodeIgniter\Debug\Exceptions->errorHandler(8, 'Undefined index...', 'C:\\xampp\\htdocs...', 39, Array)
#1 C:\xampp\htdocs\ikarisma\vendor\codeigniter4\framework\system\View\View.php(210): include('C:\\xampp\\htdocs...')
#2 C:\xampp\htdocs\ikarisma\vendor\codeigniter4\framework\system\View\View.php(213): CodeIgniter\View\View->CodeIgniter\View\{closure}()
#3 C:\xampp\htdocs\ikarisma\vendor\codeigniter4\framework\system\Common.php(1089): CodeIgniter\View\View->render('mimin/pengeluar...', Array, true)
#4 C:\xampp\htdocs\ikarisma\app\Controllers\Admin\Pengeluaran.php(29): view('mimin/pengeluar...', Array)
#5 C:\xampp\htdocs\ikarisma\vendor\codeigniter4\framework\system\CodeIgniter.php(825): App\Controllers\Admin\Pengeluaran->pengeluaran()
#6 C:\xampp\htdocs\ikarisma\vendor\codeigniter4\framework\system\CodeIgniter.php(412): CodeIgniter\CodeIgniter->runController(Object(App\Controllers\Admin\Pengeluaran))
#7 C:\xampp\htdocs\ikarisma\vendor\codeigniter4\framework\system\CodeIgniter.php(320): CodeIgniter\CodeIgniter->handleRequest(NULL, Object(Config\Cache), false)
#8 C:\xampp\htdocs\ikarisma\public\index.php(37): CodeIgniter\CodeIgniter->run()
#9 C:\xampp\htdocs\ikarisma\vendor\codeigniter4\framework\system\Commands\Server\rewrite.php(43): require_once('C:\\xampp\\htdocs...')
#10 {main}
CRITICAL - 2022-03-29 14:37:17 --> Undefined index: bayar
#0 C:\xampp\htdocs\ikarisma\app\Views\mimin\pengeluaran.php(39): CodeIgniter\Debug\Exceptions->errorHandler(8, 'Undefined index...', 'C:\\xampp\\htdocs...', 39, Array)
#1 C:\xampp\htdocs\ikarisma\vendor\codeigniter4\framework\system\View\View.php(210): include('C:\\xampp\\htdocs...')
#2 C:\xampp\htdocs\ikarisma\vendor\codeigniter4\framework\system\View\View.php(213): CodeIgniter\View\View->CodeIgniter\View\{closure}()
#3 C:\xampp\htdocs\ikarisma\vendor\codeigniter4\framework\system\Common.php(1089): CodeIgniter\View\View->render('mimin/pengeluar...', Array, true)
#4 C:\xampp\htdocs\ikarisma\app\Controllers\Admin\Pengeluaran.php(29): view('mimin/pengeluar...', Array)
#5 C:\xampp\htdocs\ikarisma\vendor\codeigniter4\framework\system\CodeIgniter.php(825): App\Controllers\Admin\Pengeluaran->pengeluaran()
#6 C:\xampp\htdocs\ikarisma\vendor\codeigniter4\framework\system\CodeIgniter.php(412): CodeIgniter\CodeIgniter->runController(Object(App\Controllers\Admin\Pengeluaran))
#7 C:\xampp\htdocs\ikarisma\vendor\codeigniter4\framework\system\CodeIgniter.php(320): CodeIgniter\CodeIgniter->handleRequest(NULL, Object(Config\Cache), false)
#8 C:\xampp\htdocs\ikarisma\public\index.php(37): CodeIgniter\CodeIgniter->run()
#9 C:\xampp\htdocs\ikarisma\vendor\codeigniter4\framework\system\Commands\Server\rewrite.php(43): require_once('C:\\xampp\\htdocs...')
#10 {main}
CRITICAL - 2022-03-29 14:38:34 --> Undefined index: id_transaksi
#0 C:\xampp\htdocs\ikarisma\app\Views\mimin\pengeluaran.php(39): CodeIgniter\Debug\Exceptions->errorHandler(8, 'Undefined index...', 'C:\\xampp\\htdocs...', 39, Array)
#1 C:\xampp\htdocs\ikarisma\vendor\codeigniter4\framework\system\View\View.php(210): include('C:\\xampp\\htdocs...')
#2 C:\xampp\htdocs\ikarisma\vendor\codeigniter4\framework\system\View\View.php(213): CodeIgniter\View\View->CodeIgniter\View\{closure}()
#3 C:\xampp\htdocs\ikarisma\vendor\codeigniter4\framework\system\Common.php(1089): CodeIgniter\View\View->render('mimin/pengeluar...', Array, true)
#4 C:\xampp\htdocs\ikarisma\app\Controllers\Admin\Pengeluaran.php(29): view('mimin/pengeluar...', Array)
#5 C:\xampp\htdocs\ikarisma\vendor\codeigniter4\framework\system\CodeIgniter.php(825): App\Controllers\Admin\Pengeluaran->pengeluaran()
#6 C:\xampp\htdocs\ikarisma\vendor\codeigniter4\framework\system\CodeIgniter.php(412): CodeIgniter\CodeIgniter->runController(Object(App\Controllers\Admin\Pengeluaran))
#7 C:\xampp\htdocs\ikarisma\vendor\codeigniter4\framework\system\CodeIgniter.php(320): CodeIgniter\CodeIgniter->handleRequest(NULL, Object(Config\Cache), false)
#8 C:\xampp\htdocs\ikarisma\public\index.php(37): CodeIgniter\CodeIgniter->run()
#9 C:\xampp\htdocs\ikarisma\vendor\codeigniter4\framework\system\Commands\Server\rewrite.php(43): require_once('C:\\xampp\\htdocs...')
#10 {main}
CRITICAL - 2022-03-29 14:39:30 --> Undefined index: id_transaksi
#0 C:\xampp\htdocs\ikarisma\app\Views\mimin\pengeluaran.php(39): CodeIgniter\Debug\Exceptions->errorHandler(8, 'Undefined index...', 'C:\\xampp\\htdocs...', 39, Array)
#1 C:\xampp\htdocs\ikarisma\vendor\codeigniter4\framework\system\View\View.php(210): include('C:\\xampp\\htdocs...')
#2 C:\xampp\htdocs\ikarisma\vendor\codeigniter4\framework\system\View\View.php(213): CodeIgniter\View\View->CodeIgniter\View\{closure}()
#3 C:\xampp\htdocs\ikarisma\vendor\codeigniter4\framework\system\Common.php(1089): CodeIgniter\View\View->render('mimin/pengeluar...', Array, true)
#4 C:\xampp\htdocs\ikarisma\app\Controllers\Admin\Pengeluaran.php(29): view('mimin/pengeluar...', Array)
#5 C:\xampp\htdocs\ikarisma\vendor\codeigniter4\framework\system\CodeIgniter.php(825): App\Controllers\Admin\Pengeluaran->pengeluaran()
#6 C:\xampp\htdocs\ikarisma\vendor\codeigniter4\framework\system\CodeIgniter.php(412): CodeIgniter\CodeIgniter->runController(Object(App\Controllers\Admin\Pengeluaran))
#7 C:\xampp\htdocs\ikarisma\vendor\codeigniter4\framework\system\CodeIgniter.php(320): CodeIgniter\CodeIgniter->handleRequest(NULL, Object(Config\Cache), false)
#8 C:\xampp\htdocs\ikarisma\public\index.php(37): CodeIgniter\CodeIgniter->run()
#9 C:\xampp\htdocs\ikarisma\vendor\codeigniter4\framework\system\Commands\Server\rewrite.php(43): require_once('C:\\xampp\\htdocs...')
#10 {main}
CRITICAL - 2022-03-29 14:41:28 --> Undefined index: id_transaksi
#0 C:\xampp\htdocs\ikarisma\app\Views\mimin\pengeluaran.php(39): CodeIgniter\Debug\Exceptions->errorHandler(8, 'Undefined index...', 'C:\\xampp\\htdocs...', 39, Array)
#1 C:\xampp\htdocs\ikarisma\vendor\codeigniter4\framework\system\View\View.php(210): include('C:\\xampp\\htdocs...')
#2 C:\xampp\htdocs\ikarisma\vendor\codeigniter4\framework\system\View\View.php(213): CodeIgniter\View\View->CodeIgniter\View\{closure}()
#3 C:\xampp\htdocs\ikarisma\vendor\codeigniter4\framework\system\Common.php(1089): CodeIgniter\View\View->render('mimin/pengeluar...', Array, true)
#4 C:\xampp\htdocs\ikarisma\app\Controllers\Admin\Pengeluaran.php(29): view('mimin/pengeluar...', Array)
#5 C:\xampp\htdocs\ikarisma\vendor\codeigniter4\framework\system\CodeIgniter.php(825): App\Controllers\Admin\Pengeluaran->pengeluaran()
#6 C:\xampp\htdocs\ikarisma\vendor\codeigniter4\framework\system\CodeIgniter.php(412): CodeIgniter\CodeIgniter->runController(Object(App\Controllers\Admin\Pengeluaran))
#7 C:\xampp\htdocs\ikarisma\vendor\codeigniter4\framework\system\CodeIgniter.php(320): CodeIgniter\CodeIgniter->handleRequest(NULL, Object(Config\Cache), false)
#8 C:\xampp\htdocs\ikarisma\public\index.php(37): CodeIgniter\CodeIgniter->run()
#9 C:\xampp\htdocs\ikarisma\vendor\codeigniter4\framework\system\Commands\Server\rewrite.php(43): require_once('C:\\xampp\\htdocs...')
#10 {main}
CRITICAL - 2022-03-29 14:42:07 --> Undefined index: 
#0 C:\xampp\htdocs\ikarisma\app\Views\mimin\pengeluaran.php(39): CodeIgniter\Debug\Exceptions->errorHandler(8, 'Undefined index...', 'C:\\xampp\\htdocs...', 39, Array)
#1 C:\xampp\htdocs\ikarisma\vendor\codeigniter4\framework\system\View\View.php(210): include('C:\\xampp\\htdocs...')
#2 C:\xampp\htdocs\ikarisma\vendor\codeigniter4\framework\system\View\View.php(213): CodeIgniter\View\View->CodeIgniter\View\{closure}()
#3 C:\xampp\htdocs\ikarisma\vendor\codeigniter4\framework\system\Common.php(1089): CodeIgniter\View\View->render('mimin/pengeluar...', Array, true)
#4 C:\xampp\htdocs\ikarisma\app\Controllers\Admin\Pengeluaran.php(29): view('mimin/pengeluar...', Array)
#5 C:\xampp\htdocs\ikarisma\vendor\codeigniter4\framework\system\CodeIgniter.php(825): App\Controllers\Admin\Pengeluaran->pengeluaran()
#6 C:\xampp\htdocs\ikarisma\vendor\codeigniter4\framework\system\CodeIgniter.php(412): CodeIgniter\CodeIgniter->runController(Object(App\Controllers\Admin\Pengeluaran))
#7 C:\xampp\htdocs\ikarisma\vendor\codeigniter4\framework\system\CodeIgniter.php(320): CodeIgniter\CodeIgniter->handleRequest(NULL, Object(Config\Cache), false)
#8 C:\xampp\htdocs\ikarisma\public\index.php(37): CodeIgniter\CodeIgniter->run()
#9 C:\xampp\htdocs\ikarisma\vendor\codeigniter4\framework\system\Commands\Server\rewrite.php(43): require_once('C:\\xampp\\htdocs...')
#10 {main}
CRITICAL - 2022-03-29 14:44:29 --> Undefined index: id_transaksi
#0 C:\xampp\htdocs\ikarisma\app\Views\mimin\pengeluaran.php(39): CodeIgniter\Debug\Exceptions->errorHandler(8, 'Undefined index...', 'C:\\xampp\\htdocs...', 39, Array)
#1 C:\xampp\htdocs\ikarisma\vendor\codeigniter4\framework\system\View\View.php(210): include('C:\\xampp\\htdocs...')
#2 C:\xampp\htdocs\ikarisma\vendor\codeigniter4\framework\system\View\View.php(213): CodeIgniter\View\View->CodeIgniter\View\{closure}()
#3 C:\xampp\htdocs\ikarisma\vendor\codeigniter4\framework\system\Common.php(1089): CodeIgniter\View\View->render('mimin/pengeluar...', Array, true)
#4 C:\xampp\htdocs\ikarisma\app\Controllers\Admin\Pengeluaran.php(29): view('mimin/pengeluar...', Array)
#5 C:\xampp\htdocs\ikarisma\vendor\codeigniter4\framework\system\CodeIgniter.php(825): App\Controllers\Admin\Pengeluaran->pengeluaran()
#6 C:\xampp\htdocs\ikarisma\vendor\codeigniter4\framework\system\CodeIgniter.php(412): CodeIgniter\CodeIgniter->runController(Object(App\Controllers\Admin\Pengeluaran))
#7 C:\xampp\htdocs\ikarisma\vendor\codeigniter4\framework\system\CodeIgniter.php(320): CodeIgniter\CodeIgniter->handleRequest(NULL, Object(Config\Cache), false)
#8 C:\xampp\htdocs\ikarisma\public\index.php(37): CodeIgniter\CodeIgniter->run()
#9 C:\xampp\htdocs\ikarisma\vendor\codeigniter4\framework\system\Commands\Server\rewrite.php(43): require_once('C:\\xampp\\htdocs...')
#10 {main}
CRITICAL - 2022-03-29 14:45:37 --> Call to undefined method App\Models\TransaksiModel::getlaporan
#0 C:\xampp\htdocs\ikarisma\app\Controllers\Admin\Pengeluaran.php(24): CodeIgniter\Model->__call('getlaporan', Array)
#1 C:\xampp\htdocs\ikarisma\vendor\codeigniter4\framework\system\CodeIgniter.php(825): App\Controllers\Admin\Pengeluaran->pengeluaran()
#2 C:\xampp\htdocs\ikarisma\vendor\codeigniter4\framework\system\CodeIgniter.php(412): CodeIgniter\CodeIgniter->runController(Object(App\Controllers\Admin\Pengeluaran))
#3 C:\xampp\htdocs\ikarisma\vendor\codeigniter4\framework\system\CodeIgniter.php(320): CodeIgniter\CodeIgniter->handleRequest(NULL, Object(Config\Cache), false)
#4 C:\xampp\htdocs\ikarisma\public\index.php(37): CodeIgniter\CodeIgniter->run()
#5 C:\xampp\htdocs\ikarisma\vendor\codeigniter4\framework\system\Commands\Server\rewrite.php(43): require_once('C:\\xampp\\htdocs...')
#6 {main}
CRITICAL - 2022-03-29 14:46:12 --> Undefined index: id_transaksi
#0 C:\xampp\htdocs\ikarisma\app\Views\mimin\pengeluaran.php(39): CodeIgniter\Debug\Exceptions->errorHandler(8, 'Undefined index...', 'C:\\xampp\\htdocs...', 39, Array)
#1 C:\xampp\htdocs\ikarisma\vendor\codeigniter4\framework\system\View\View.php(210): include('C:\\xampp\\htdocs...')
#2 C:\xampp\htdocs\ikarisma\vendor\codeigniter4\framework\system\View\View.php(213): CodeIgniter\View\View->CodeIgniter\View\{closure}()
#3 C:\xampp\htdocs\ikarisma\vendor\codeigniter4\framework\system\Common.php(1089): CodeIgniter\View\View->render('mimin/pengeluar...', Array, true)
#4 C:\xampp\htdocs\ikarisma\app\Controllers\Admin\Pengeluaran.php(29): view('mimin/pengeluar...', Array)
#5 C:\xampp\htdocs\ikarisma\vendor\codeigniter4\framework\system\CodeIgniter.php(825): App\Controllers\Admin\Pengeluaran->pengeluaran()
#6 C:\xampp\htdocs\ikarisma\vendor\codeigniter4\framework\system\CodeIgniter.php(412): CodeIgniter\CodeIgniter->runController(Object(App\Controllers\Admin\Pengeluaran))
#7 C:\xampp\htdocs\ikarisma\vendor\codeigniter4\framework\system\CodeIgniter.php(320): CodeIgniter\CodeIgniter->handleRequest(NULL, Object(Config\Cache), false)
#8 C:\xampp\htdocs\ikarisma\public\index.php(37): CodeIgniter\CodeIgniter->run()
#9 C:\xampp\htdocs\ikarisma\vendor\codeigniter4\framework\system\Commands\Server\rewrite.php(43): require_once('C:\\xampp\\htdocs...')
#10 {main}
CRITICAL - 2022-03-29 14:47:03 --> Undefined index: id_transaksi
#0 C:\xampp\htdocs\ikarisma\app\Views\mimin\pengeluaran.php(39): CodeIgniter\Debug\Exceptions->errorHandler(8, 'Undefined index...', 'C:\\xampp\\htdocs...', 39, Array)
#1 C:\xampp\htdocs\ikarisma\vendor\codeigniter4\framework\system\View\View.php(210): include('C:\\xampp\\htdocs...')
#2 C:\xampp\htdocs\ikarisma\vendor\codeigniter4\framework\system\View\View.php(213): CodeIgniter\View\View->CodeIgniter\View\{closure}()
#3 C:\xampp\htdocs\ikarisma\vendor\codeigniter4\framework\system\Common.php(1089): CodeIgniter\View\View->render('mimin/pengeluar...', Array, true)
#4 C:\xampp\htdocs\ikarisma\app\Controllers\Admin\Pengeluaran.php(30): view('mimin/pengeluar...', Array)
#5 C:\xampp\htdocs\ikarisma\vendor\codeigniter4\framework\system\CodeIgniter.php(825): App\Controllers\Admin\Pengeluaran->pengeluaran()
#6 C:\xampp\htdocs\ikarisma\vendor\codeigniter4\framework\system\CodeIgniter.php(412): CodeIgniter\CodeIgniter->runController(Object(App\Controllers\Admin\Pengeluaran))
#7 C:\xampp\htdocs\ikarisma\vendor\codeigniter4\framework\system\CodeIgniter.php(320): CodeIgniter\CodeIgniter->handleRequest(NULL, Object(Config\Cache), false)
#8 C:\xampp\htdocs\ikarisma\public\index.php(37): CodeIgniter\CodeIgniter->run()
#9 C:\xampp\htdocs\ikarisma\vendor\codeigniter4\framework\system\Commands\Server\rewrite.php(43): require_once('C:\\xampp\\htdocs...')
#10 {main}
ERROR - 2022-03-29 15:14:13 --> Column 'keterangan' cannot be null
CRITICAL - 2022-03-29 15:14:13 --> Column 'keterangan' cannot be null
#0 C:\xampp\htdocs\ikarisma\vendor\codeigniter4\framework\system\Database\MySQLi\Connection.php(292): mysqli->query('INSERT INTO `tr...', 0)
#1 C:\xampp\htdocs\ikarisma\vendor\codeigniter4\framework\system\Database\BaseConnection.php(670): CodeIgniter\Database\MySQLi\Connection->execute('INSERT INTO `tr...')
#2 C:\xampp\htdocs\ikarisma\vendor\codeigniter4\framework\system\Database\BaseConnection.php(598): CodeIgniter\Database\BaseConnection->simpleQuery('INSERT INTO `tr...')
#3 C:\xampp\htdocs\ikarisma\vendor\codeigniter4\framework\system\Database\BaseBuilder.php(1771): CodeIgniter\Database\BaseConnection->query('INSERT INTO `tr...', Array, false)
#4 C:\xampp\htdocs\ikarisma\vendor\codeigniter4\framework\system\Model.php(239): CodeIgniter\Database\BaseBuilder->insert()
#5 C:\xampp\htdocs\ikarisma\vendor\codeigniter4\framework\system\BaseModel.php(738): CodeIgniter\Model->doInsert(Array)
#6 C:\xampp\htdocs\ikarisma\vendor\codeigniter4\framework\system\Model.php(625): CodeIgniter\BaseModel->insert(Array, false)
#7 C:\xampp\htdocs\ikarisma\vendor\codeigniter4\framework\system\BaseModel.php(658): CodeIgniter\Model->insert(Array, false)
#8 C:\xampp\htdocs\ikarisma\app\Controllers\Admin\Pengeluaran.php(39): CodeIgniter\BaseModel->save(Array)
#9 C:\xampp\htdocs\ikarisma\vendor\codeigniter4\framework\system\CodeIgniter.php(825): App\Controllers\Admin\Pengeluaran->catatan()
#10 C:\xampp\htdocs\ikarisma\vendor\codeigniter4\framework\system\CodeIgniter.php(412): CodeIgniter\CodeIgniter->runController(Object(App\Controllers\Admin\Pengeluaran))
#11 C:\xampp\htdocs\ikarisma\vendor\codeigniter4\framework\system\CodeIgniter.php(320): CodeIgniter\CodeIgniter->handleRequest(NULL, Object(Config\Cache), false)
#12 C:\xampp\htdocs\ikarisma\public\index.php(37): CodeIgniter\CodeIgniter->run()
#13 C:\xampp\htdocs\ikarisma\vendor\codeigniter4\framework\system\Commands\Server\rewrite.php(43): require_once('C:\\xampp\\htdocs...')
#14 {main}
ERROR - 2022-03-29 15:15:34 --> Column 'keterangan' cannot be null
CRITICAL - 2022-03-29 15:15:34 --> Column 'keterangan' cannot be null
#0 C:\xampp\htdocs\ikarisma\vendor\codeigniter4\framework\system\Database\MySQLi\Connection.php(292): mysqli->query('INSERT INTO `tr...', 0)
#1 C:\xampp\htdocs\ikarisma\vendor\codeigniter4\framework\system\Database\BaseConnection.php(670): CodeIgniter\Database\MySQLi\Connection->execute('INSERT INTO `tr...')
#2 C:\xampp\htdocs\ikarisma\vendor\codeigniter4\framework\system\Database\BaseConnection.php(598): CodeIgniter\Database\BaseConnection->simpleQuery('INSERT INTO `tr...')
#3 C:\xampp\htdocs\ikarisma\vendor\codeigniter4\framework\system\Database\BaseBuilder.php(1771): CodeIgniter\Database\BaseConnection->query('INSERT INTO `tr...', Array, false)
#4 C:\xampp\htdocs\ikarisma\vendor\codeigniter4\framework\system\Model.php(239): CodeIgniter\Database\BaseBuilder->insert()
#5 C:\xampp\htdocs\ikarisma\vendor\codeigniter4\framework\system\BaseModel.php(738): CodeIgniter\Model->doInsert(Array)
#6 C:\xampp\htdocs\ikarisma\vendor\codeigniter4\framework\system\Model.php(625): CodeIgniter\BaseModel->insert(Array, false)
#7 C:\xampp\htdocs\ikarisma\vendor\codeigniter4\framework\system\BaseModel.php(658): CodeIgniter\Model->insert(Array, false)
#8 C:\xampp\htdocs\ikarisma\app\Controllers\Admin\Pengeluaran.php(39): CodeIgniter\BaseModel->save(Array)
#9 C:\xampp\htdocs\ikarisma\vendor\codeigniter4\framework\system\CodeIgniter.php(825): App\Controllers\Admin\Pengeluaran->catatan()
#10 C:\xampp\htdocs\ikarisma\vendor\codeigniter4\framework\system\CodeIgniter.php(412): CodeIgniter\CodeIgniter->runController(Object(App\Controllers\Admin\Pengeluaran))
#11 C:\xampp\htdocs\ikarisma\vendor\codeigniter4\framework\system\CodeIgniter.php(320): CodeIgniter\CodeIgniter->handleRequest(NULL, Object(Config\Cache), false)
#12 C:\xampp\htdocs\ikarisma\public\index.php(37): CodeIgniter\CodeIgniter->run()
#13 C:\xampp\htdocs\ikarisma\vendor\codeigniter4\framework\system\Commands\Server\rewrite.php(43): require_once('C:\\xampp\\htdocs...')
#14 {main}
CRITICAL - 2022-03-29 15:37:29 --> Undefined index: tgl_tansaksi
#0 C:\xampp\htdocs\ikarisma\app\Views\mimin\pengeluaran.php(92): CodeIgniter\Debug\Exceptions->errorHandler(8, 'Undefined index...', 'C:\\xampp\\htdocs...', 92, Array)
#1 C:\xampp\htdocs\ikarisma\vendor\codeigniter4\framework\system\View\View.php(210): include('C:\\xampp\\htdocs...')
#2 C:\xampp\htdocs\ikarisma\vendor\codeigniter4\framework\system\View\View.php(213): CodeIgniter\View\View->CodeIgniter\View\{closure}()
#3 C:\xampp\htdocs\ikarisma\vendor\codeigniter4\framework\system\Common.php(1089): CodeIgniter\View\View->render('mimin/pengeluar...', Array, true)
#4 C:\xampp\htdocs\ikarisma\app\Controllers\Admin\Pengeluaran.php(30): view('mimin/pengeluar...', Array)
#5 C:\xampp\htdocs\ikarisma\vendor\codeigniter4\framework\system\CodeIgniter.php(825): App\Controllers\Admin\Pengeluaran->pengeluaran()
#6 C:\xampp\htdocs\ikarisma\vendor\codeigniter4\framework\system\CodeIgniter.php(412): CodeIgniter\CodeIgniter->runController(Object(App\Controllers\Admin\Pengeluaran))
#7 C:\xampp\htdocs\ikarisma\vendor\codeigniter4\framework\system\CodeIgniter.php(320): CodeIgniter\CodeIgniter->handleRequest(NULL, Object(Config\Cache), false)
#8 C:\xampp\htdocs\ikarisma\public\index.php(37): CodeIgniter\CodeIgniter->run()
#9 C:\xampp\htdocs\ikarisma\vendor\codeigniter4\framework\system\Commands\Server\rewrite.php(43): require_once('C:\\xampp\\htdocs...')
#10 {main}
CRITICAL - 2022-03-29 15:42:09 --> Undefined variable: a
#0 C:\xampp\htdocs\ikarisma\app\Views\mimin\pengeluaran.php(96): CodeIgniter\Debug\Exceptions->errorHandler(8, 'Undefined varia...', 'C:\\xampp\\htdocs...', 96, Array)
#1 C:\xampp\htdocs\ikarisma\vendor\codeigniter4\framework\system\View\View.php(210): include('C:\\xampp\\htdocs...')
#2 C:\xampp\htdocs\ikarisma\vendor\codeigniter4\framework\system\View\View.php(213): CodeIgniter\View\View->CodeIgniter\View\{closure}()
#3 C:\xampp\htdocs\ikarisma\vendor\codeigniter4\framework\system\Common.php(1089): CodeIgniter\View\View->render('mimin/pengeluar...', Array, true)
#4 C:\xampp\htdocs\ikarisma\app\Controllers\Admin\Pengeluaran.php(30): view('mimin/pengeluar...', Array)
#5 C:\xampp\htdocs\ikarisma\vendor\codeigniter4\framework\system\CodeIgniter.php(825): App\Controllers\Admin\Pengeluaran->pengeluaran()
#6 C:\xampp\htdocs\ikarisma\vendor\codeigniter4\framework\system\CodeIgniter.php(412): CodeIgniter\CodeIgniter->runController(Object(App\Controllers\Admin\Pengeluaran))
#7 C:\xampp\htdocs\ikarisma\vendor\codeigniter4\framework\system\CodeIgniter.php(320): CodeIgniter\CodeIgniter->handleRequest(NULL, Object(Config\Cache), false)
#8 C:\xampp\htdocs\ikarisma\public\index.php(37): CodeIgniter\CodeIgniter->run()
#9 C:\xampp\htdocs\ikarisma\vendor\codeigniter4\framework\system\Commands\Server\rewrite.php(43): require_once('C:\\xampp\\htdocs...')
#10 {main}
ERROR - 2022-03-29 15:49:47 --> You have an error in your SQL syntax; check the manual that corresponds to your MariaDB server version for the right syntax to use near 'AS total ,jml_pengeluaran,tgl_pengeluaran,keterangan,admin_pengeluaran,id_tra...' at line 1
CRITICAL - 2022-03-29 15:49:47 --> You have an error in your SQL syntax; check the manual that corresponds to your MariaDB server version for the right syntax to use near 'AS total ,jml_pengeluaran,tgl_pengeluaran,keterangan,admin_pengeluaran,id_tra...' at line 1
#0 C:\xampp\htdocs\ikarisma\vendor\codeigniter4\framework\system\Database\MySQLi\Connection.php(292): mysqli->query('SELECT SUM(jml_...', 0)
#1 C:\xampp\htdocs\ikarisma\vendor\codeigniter4\framework\system\Database\BaseConnection.php(670): CodeIgniter\Database\MySQLi\Connection->execute('SELECT SUM(jml_...')
#2 C:\xampp\htdocs\ikarisma\vendor\codeigniter4\framework\system\Database\BaseConnection.php(598): CodeIgniter\Database\BaseConnection->simpleQuery('SELECT SUM(jml_...')
#3 C:\xampp\htdocs\ikarisma\app\Models\TransaksiModel.php(51): CodeIgniter\Database\BaseConnection->query('SELECT SUM(jml_...')
#4 C:\xampp\htdocs\ikarisma\app\Controllers\Admin\Pengeluaran.php(25): App\Models\TransaksiModel->Getlaporan()
#5 C:\xampp\htdocs\ikarisma\vendor\codeigniter4\framework\system\CodeIgniter.php(825): App\Controllers\Admin\Pengeluaran->pengeluaran()
#6 C:\xampp\htdocs\ikarisma\vendor\codeigniter4\framework\system\CodeIgniter.php(412): CodeIgniter\CodeIgniter->runController(Object(App\Controllers\Admin\Pengeluaran))
#7 C:\xampp\htdocs\ikarisma\vendor\codeigniter4\framework\system\CodeIgniter.php(320): CodeIgniter\CodeIgniter->handleRequest(NULL, Object(Config\Cache), false)
#8 C:\xampp\htdocs\ikarisma\public\index.php(37): CodeIgniter\CodeIgniter->run()
#9 C:\xampp\htdocs\ikarisma\vendor\codeigniter4\framework\system\Commands\Server\rewrite.php(43): require_once('C:\\xampp\\htdocs...')
#10 {main}
