CRITICAL - 2022-03-09 11:21:56 --> Cannot use object of type App\Models\LoginModel as array
#0 C:\xampp\htdocs\ikarisma\vendor\codeigniter4\framework\system\CodeIgniter.php(825): App\Controllers\Admin\User->ceklogin()
#1 C:\xampp\htdocs\ikarisma\vendor\codeigniter4\framework\system\CodeIgniter.php(412): CodeIgniter\CodeIgniter->runController(Object(App\Controllers\Admin\User))
#2 C:\xampp\htdocs\ikarisma\vendor\codeigniter4\framework\system\CodeIgniter.php(320): CodeIgniter\CodeIgniter->handleRequest(NULL, Object(Config\Cache), false)
#3 C:\xampp\htdocs\ikarisma\public\index.php(37): CodeIgniter\CodeIgniter->run()
#4 C:\xampp\htdocs\ikarisma\vendor\codeigniter4\framework\system\Commands\Server\rewrite.php(43): require_once('C:\\xampp\\htdocs...')
#5 {main}
ERROR - 2022-03-09 11:24:33 --> Unknown column 'mimin' in 'field list'
CRITICAL - 2022-03-09 11:24:33 --> Unknown column 'mimin' in 'field list'
#0 C:\xampp\htdocs\ikarisma\vendor\codeigniter4\framework\system\Database\MySQLi\Connection.php(292): mysqli->query('SELECT `mimin`\n...', 0)
#1 C:\xampp\htdocs\ikarisma\vendor\codeigniter4\framework\system\Database\BaseConnection.php(670): CodeIgniter\Database\MySQLi\Connection->execute('SELECT `mimin`\n...')
#2 C:\xampp\htdocs\ikarisma\vendor\codeigniter4\framework\system\Database\BaseConnection.php(598): CodeIgniter\Database\BaseConnection->simpleQuery('SELECT `mimin`\n...')
#3 C:\xampp\htdocs\ikarisma\vendor\codeigniter4\framework\system\Database\BaseBuilder.php(1455): CodeIgniter\Database\BaseConnection->query('SELECT `mimin`\n...', Array, false)
#4 C:\xampp\htdocs\ikarisma\vendor\codeigniter4\framework\system\Model.php(145): CodeIgniter\Database\BaseBuilder->get()
#5 C:\xampp\htdocs\ikarisma\vendor\codeigniter4\framework\system\BaseModel.php(523): CodeIgniter\Model->doFind(false, NULL)
#6 C:\xampp\htdocs\ikarisma\vendor\codeigniter4\framework\system\Model.php(161): CodeIgniter\BaseModel->find()
#7 C:\xampp\htdocs\ikarisma\vendor\codeigniter4\framework\system\BaseModel.php(554): CodeIgniter\Model->doFindColumn('mimin')
#8 C:\xampp\htdocs\ikarisma\app\Controllers\Admin\User.php(62): CodeIgniter\BaseModel->findColumn('mimin')
#9 C:\xampp\htdocs\ikarisma\vendor\codeigniter4\framework\system\CodeIgniter.php(825): App\Controllers\Admin\User->ceklogin()
#10 C:\xampp\htdocs\ikarisma\vendor\codeigniter4\framework\system\CodeIgniter.php(412): CodeIgniter\CodeIgniter->runController(Object(App\Controllers\Admin\User))
#11 C:\xampp\htdocs\ikarisma\vendor\codeigniter4\framework\system\CodeIgniter.php(320): CodeIgniter\CodeIgniter->handleRequest(NULL, Object(Config\Cache), false)
#12 C:\xampp\htdocs\ikarisma\public\index.php(37): CodeIgniter\CodeIgniter->run()
#13 C:\xampp\htdocs\ikarisma\vendor\codeigniter4\framework\system\Commands\Server\rewrite.php(43): require_once('C:\\xampp\\htdocs...')
#14 {main}
CRITICAL - 2022-03-09 11:35:58 --> Argument 1 passed to CodeIgniter\BaseModel::findAll() must be of the type int, string given, called in C:\xampp\htdocs\ikarisma\app\Controllers\Admin\User.php on line 63
#0 C:\xampp\htdocs\ikarisma\app\Controllers\Admin\User.php(63): CodeIgniter\BaseModel->findAll('mimin')
#1 C:\xampp\htdocs\ikarisma\vendor\codeigniter4\framework\system\CodeIgniter.php(825): App\Controllers\Admin\User->ceklogin()
#2 C:\xampp\htdocs\ikarisma\vendor\codeigniter4\framework\system\CodeIgniter.php(412): CodeIgniter\CodeIgniter->runController(Object(App\Controllers\Admin\User))
#3 C:\xampp\htdocs\ikarisma\vendor\codeigniter4\framework\system\CodeIgniter.php(320): CodeIgniter\CodeIgniter->handleRequest(NULL, Object(Config\Cache), false)
#4 C:\xampp\htdocs\ikarisma\public\index.php(37): CodeIgniter\CodeIgniter->run()
#5 C:\xampp\htdocs\ikarisma\vendor\codeigniter4\framework\system\Commands\Server\rewrite.php(43): require_once('C:\\xampp\\htdocs...')
#6 {main}
CRITICAL - 2022-03-09 11:53:05 --> You must set the database table to be used with your query.
#0 C:\xampp\htdocs\ikarisma\vendor\codeigniter4\framework\system\Model.php(545): CodeIgniter\Database\BaseConnection->table(NULL)
#1 C:\xampp\htdocs\ikarisma\vendor\codeigniter4\framework\system\Model.php(130): CodeIgniter\Model->builder()
#2 C:\xampp\htdocs\ikarisma\vendor\codeigniter4\framework\system\BaseModel.php(523): CodeIgniter\Model->doFind(true, 'mimin')
#3 C:\xampp\htdocs\ikarisma\app\Controllers\Admin\User.php(63): CodeIgniter\BaseModel->find('mimin')
#4 C:\xampp\htdocs\ikarisma\vendor\codeigniter4\framework\system\CodeIgniter.php(825): App\Controllers\Admin\User->ceklogin()
#5 C:\xampp\htdocs\ikarisma\vendor\codeigniter4\framework\system\CodeIgniter.php(412): CodeIgniter\CodeIgniter->runController(Object(App\Controllers\Admin\User))
#6 C:\xampp\htdocs\ikarisma\vendor\codeigniter4\framework\system\CodeIgniter.php(320): CodeIgniter\CodeIgniter->handleRequest(NULL, Object(Config\Cache), false)
#7 C:\xampp\htdocs\ikarisma\public\index.php(37): CodeIgniter\CodeIgniter->run()
#8 C:\xampp\htdocs\ikarisma\vendor\codeigniter4\framework\system\Commands\Server\rewrite.php(43): require_once('C:\\xampp\\htdocs...')
#9 {main}
CRITICAL - 2022-03-09 12:30:14 --> Cannot use object of type App\Models\LoginModel as array
#0 C:\xampp\htdocs\ikarisma\vendor\codeigniter4\framework\system\CodeIgniter.php(825): App\Controllers\Admin\User->ceklogin()
#1 C:\xampp\htdocs\ikarisma\vendor\codeigniter4\framework\system\CodeIgniter.php(412): CodeIgniter\CodeIgniter->runController(Object(App\Controllers\Admin\User))
#2 C:\xampp\htdocs\ikarisma\vendor\codeigniter4\framework\system\CodeIgniter.php(320): CodeIgniter\CodeIgniter->handleRequest(NULL, Object(Config\Cache), false)
#3 C:\xampp\htdocs\ikarisma\public\index.php(37): CodeIgniter\CodeIgniter->run()
#4 C:\xampp\htdocs\ikarisma\vendor\codeigniter4\framework\system\Commands\Server\rewrite.php(43): require_once('C:\\xampp\\htdocs...')
#5 {main}
CRITICAL - 2022-03-09 12:34:10 --> Argument 1 passed to CodeIgniter\Database\BaseBuilder::get() must be of the type int or null, string given, called in C:\xampp\htdocs\ikarisma\vendor\codeigniter4\framework\system\Model.php on line 728
#0 C:\xampp\htdocs\ikarisma\vendor\codeigniter4\framework\system\Model.php(728): CodeIgniter\Database\BaseBuilder->get('user_nama', 'jmsikarisma208')
#1 C:\xampp\htdocs\ikarisma\app\Controllers\Admin\User.php(64): CodeIgniter\Model->__call('get', Array)
#2 C:\xampp\htdocs\ikarisma\vendor\codeigniter4\framework\system\CodeIgniter.php(825): App\Controllers\Admin\User->ceklogin()
#3 C:\xampp\htdocs\ikarisma\vendor\codeigniter4\framework\system\CodeIgniter.php(412): CodeIgniter\CodeIgniter->runController(Object(App\Controllers\Admin\User))
#4 C:\xampp\htdocs\ikarisma\vendor\codeigniter4\framework\system\CodeIgniter.php(320): CodeIgniter\CodeIgniter->handleRequest(NULL, Object(Config\Cache), false)
#5 C:\xampp\htdocs\ikarisma\public\index.php(37): CodeIgniter\CodeIgniter->run()
#6 C:\xampp\htdocs\ikarisma\vendor\codeigniter4\framework\system\Commands\Server\rewrite.php(43): require_once('C:\\xampp\\htdocs...')
#7 {main}
CRITICAL - 2022-03-09 13:04:40 --> Undefined variable: login
#0 C:\xampp\htdocs\ikarisma\app\Controllers\Admin\User.php(22): CodeIgniter\Debug\Exceptions->errorHandler(8, 'Undefined varia...', 'C:\\xampp\\htdocs...', 22, Array)
#1 C:\xampp\htdocs\ikarisma\vendor\codeigniter4\framework\system\CodeIgniter.php(825): App\Controllers\Admin\User->index()
#2 C:\xampp\htdocs\ikarisma\vendor\codeigniter4\framework\system\CodeIgniter.php(412): CodeIgniter\CodeIgniter->runController(Object(App\Controllers\Admin\User))
#3 C:\xampp\htdocs\ikarisma\vendor\codeigniter4\framework\system\CodeIgniter.php(320): CodeIgniter\CodeIgniter->handleRequest(NULL, Object(Config\Cache), false)
#4 C:\xampp\htdocs\ikarisma\public\index.php(37): CodeIgniter\CodeIgniter->run()
#5 C:\xampp\htdocs\ikarisma\vendor\codeigniter4\framework\system\Commands\Server\rewrite.php(43): require_once('C:\\xampp\\htdocs...')
#6 {main}
CRITICAL - 2022-03-09 13:43:29 --> Trying to access array offset on value of type null
#0 C:\xampp\htdocs\ikarisma\app\Controllers\Admin\User.php(76): CodeIgniter\Debug\Exceptions->errorHandler(8, 'Trying to acces...', 'C:\\xampp\\htdocs...', 76, Array)
#1 C:\xampp\htdocs\ikarisma\vendor\codeigniter4\framework\system\CodeIgniter.php(825): App\Controllers\Admin\User->ceklogin()
#2 C:\xampp\htdocs\ikarisma\vendor\codeigniter4\framework\system\CodeIgniter.php(412): CodeIgniter\CodeIgniter->runController(Object(App\Controllers\Admin\User))
#3 C:\xampp\htdocs\ikarisma\vendor\codeigniter4\framework\system\CodeIgniter.php(320): CodeIgniter\CodeIgniter->handleRequest(NULL, Object(Config\Cache), false)
#4 C:\xampp\htdocs\ikarisma\public\index.php(37): CodeIgniter\CodeIgniter->run()
#5 C:\xampp\htdocs\ikarisma\vendor\codeigniter4\framework\system\Commands\Server\rewrite.php(43): require_once('C:\\xampp\\htdocs...')
#6 {main}
CRITICAL - 2022-03-09 14:14:56 --> Undefined variable: isInvalidUsername
#0 C:\xampp\htdocs\ikarisma\app\Views\mimin\login.php(27): CodeIgniter\Debug\Exceptions->errorHandler(8, 'Undefined varia...', 'C:\\xampp\\htdocs...', 27, Array)
#1 C:\xampp\htdocs\ikarisma\vendor\codeigniter4\framework\system\View\View.php(210): include('C:\\xampp\\htdocs...')
#2 C:\xampp\htdocs\ikarisma\vendor\codeigniter4\framework\system\View\View.php(213): CodeIgniter\View\View->CodeIgniter\View\{closure}()
#3 C:\xampp\htdocs\ikarisma\vendor\codeigniter4\framework\system\Common.php(1089): CodeIgniter\View\View->render('mimin/login', Array, true)
#4 C:\xampp\htdocs\ikarisma\app\Controllers\Admin\User.php(35): view('mimin/login')
#5 C:\xampp\htdocs\ikarisma\vendor\codeigniter4\framework\system\CodeIgniter.php(825): App\Controllers\Admin\User->index()
#6 C:\xampp\htdocs\ikarisma\vendor\codeigniter4\framework\system\CodeIgniter.php(412): CodeIgniter\CodeIgniter->runController(Object(App\Controllers\Admin\User))
#7 C:\xampp\htdocs\ikarisma\vendor\codeigniter4\framework\system\CodeIgniter.php(320): CodeIgniter\CodeIgniter->handleRequest(NULL, Object(Config\Cache), false)
#8 C:\xampp\htdocs\ikarisma\public\index.php(37): CodeIgniter\CodeIgniter->run()
#9 C:\xampp\htdocs\ikarisma\vendor\codeigniter4\framework\system\Commands\Server\rewrite.php(43): require_once('C:\\xampp\\htdocs...')
#10 {main}
CRITICAL - 2022-03-09 14:15:32 --> Undefined variable: isInvalidUsername
#0 C:\xampp\htdocs\ikarisma\app\Views\mimin\login.php(26): CodeIgniter\Debug\Exceptions->errorHandler(8, 'Undefined varia...', 'C:\\xampp\\htdocs...', 26, Array)
#1 C:\xampp\htdocs\ikarisma\vendor\codeigniter4\framework\system\View\View.php(210): include('C:\\xampp\\htdocs...')
#2 C:\xampp\htdocs\ikarisma\vendor\codeigniter4\framework\system\View\View.php(213): CodeIgniter\View\View->CodeIgniter\View\{closure}()
#3 C:\xampp\htdocs\ikarisma\vendor\codeigniter4\framework\system\Common.php(1089): CodeIgniter\View\View->render('mimin/login', Array, true)
#4 C:\xampp\htdocs\ikarisma\app\Controllers\Admin\User.php(35): view('mimin/login')
#5 C:\xampp\htdocs\ikarisma\vendor\codeigniter4\framework\system\CodeIgniter.php(825): App\Controllers\Admin\User->index()
#6 C:\xampp\htdocs\ikarisma\vendor\codeigniter4\framework\system\CodeIgniter.php(412): CodeIgniter\CodeIgniter->runController(Object(App\Controllers\Admin\User))
#7 C:\xampp\htdocs\ikarisma\vendor\codeigniter4\framework\system\CodeIgniter.php(320): CodeIgniter\CodeIgniter->handleRequest(NULL, Object(Config\Cache), false)
#8 C:\xampp\htdocs\ikarisma\public\index.php(37): CodeIgniter\CodeIgniter->run()
#9 C:\xampp\htdocs\ikarisma\vendor\codeigniter4\framework\system\Commands\Server\rewrite.php(43): require_once('C:\\xampp\\htdocs...')
#10 {main}
CRITICAL - 2022-03-09 14:34:57 --> Undefined variable: isInvalidPassword
#0 C:\xampp\htdocs\ikarisma\app\Views\mimin\login.php(33): CodeIgniter\Debug\Exceptions->errorHandler(8, 'Undefined varia...', 'C:\\xampp\\htdocs...', 33, Array)
#1 C:\xampp\htdocs\ikarisma\vendor\codeigniter4\framework\system\View\View.php(210): include('C:\\xampp\\htdocs...')
#2 C:\xampp\htdocs\ikarisma\vendor\codeigniter4\framework\system\View\View.php(213): CodeIgniter\View\View->CodeIgniter\View\{closure}()
#3 C:\xampp\htdocs\ikarisma\vendor\codeigniter4\framework\system\Common.php(1089): CodeIgniter\View\View->render('mimin/login', Array, true)
#4 C:\xampp\htdocs\ikarisma\app\Controllers\Admin\User.php(34): view('mimin/login')
#5 C:\xampp\htdocs\ikarisma\vendor\codeigniter4\framework\system\CodeIgniter.php(825): App\Controllers\Admin\User->index()
#6 C:\xampp\htdocs\ikarisma\vendor\codeigniter4\framework\system\CodeIgniter.php(412): CodeIgniter\CodeIgniter->runController(Object(App\Controllers\Admin\User))
#7 C:\xampp\htdocs\ikarisma\vendor\codeigniter4\framework\system\CodeIgniter.php(320): CodeIgniter\CodeIgniter->handleRequest(NULL, Object(Config\Cache), false)
#8 C:\xampp\htdocs\ikarisma\public\index.php(37): CodeIgniter\CodeIgniter->run()
#9 C:\xampp\htdocs\ikarisma\vendor\codeigniter4\framework\system\Commands\Server\rewrite.php(43): require_once('C:\\xampp\\htdocs...')
#10 {main}
CRITICAL - 2022-03-09 15:29:19 --> Trying to access array offset on value of type null
#0 C:\xampp\htdocs\ikarisma\app\Controllers\Admin\User.php(35): CodeIgniter\Debug\Exceptions->errorHandler(8, 'Trying to acces...', 'C:\\xampp\\htdocs...', 35, Array)
#1 C:\xampp\htdocs\ikarisma\vendor\codeigniter4\framework\system\CodeIgniter.php(825): App\Controllers\Admin\User->index()
#2 C:\xampp\htdocs\ikarisma\vendor\codeigniter4\framework\system\CodeIgniter.php(412): CodeIgniter\CodeIgniter->runController(Object(App\Controllers\Admin\User))
#3 C:\xampp\htdocs\ikarisma\vendor\codeigniter4\framework\system\CodeIgniter.php(320): CodeIgniter\CodeIgniter->handleRequest(NULL, Object(Config\Cache), false)
#4 C:\xampp\htdocs\ikarisma\public\index.php(37): CodeIgniter\CodeIgniter->run()
#5 C:\xampp\htdocs\ikarisma\vendor\codeigniter4\framework\system\Commands\Server\rewrite.php(43): require_once('C:\\xampp\\htdocs...')
#6 {main}
CRITICAL - 2022-03-09 15:33:46 --> Trying to access array offset on value of type null
#0 C:\xampp\htdocs\ikarisma\app\Controllers\Admin\User.php(35): CodeIgniter\Debug\Exceptions->errorHandler(8, 'Trying to acces...', 'C:\\xampp\\htdocs...', 35, Array)
#1 C:\xampp\htdocs\ikarisma\vendor\codeigniter4\framework\system\CodeIgniter.php(825): App\Controllers\Admin\User->index()
#2 C:\xampp\htdocs\ikarisma\vendor\codeigniter4\framework\system\CodeIgniter.php(412): CodeIgniter\CodeIgniter->runController(Object(App\Controllers\Admin\User))
#3 C:\xampp\htdocs\ikarisma\vendor\codeigniter4\framework\system\CodeIgniter.php(320): CodeIgniter\CodeIgniter->handleRequest(NULL, Object(Config\Cache), false)
#4 C:\xampp\htdocs\ikarisma\public\index.php(37): CodeIgniter\CodeIgniter->run()
#5 C:\xampp\htdocs\ikarisma\vendor\codeigniter4\framework\system\Commands\Server\rewrite.php(43): require_once('C:\\xampp\\htdocs...')
#6 {main}
CRITICAL - 2022-03-09 15:38:56 --> Trying to access array offset on value of type null
#0 C:\xampp\htdocs\ikarisma\app\Controllers\Admin\User.php(35): CodeIgniter\Debug\Exceptions->errorHandler(8, 'Trying to acces...', 'C:\\xampp\\htdocs...', 35, Array)
#1 C:\xampp\htdocs\ikarisma\vendor\codeigniter4\framework\system\CodeIgniter.php(825): App\Controllers\Admin\User->index()
#2 C:\xampp\htdocs\ikarisma\vendor\codeigniter4\framework\system\CodeIgniter.php(412): CodeIgniter\CodeIgniter->runController(Object(App\Controllers\Admin\User))
#3 C:\xampp\htdocs\ikarisma\vendor\codeigniter4\framework\system\CodeIgniter.php(320): CodeIgniter\CodeIgniter->handleRequest(NULL, Object(Config\Cache), false)
#4 C:\xampp\htdocs\ikarisma\public\index.php(37): CodeIgniter\CodeIgniter->run()
#5 C:\xampp\htdocs\ikarisma\vendor\codeigniter4\framework\system\Commands\Server\rewrite.php(43): require_once('C:\\xampp\\htdocs...')
#6 {main}
CRITICAL - 2022-03-09 15:39:08 --> Trying to access array offset on value of type null
#0 C:\xampp\htdocs\ikarisma\app\Controllers\Admin\User.php(35): CodeIgniter\Debug\Exceptions->errorHandler(8, 'Trying to acces...', 'C:\\xampp\\htdocs...', 35, Array)
#1 C:\xampp\htdocs\ikarisma\vendor\codeigniter4\framework\system\CodeIgniter.php(825): App\Controllers\Admin\User->index()
#2 C:\xampp\htdocs\ikarisma\vendor\codeigniter4\framework\system\CodeIgniter.php(412): CodeIgniter\CodeIgniter->runController(Object(App\Controllers\Admin\User))
#3 C:\xampp\htdocs\ikarisma\vendor\codeigniter4\framework\system\CodeIgniter.php(320): CodeIgniter\CodeIgniter->handleRequest(NULL, Object(Config\Cache), false)
#4 C:\xampp\htdocs\ikarisma\public\index.php(37): CodeIgniter\CodeIgniter->run()
#5 C:\xampp\htdocs\ikarisma\vendor\codeigniter4\framework\system\Commands\Server\rewrite.php(43): require_once('C:\\xampp\\htdocs...')
#6 {main}
CRITICAL - 2022-03-09 15:49:15 --> Undefined variable: user
#0 C:\xampp\htdocs\ikarisma\app\Controllers\Admin\User.php(27): CodeIgniter\Debug\Exceptions->errorHandler(8, 'Undefined varia...', 'C:\\xampp\\htdocs...', 27, Array)
#1 C:\xampp\htdocs\ikarisma\vendor\codeigniter4\framework\system\CodeIgniter.php(825): App\Controllers\Admin\User->index()
#2 C:\xampp\htdocs\ikarisma\vendor\codeigniter4\framework\system\CodeIgniter.php(412): CodeIgniter\CodeIgniter->runController(Object(App\Controllers\Admin\User))
#3 C:\xampp\htdocs\ikarisma\vendor\codeigniter4\framework\system\CodeIgniter.php(320): CodeIgniter\CodeIgniter->handleRequest(NULL, Object(Config\Cache), false)
#4 C:\xampp\htdocs\ikarisma\public\index.php(37): CodeIgniter\CodeIgniter->run()
#5 C:\xampp\htdocs\ikarisma\vendor\codeigniter4\framework\system\Commands\Server\rewrite.php(43): require_once('C:\\xampp\\htdocs...')
#6 {main}
CRITICAL - 2022-03-09 15:49:46 --> Trying to access array offset on value of type null
#0 C:\xampp\htdocs\ikarisma\app\Controllers\Admin\User.php(35): CodeIgniter\Debug\Exceptions->errorHandler(8, 'Trying to acces...', 'C:\\xampp\\htdocs...', 35, Array)
#1 C:\xampp\htdocs\ikarisma\vendor\codeigniter4\framework\system\CodeIgniter.php(825): App\Controllers\Admin\User->index()
#2 C:\xampp\htdocs\ikarisma\vendor\codeigniter4\framework\system\CodeIgniter.php(412): CodeIgniter\CodeIgniter->runController(Object(App\Controllers\Admin\User))
#3 C:\xampp\htdocs\ikarisma\vendor\codeigniter4\framework\system\CodeIgniter.php(320): CodeIgniter\CodeIgniter->handleRequest(NULL, Object(Config\Cache), false)
#4 C:\xampp\htdocs\ikarisma\public\index.php(37): CodeIgniter\CodeIgniter->run()
#5 C:\xampp\htdocs\ikarisma\vendor\codeigniter4\framework\system\Commands\Server\rewrite.php(43): require_once('C:\\xampp\\htdocs...')
#6 {main}
CRITICAL - 2022-03-09 15:51:15 --> Function name must be a string
#0 C:\xampp\htdocs\ikarisma\vendor\codeigniter4\framework\system\CodeIgniter.php(825): App\Controllers\Admin\User->index()
#1 C:\xampp\htdocs\ikarisma\vendor\codeigniter4\framework\system\CodeIgniter.php(412): CodeIgniter\CodeIgniter->runController(Object(App\Controllers\Admin\User))
#2 C:\xampp\htdocs\ikarisma\vendor\codeigniter4\framework\system\CodeIgniter.php(320): CodeIgniter\CodeIgniter->handleRequest(NULL, Object(Config\Cache), false)
#3 C:\xampp\htdocs\ikarisma\public\index.php(37): CodeIgniter\CodeIgniter->run()
#4 C:\xampp\htdocs\ikarisma\vendor\codeigniter4\framework\system\Commands\Server\rewrite.php(43): require_once('C:\\xampp\\htdocs...')
#5 {main}
CRITICAL - 2022-03-09 15:54:04 --> Trying to access array offset on value of type null
#0 C:\xampp\htdocs\ikarisma\app\Controllers\Admin\User.php(35): CodeIgniter\Debug\Exceptions->errorHandler(8, 'Trying to acces...', 'C:\\xampp\\htdocs...', 35, Array)
#1 C:\xampp\htdocs\ikarisma\vendor\codeigniter4\framework\system\CodeIgniter.php(825): App\Controllers\Admin\User->index()
#2 C:\xampp\htdocs\ikarisma\vendor\codeigniter4\framework\system\CodeIgniter.php(412): CodeIgniter\CodeIgniter->runController(Object(App\Controllers\Admin\User))
#3 C:\xampp\htdocs\ikarisma\vendor\codeigniter4\framework\system\CodeIgniter.php(320): CodeIgniter\CodeIgniter->handleRequest(NULL, Object(Config\Cache), false)
#4 C:\xampp\htdocs\ikarisma\public\index.php(37): CodeIgniter\CodeIgniter->run()
#5 C:\xampp\htdocs\ikarisma\vendor\codeigniter4\framework\system\Commands\Server\rewrite.php(43): require_once('C:\\xampp\\htdocs...')
#6 {main}
CRITICAL - 2022-03-09 15:58:43 --> Trying to access array offset on value of type null
#0 C:\xampp\htdocs\ikarisma\app\Controllers\Admin\User.php(35): CodeIgniter\Debug\Exceptions->errorHandler(8, 'Trying to acces...', 'C:\\xampp\\htdocs...', 35, Array)
#1 C:\xampp\htdocs\ikarisma\vendor\codeigniter4\framework\system\CodeIgniter.php(825): App\Controllers\Admin\User->index()
#2 C:\xampp\htdocs\ikarisma\vendor\codeigniter4\framework\system\CodeIgniter.php(412): CodeIgniter\CodeIgniter->runController(Object(App\Controllers\Admin\User))
#3 C:\xampp\htdocs\ikarisma\vendor\codeigniter4\framework\system\CodeIgniter.php(320): CodeIgniter\CodeIgniter->handleRequest(NULL, Object(Config\Cache), false)
#4 C:\xampp\htdocs\ikarisma\public\index.php(37): CodeIgniter\CodeIgniter->run()
#5 C:\xampp\htdocs\ikarisma\vendor\codeigniter4\framework\system\Commands\Server\rewrite.php(43): require_once('C:\\xampp\\htdocs...')
#6 {main}
ERROR - 2022-03-09 16:35:55 --> Error connecting to the database: No connection could be made because the target machine actively refused it.

CRITICAL - 2022-03-09 16:35:55 --> Unable to connect to the database.
Main connection [MySQLi]: No connection could be made because the target machine actively refused it.

#0 C:\xampp\htdocs\ikarisma\vendor\codeigniter4\framework\system\Database\BaseConnection.php(577): CodeIgniter\Database\BaseConnection->initialize()
#1 C:\xampp\htdocs\ikarisma\vendor\codeigniter4\framework\system\Database\BaseBuilder.php(1455): CodeIgniter\Database\BaseConnection->query('SELECT *\nFROM `...', Array, false)
#2 C:\xampp\htdocs\ikarisma\vendor\codeigniter4\framework\system\Model.php(210): CodeIgniter\Database\BaseBuilder->get()
#3 C:\xampp\htdocs\ikarisma\vendor\codeigniter4\framework\system\BaseModel.php(622): CodeIgniter\Model->doFirst()
#4 C:\xampp\htdocs\ikarisma\app\Controllers\Admin\User.php(33): CodeIgniter\BaseModel->first()
#5 C:\xampp\htdocs\ikarisma\vendor\codeigniter4\framework\system\CodeIgniter.php(825): App\Controllers\Admin\User->index()
#6 C:\xampp\htdocs\ikarisma\vendor\codeigniter4\framework\system\CodeIgniter.php(412): CodeIgniter\CodeIgniter->runController(Object(App\Controllers\Admin\User))
#7 C:\xampp\htdocs\ikarisma\vendor\codeigniter4\framework\system\CodeIgniter.php(320): CodeIgniter\CodeIgniter->handleRequest(NULL, Object(Config\Cache), false)
#8 C:\xampp\htdocs\ikarisma\public\index.php(37): CodeIgniter\CodeIgniter->run()
#9 C:\xampp\htdocs\ikarisma\vendor\codeigniter4\framework\system\Commands\Server\rewrite.php(43): require_once('C:\\xampp\\htdocs...')
#10 {main}
ERROR - 2022-03-09 16:53:41 --> Error connecting to the database: No connection could be made because the target machine actively refused it.

CRITICAL - 2022-03-09 16:53:41 --> Unable to connect to the database.
Main connection [MySQLi]: No connection could be made because the target machine actively refused it.

#0 C:\xampp\htdocs\ikarisma\vendor\codeigniter4\framework\system\Database\BaseConnection.php(577): CodeIgniter\Database\BaseConnection->initialize()
#1 C:\xampp\htdocs\ikarisma\vendor\codeigniter4\framework\system\Database\BaseBuilder.php(1455): CodeIgniter\Database\BaseConnection->query('SELECT *\nFROM `...', Array, false)
#2 C:\xampp\htdocs\ikarisma\vendor\codeigniter4\framework\system\Model.php(210): CodeIgniter\Database\BaseBuilder->get()
#3 C:\xampp\htdocs\ikarisma\vendor\codeigniter4\framework\system\BaseModel.php(622): CodeIgniter\Model->doFirst()
#4 C:\xampp\htdocs\ikarisma\app\Controllers\Admin\User.php(33): CodeIgniter\BaseModel->first()
#5 C:\xampp\htdocs\ikarisma\vendor\codeigniter4\framework\system\CodeIgniter.php(825): App\Controllers\Admin\User->index()
#6 C:\xampp\htdocs\ikarisma\vendor\codeigniter4\framework\system\CodeIgniter.php(412): CodeIgniter\CodeIgniter->runController(Object(App\Controllers\Admin\User))
#7 C:\xampp\htdocs\ikarisma\vendor\codeigniter4\framework\system\CodeIgniter.php(320): CodeIgniter\CodeIgniter->handleRequest(NULL, Object(Config\Cache), false)
#8 C:\xampp\htdocs\ikarisma\public\index.php(37): CodeIgniter\CodeIgniter->run()
#9 C:\xampp\htdocs\ikarisma\vendor\codeigniter4\framework\system\Commands\Server\rewrite.php(43): require_once('C:\\xampp\\htdocs...')
#10 {main}
CRITICAL - 2022-03-09 17:04:47 --> Undefined variable: err
#0 C:\xampp\htdocs\ikarisma\app\Controllers\Admin\User.php(50): CodeIgniter\Debug\Exceptions->errorHandler(8, 'Undefined varia...', 'C:\\xampp\\htdocs...', 50, Array)
#1 C:\xampp\htdocs\ikarisma\vendor\codeigniter4\framework\system\CodeIgniter.php(825): App\Controllers\Admin\User->index()
#2 C:\xampp\htdocs\ikarisma\vendor\codeigniter4\framework\system\CodeIgniter.php(412): CodeIgniter\CodeIgniter->runController(Object(App\Controllers\Admin\User))
#3 C:\xampp\htdocs\ikarisma\vendor\codeigniter4\framework\system\CodeIgniter.php(320): CodeIgniter\CodeIgniter->handleRequest(NULL, Object(Config\Cache), false)
#4 C:\xampp\htdocs\ikarisma\public\index.php(37): CodeIgniter\CodeIgniter->run()
#5 C:\xampp\htdocs\ikarisma\vendor\codeigniter4\framework\system\Commands\Server\rewrite.php(43): require_once('C:\\xampp\\htdocs...')
#6 {main}
CRITICAL - 2022-03-09 17:06:24 --> Trying to access array offset on value of type bool
#0 C:\xampp\htdocs\ikarisma\app\Controllers\Admin\User.php(43): CodeIgniter\Debug\Exceptions->errorHandler(8, 'Trying to acces...', 'C:\\xampp\\htdocs...', 43, Array)
#1 C:\xampp\htdocs\ikarisma\vendor\codeigniter4\framework\system\CodeIgniter.php(825): App\Controllers\Admin\User->index()
#2 C:\xampp\htdocs\ikarisma\vendor\codeigniter4\framework\system\CodeIgniter.php(412): CodeIgniter\CodeIgniter->runController(Object(App\Controllers\Admin\User))
#3 C:\xampp\htdocs\ikarisma\vendor\codeigniter4\framework\system\CodeIgniter.php(320): CodeIgniter\CodeIgniter->handleRequest(NULL, Object(Config\Cache), false)
#4 C:\xampp\htdocs\ikarisma\public\index.php(37): CodeIgniter\CodeIgniter->run()
#5 C:\xampp\htdocs\ikarisma\vendor\codeigniter4\framework\system\Commands\Server\rewrite.php(43): require_once('C:\\xampp\\htdocs...')
#6 {main}
CRITICAL - 2022-03-09 17:07:31 --> Trying to access array offset on value of type bool
#0 C:\xampp\htdocs\ikarisma\app\Controllers\Admin\User.php(44): CodeIgniter\Debug\Exceptions->errorHandler(8, 'Trying to acces...', 'C:\\xampp\\htdocs...', 44, Array)
#1 C:\xampp\htdocs\ikarisma\vendor\codeigniter4\framework\system\CodeIgniter.php(825): App\Controllers\Admin\User->index()
#2 C:\xampp\htdocs\ikarisma\vendor\codeigniter4\framework\system\CodeIgniter.php(412): CodeIgniter\CodeIgniter->runController(Object(App\Controllers\Admin\User))
#3 C:\xampp\htdocs\ikarisma\vendor\codeigniter4\framework\system\CodeIgniter.php(320): CodeIgniter\CodeIgniter->handleRequest(NULL, Object(Config\Cache), false)
#4 C:\xampp\htdocs\ikarisma\public\index.php(37): CodeIgniter\CodeIgniter->run()
#5 C:\xampp\htdocs\ikarisma\vendor\codeigniter4\framework\system\Commands\Server\rewrite.php(43): require_once('C:\\xampp\\htdocs...')
#6 {main}
CRITICAL - 2022-03-09 17:10:06 --> Trying to access array offset on value of type bool
#0 C:\xampp\htdocs\ikarisma\app\Controllers\Admin\User.php(43): CodeIgniter\Debug\Exceptions->errorHandler(8, 'Trying to acces...', 'C:\\xampp\\htdocs...', 43, Array)
#1 C:\xampp\htdocs\ikarisma\vendor\codeigniter4\framework\system\CodeIgniter.php(825): App\Controllers\Admin\User->index()
#2 C:\xampp\htdocs\ikarisma\vendor\codeigniter4\framework\system\CodeIgniter.php(412): CodeIgniter\CodeIgniter->runController(Object(App\Controllers\Admin\User))
#3 C:\xampp\htdocs\ikarisma\vendor\codeigniter4\framework\system\CodeIgniter.php(320): CodeIgniter\CodeIgniter->handleRequest(NULL, Object(Config\Cache), false)
#4 C:\xampp\htdocs\ikarisma\public\index.php(37): CodeIgniter\CodeIgniter->run()
#5 C:\xampp\htdocs\ikarisma\vendor\codeigniter4\framework\system\Commands\Server\rewrite.php(43): require_once('C:\\xampp\\htdocs...')
#6 {main}
CRITICAL - 2022-03-09 17:10:38 --> Trying to access array offset on value of type bool
#0 C:\xampp\htdocs\ikarisma\app\Controllers\Admin\User.php(43): CodeIgniter\Debug\Exceptions->errorHandler(8, 'Trying to acces...', 'C:\\xampp\\htdocs...', 43, Array)
#1 C:\xampp\htdocs\ikarisma\vendor\codeigniter4\framework\system\CodeIgniter.php(825): App\Controllers\Admin\User->index()
#2 C:\xampp\htdocs\ikarisma\vendor\codeigniter4\framework\system\CodeIgniter.php(412): CodeIgniter\CodeIgniter->runController(Object(App\Controllers\Admin\User))
#3 C:\xampp\htdocs\ikarisma\vendor\codeigniter4\framework\system\CodeIgniter.php(320): CodeIgniter\CodeIgniter->handleRequest(NULL, Object(Config\Cache), false)
#4 C:\xampp\htdocs\ikarisma\public\index.php(37): CodeIgniter\CodeIgniter->run()
#5 C:\xampp\htdocs\ikarisma\vendor\codeigniter4\framework\system\Commands\Server\rewrite.php(43): require_once('C:\\xampp\\htdocs...')
#6 {main}
